{
"contracts/CDSTemplate.sol":{"l":{"61":2,"65":2,"69":6,"91":2,"100":2,"102":2,"103":2,"104":2,"106":2,"108":2,"109":2,"110":2,"112":2,"124":33,"125":32,"127":32,"128":32,"129":32,"130":32,"132":32,"133":32,"136":32,"137":16,"139":0,"141":16,"144":32,"147":32,"155":8,"156":8,"157":8,"158":8,"159":8,"160":8,"170":6,"171":6,"172":6,"176":5,"183":5,"187":4,"189":3,"192":3,"195":3,"196":3,"208":2,"209":2,"210":2,"212":1,"214":1,"216":1,"218":1,"220":1,"221":1,"222":1,"224":2,"237":54,"245":11,"246":11,"248":0,"258":0,"259":0,"260":0,"262":0,"276":1,"277":1,"285":1,"286":1,"287":1,"306":37,"308":37,"309":5,"310":4,"311":0},"path":"/Users/oishun/InsureDAO/pool-contracts/contracts/CDSTemplate.sol","s":{"1":2,"2":6,"3":2,"4":2,"5":2,"6":2,"7":2,"8":2,"9":2,"10":2,"11":2,"12":2,"13":33,"14":32,"15":32,"16":32,"17":32,"18":32,"19":32,"20":32,"21":32,"22":16,"23":16,"24":0,"25":16,"26":32,"27":32,"28":8,"29":8,"30":8,"31":8,"32":8,"33":8,"34":6,"35":6,"36":6,"37":5,"38":5,"39":4,"40":3,"41":3,"42":3,"43":3,"44":2,"45":2,"46":2,"47":1,"48":1,"49":1,"50":1,"51":1,"52":1,"53":1,"54":2,"55":54,"56":11,"57":11,"58":0,"59":0,"60":0,"61":0,"62":0,"63":1,"64":1,"65":1,"66":1,"67":1,"68":37,"69":37,"70":5,"71":4,"72":0},"b":{"1":[2,0],"2":[2,0],"3":[32,1],"4":[32,0],"5":[16,16],"6":[0,16],"7":[8,0],"8":[8,0],"9":[6,0],"10":[5,1],"11":[5,0],"12":[4,1],"13":[3,1],"14":[2,0],"15":[1,1],"16":[11,0],"17":[0,0],"18":[1,0],"19":[5,32],"20":[0,4]},"f":{"1":2,"2":6,"3":2,"4":33,"5":8,"6":6,"7":2,"8":54,"9":11,"10":0,"11":1,"12":1,"13":37},"fnMap":{"1":{"name":"onlyOwner","line":60,"loc":{"start":{"line":60,"column":4},"end":{"line":66,"column":4}}},"2":{"name":"constructor","line":68,"loc":{"start":{"line":68,"column":4},"end":{"line":70,"column":4}}},"3":{"name":"initialize","line":86,"loc":{"start":{"line":86,"column":4},"end":{"line":113,"column":4}}},"4":{"name":"deposit","line":123,"loc":{"start":{"line":123,"column":4},"end":{"line":148,"column":4}}},"5":{"name":"requestWithdraw","line":154,"loc":{"start":{"line":154,"column":4},"end":{"line":161,"column":4}}},"6":{"name":"withdraw","line":168,"loc":{"start":{"line":168,"column":4},"end":{"line":197,"column":4}}},"7":{"name":"compensate","line":207,"loc":{"start":{"line":207,"column":4},"end":{"line":225,"column":4}}},"8":{"name":"totalLiquidity","line":236,"loc":{"start":{"line":236,"column":4},"end":{"line":238,"column":4}}},"9":{"name":"rate","line":244,"loc":{"start":{"line":244,"column":4},"end":{"line":250,"column":4}}},"10":{"name":"valueOfUnderlying","line":257,"loc":{"start":{"line":257,"column":4},"end":{"line":265,"column":4}}},"11":{"name":"changeMetadata","line":275,"loc":{"start":{"line":275,"column":4},"end":{"line":278,"column":4}}},"12":{"name":"setPaused","line":284,"loc":{"start":{"line":284,"column":4},"end":{"line":289,"column":4}}},"13":{"name":"_beforeTokenTransfer","line":301,"loc":{"start":{"line":301,"column":4},"end":{"line":315,"column":4}}}},"statementMap":{"1":{"start":{"line":61,"column":8},"end":{"line":61,"column":1557}},"2":{"start":{"line":69,"column":8},"end":{"line":69,"column":25}},"3":{"start":{"line":91,"column":8},"end":{"line":91,"column":2342}},"4":{"start":{"line":100,"column":8},"end":{"line":100,"column":25}},"5":{"start":{"line":102,"column":8},"end":{"line":102,"column":44}},"6":{"start":{"line":103,"column":8},"end":{"line":103,"column":37}},"7":{"start":{"line":104,"column":8},"end":{"line":104,"column":66}},"8":{"start":{"line":106,"column":8},"end":{"line":106,"column":46}},"9":{"start":{"line":108,"column":8},"end":{"line":108,"column":47}},"10":{"start":{"line":109,"column":8},"end":{"line":109,"column":58}},"11":{"start":{"line":110,"column":8},"end":{"line":110,"column":43}},"12":{"start":{"line":112,"column":8},"end":{"line":112,"column":27}},"13":{"start":{"line":124,"column":8},"end":{"line":124,"column":58}},"14":{"start":{"line":125,"column":8},"end":{"line":125,"column":50}},"15":{"start":{"line":127,"column":8},"end":{"line":127,"column":68}},"16":{"start":{"line":128,"column":8},"end":{"line":128,"column":37}},"17":{"start":{"line":129,"column":8},"end":{"line":129,"column":39}},"18":{"start":{"line":130,"column":8},"end":{"line":130,"column":50}},"19":{"start":{"line":132,"column":8},"end":{"line":132,"column":54}},"20":{"start":{"line":133,"column":8},"end":{"line":133,"column":62}},"21":{"start":{"line":136,"column":8},"end":{"line":136,"column":3852}},"22":{"start":{"line":137,"column":12},"end":{"line":137,"column":57}},"23":{"start":{"line":138,"column":15},"end":{"line":138,"column":3969}},"24":{"start":{"line":139,"column":12},"end":{"line":139,"column":39}},"25":{"start":{"line":141,"column":12},"end":{"line":141,"column":29}},"26":{"start":{"line":144,"column":8},"end":{"line":144,"column":54}},"27":{"start":{"line":147,"column":8},"end":{"line":147,"column":37}},"28":{"start":{"line":155,"column":8},"end":{"line":155,"column":48}},"29":{"start":{"line":156,"column":8},"end":{"line":156,"column":68}},"30":{"start":{"line":157,"column":8},"end":{"line":157,"column":50}},"31":{"start":{"line":158,"column":8},"end":{"line":158,"column":60}},"32":{"start":{"line":159,"column":8},"end":{"line":159,"column":49}},"33":{"start":{"line":160,"column":8},"end":{"line":160,"column":68}},"34":{"start":{"line":170,"column":8},"end":{"line":170,"column":79}},"35":{"start":{"line":171,"column":8},"end":{"line":171,"column":60}},"36":{"start":{"line":172,"column":8},"end":{"line":172,"column":5270}},"37":{"start":{"line":176,"column":8},"end":{"line":176,"column":5438}},"38":{"start":{"line":183,"column":8},"end":{"line":183,"column":5698}},"39":{"start":{"line":187,"column":8},"end":{"line":187,"column":53}},"40":{"start":{"line":189,"column":8},"end":{"line":189,"column":50}},"41":{"start":{"line":192,"column":8},"end":{"line":192,"column":33}},"42":{"start":{"line":195,"column":8},"end":{"line":195,"column":47}},"43":{"start":{"line":196,"column":8},"end":{"line":196,"column":51}},"44":{"start":{"line":208,"column":8},"end":{"line":208,"column":45}},"45":{"start":{"line":209,"column":8},"end":{"line":209,"column":65}},"46":{"start":{"line":210,"column":8},"end":{"line":210,"column":6561}},"47":{"start":{"line":212,"column":12},"end":{"line":212,"column":51}},"48":{"start":{"line":214,"column":12},"end":{"line":214,"column":52}},"49":{"start":{"line":216,"column":12},"end":{"line":216,"column":54}},"50":{"start":{"line":218,"column":12},"end":{"line":218,"column":42}},"51":{"start":{"line":220,"column":12},"end":{"line":220,"column":76}},"52":{"start":{"line":221,"column":12},"end":{"line":221,"column":60}},"53":{"start":{"line":222,"column":12},"end":{"line":222,"column":63}},"54":{"start":{"line":224,"column":8},"end":{"line":224,"column":45}},"55":{"start":{"line":237,"column":8},"end":{"line":237,"column":51}},"56":{"start":{"line":245,"column":8},"end":{"line":245,"column":7834}},"57":{"start":{"line":246,"column":12},"end":{"line":246,"column":58}},"58":{"start":{"line":248,"column":12},"end":{"line":248,"column":20}},"59":{"start":{"line":258,"column":8},"end":{"line":258,"column":44}},"60":{"start":{"line":259,"column":8},"end":{"line":259,"column":8311}},"61":{"start":{"line":260,"column":12},"end":{"line":260,"column":20}},"62":{"start":{"line":262,"column":12},"end":{"line":262,"column":8456}},"63":{"start":{"line":276,"column":8},"end":{"line":276,"column":27}},"64":{"start":{"line":277,"column":8},"end":{"line":277,"column":39}},"65":{"start":{"line":285,"column":8},"end":{"line":285,"column":8974}},"66":{"start":{"line":286,"column":12},"end":{"line":286,"column":26}},"67":{"start":{"line":287,"column":12},"end":{"line":287,"column":31}},"68":{"start":{"line":306,"column":8},"end":{"line":306,"column":51}},"69":{"start":{"line":308,"column":8},"end":{"line":308,"column":9522}},"70":{"start":{"line":309,"column":12},"end":{"line":309,"column":53}},"71":{"start":{"line":310,"column":12},"end":{"line":310,"column":9617}},"72":{"start":{"line":311,"column":16},"end":{"line":311,"column":50}}},"branchMap":{"1":{"line":61,"type":"if","locations":[{"start":{"line":61,"column":8},"end":{"line":61,"column":8}},{"start":{"line":61,"column":8},"end":{"line":61,"column":8}}]},"2":{"line":91,"type":"if","locations":[{"start":{"line":91,"column":8},"end":{"line":91,"column":8}},{"start":{"line":91,"column":8},"end":{"line":91,"column":8}}]},"3":{"line":124,"type":"if","locations":[{"start":{"line":124,"column":8},"end":{"line":124,"column":8}},{"start":{"line":124,"column":8},"end":{"line":124,"column":8}}]},"4":{"line":125,"type":"if","locations":[{"start":{"line":125,"column":8},"end":{"line":125,"column":8}},{"start":{"line":125,"column":8},"end":{"line":125,"column":8}}]},"5":{"line":136,"type":"if","locations":[{"start":{"line":136,"column":8},"end":{"line":136,"column":8}},{"start":{"line":136,"column":8},"end":{"line":136,"column":8}}]},"6":{"line":138,"type":"if","locations":[{"start":{"line":138,"column":15},"end":{"line":138,"column":15}},{"start":{"line":138,"column":15},"end":{"line":138,"column":15}}]},"7":{"line":156,"type":"if","locations":[{"start":{"line":156,"column":8},"end":{"line":156,"column":8}},{"start":{"line":156,"column":8},"end":{"line":156,"column":8}}]},"8":{"line":157,"type":"if","locations":[{"start":{"line":157,"column":8},"end":{"line":157,"column":8}},{"start":{"line":157,"column":8},"end":{"line":157,"column":8}}]},"9":{"line":171,"type":"if","locations":[{"start":{"line":171,"column":8},"end":{"line":171,"column":8}},{"start":{"line":171,"column":8},"end":{"line":171,"column":8}}]},"10":{"line":172,"type":"if","locations":[{"start":{"line":172,"column":8},"end":{"line":172,"column":8}},{"start":{"line":172,"column":8},"end":{"line":172,"column":8}}]},"11":{"line":176,"type":"if","locations":[{"start":{"line":176,"column":8},"end":{"line":176,"column":8}},{"start":{"line":176,"column":8},"end":{"line":176,"column":8}}]},"12":{"line":183,"type":"if","locations":[{"start":{"line":183,"column":8},"end":{"line":183,"column":8}},{"start":{"line":183,"column":8},"end":{"line":183,"column":8}}]},"13":{"line":187,"type":"if","locations":[{"start":{"line":187,"column":8},"end":{"line":187,"column":8}},{"start":{"line":187,"column":8},"end":{"line":187,"column":8}}]},"14":{"line":208,"type":"if","locations":[{"start":{"line":208,"column":8},"end":{"line":208,"column":8}},{"start":{"line":208,"column":8},"end":{"line":208,"column":8}}]},"15":{"line":210,"type":"if","locations":[{"start":{"line":210,"column":8},"end":{"line":210,"column":8}},{"start":{"line":210,"column":8},"end":{"line":210,"column":8}}]},"16":{"line":245,"type":"if","locations":[{"start":{"line":245,"column":8},"end":{"line":245,"column":8}},{"start":{"line":245,"column":8},"end":{"line":245,"column":8}}]},"17":{"line":259,"type":"if","locations":[{"start":{"line":259,"column":8},"end":{"line":259,"column":8}},{"start":{"line":259,"column":8},"end":{"line":259,"column":8}}]},"18":{"line":285,"type":"if","locations":[{"start":{"line":285,"column":8},"end":{"line":285,"column":8}},{"start":{"line":285,"column":8},"end":{"line":285,"column":8}}]},"19":{"line":308,"type":"if","locations":[{"start":{"line":308,"column":8},"end":{"line":308,"column":8}},{"start":{"line":308,"column":8},"end":{"line":308,"column":8}}]},"20":{"line":310,"type":"if","locations":[{"start":{"line":310,"column":12},"end":{"line":310,"column":12}},{"start":{"line":310,"column":12},"end":{"line":310,"column":12}}]}}},
"contracts/Factory.sol":{"l":{"77":38,"78":38,"82":12,"83":12,"100":10,"101":10,"102":10,"103":10,"104":10,"121":28,"122":28,"123":28,"138":0,"139":0,"140":0,"158":17,"162":17,"163":0,"165":17,"166":17,"167":64,"175":17,"176":17,"177":30,"178":0,"183":17,"187":17,"189":17,"196":17,"197":17,"199":17,"205":6,"207":11,"208":1,"212":16,"221":17,"222":17},"path":"/Users/oishun/InsureDAO/pool-contracts/contracts/Factory.sol","s":{"1":38,"2":12,"3":12,"4":10,"5":10,"6":10,"7":10,"8":10,"9":28,"10":28,"11":28,"12":0,"13":0,"14":0,"15":17,"16":17,"17":0,"18":17,"19":17,"20":64,"21":17,"22":17,"23":30,"24":0,"25":17,"26":17,"27":17,"28":17,"29":17,"30":17,"31":6,"32":11,"33":1,"34":16,"35":17},"b":{"1":[38,0],"2":[10,0],"3":[28,0],"4":[0,0],"5":[17,0],"6":[0,17],"7":[0,0],"8":[17,0],"9":[64,0],"10":[17,0],"11":[0,30],"12":[6,11],"13":[1,10]},"f":{"1":38,"2":12,"3":10,"4":28,"5":0,"6":17,"7":17},"fnMap":{"1":{"name":"onlyOwner","line":76,"loc":{"start":{"line":76,"column":4},"end":{"line":79,"column":4}}},"2":{"name":"constructor","line":81,"loc":{"start":{"line":81,"column":4},"end":{"line":84,"column":4}}},"3":{"name":"approveTemplate","line":99,"loc":{"start":{"line":94,"column":4},"end":{"line":105,"column":4}}},"4":{"name":"approveReference","line":120,"loc":{"start":{"line":115,"column":4},"end":{"line":124,"column":4}}},"5":{"name":"setCondition","line":137,"loc":{"start":{"line":133,"column":4},"end":{"line":141,"column":4}}},"6":{"name":"createMarket","line":152,"loc":{"start":{"line":152,"column":4},"end":{"line":213,"column":4}}},"7":{"name":"_createClone","line":219,"loc":{"start":{"line":219,"column":4},"end":{"line":240,"column":4}}}},"statementMap":{"1":{"start":{"line":77,"column":8},"end":{"line":77,"column":95}},"2":{"start":{"line":82,"column":8},"end":{"line":82,"column":27}},"3":{"start":{"line":83,"column":8},"end":{"line":83,"column":41}},"4":{"start":{"line":100,"column":8},"end":{"line":100,"column":48}},"5":{"start":{"line":101,"column":8},"end":{"line":101,"column":57}},"6":{"start":{"line":102,"column":8},"end":{"line":102,"column":55}},"7":{"start":{"line":103,"column":8},"end":{"line":103,"column":64}},"8":{"start":{"line":104,"column":8},"end":{"line":104,"column":72}},"9":{"start":{"line":121,"column":8},"end":{"line":121,"column":62}},"10":{"start":{"line":122,"column":8},"end":{"line":122,"column":62}},"11":{"start":{"line":123,"column":8},"end":{"line":123,"column":68}},"12":{"start":{"line":138,"column":8},"end":{"line":138,"column":62}},"13":{"start":{"line":139,"column":8},"end":{"line":139,"column":57}},"14":{"start":{"line":140,"column":8},"end":{"line":140,"column":57}},"15":{"start":{"line":158,"column":8},"end":{"line":158,"column":5500}},"16":{"start":{"line":162,"column":8},"end":{"line":162,"column":5624}},"17":{"start":{"line":163,"column":12},"end":{"line":163,"column":74}},"18":{"start":{"line":165,"column":8},"end":{"line":165,"column":5772}},"19":{"start":{"line":166,"column":12},"end":{"line":166,"column":5818}},"20":{"start":{"line":167,"column":16},"end":{"line":167,"column":5889}},"21":{"start":{"line":175,"column":8},"end":{"line":175,"column":6141}},"22":{"start":{"line":176,"column":12},"end":{"line":176,"column":6187}},"23":{"start":{"line":177,"column":16},"end":{"line":177,"column":6258}},"24":{"start":{"line":178,"column":20},"end":{"line":178,"column":72}},"25":{"start":{"line":183,"column":8},"end":{"line":183,"column":6425}},"26":{"start":{"line":187,"column":8},"end":{"line":187,"column":61}},"27":{"start":{"line":189,"column":8},"end":{"line":189,"column":6599}},"28":{"start":{"line":196,"column":8},"end":{"line":196,"column":36}},"29":{"start":{"line":197,"column":8},"end":{"line":197,"column":57}},"30":{"start":{"line":199,"column":8},"end":{"line":199,"column":6870}},"31":{"start":{"line":205,"column":12},"end":{"line":205,"column":75}},"32":{"start":{"line":207,"column":12},"end":{"line":207,"column":7134}},"33":{"start":{"line":208,"column":16},"end":{"line":208,"column":41}},"34":{"start":{"line":212,"column":8},"end":{"line":212,"column":30}},"35":{"start":{"line":221,"column":8},"end":{"line":221,"column":45}}},"branchMap":{"1":{"line":77,"type":"if","locations":[{"start":{"line":77,"column":8},"end":{"line":77,"column":8}},{"start":{"line":77,"column":8},"end":{"line":77,"column":8}}]},"2":{"line":100,"type":"if","locations":[{"start":{"line":100,"column":8},"end":{"line":100,"column":8}},{"start":{"line":100,"column":8},"end":{"line":100,"column":8}}]},"3":{"line":121,"type":"if","locations":[{"start":{"line":121,"column":8},"end":{"line":121,"column":8}},{"start":{"line":121,"column":8},"end":{"line":121,"column":8}}]},"4":{"line":138,"type":"if","locations":[{"start":{"line":138,"column":8},"end":{"line":138,"column":8}},{"start":{"line":138,"column":8},"end":{"line":138,"column":8}}]},"5":{"line":158,"type":"if","locations":[{"start":{"line":158,"column":8},"end":{"line":158,"column":8}},{"start":{"line":158,"column":8},"end":{"line":158,"column":8}}]},"6":{"line":162,"type":"if","locations":[{"start":{"line":162,"column":8},"end":{"line":162,"column":8}},{"start":{"line":162,"column":8},"end":{"line":162,"column":8}}]},"7":{"line":163,"type":"if","locations":[{"start":{"line":163,"column":12},"end":{"line":163,"column":12}},{"start":{"line":163,"column":12},"end":{"line":163,"column":12}}]},"8":{"line":165,"type":"if","locations":[{"start":{"line":165,"column":8},"end":{"line":165,"column":8}},{"start":{"line":165,"column":8},"end":{"line":165,"column":8}}]},"9":{"line":167,"type":"if","locations":[{"start":{"line":167,"column":16},"end":{"line":167,"column":16}},{"start":{"line":167,"column":16},"end":{"line":167,"column":16}}]},"10":{"line":175,"type":"if","locations":[{"start":{"line":175,"column":8},"end":{"line":175,"column":8}},{"start":{"line":175,"column":8},"end":{"line":175,"column":8}}]},"11":{"line":177,"type":"if","locations":[{"start":{"line":177,"column":16},"end":{"line":177,"column":16}},{"start":{"line":177,"column":16},"end":{"line":177,"column":16}}]},"12":{"line":199,"type":"if","locations":[{"start":{"line":199,"column":8},"end":{"line":199,"column":8}},{"start":{"line":199,"column":8},"end":{"line":199,"column":8}}]},"13":{"line":207,"type":"if","locations":[{"start":{"line":207,"column":12},"end":{"line":207,"column":12}},{"start":{"line":207,"column":12},"end":{"line":207,"column":12}}]}}},
"contracts/FeeModel.sol":{"l":{"23":4,"24":4,"28":15,"37":31,"45":4,"46":4},"path":"/Users/oishun/InsureDAO/pool-contracts/contracts/FeeModel.sol","s":{"1":4,"2":15,"3":31,"4":4,"5":4},"b":{"1":[4,0],"2":[4,0]},"f":{"1":4,"2":15,"3":31,"4":4},"fnMap":{"1":{"name":"onlyOwner","line":22,"loc":{"start":{"line":22,"column":4},"end":{"line":25,"column":4}}},"2":{"name":"constructor","line":27,"loc":{"start":{"line":27,"column":4},"end":{"line":29,"column":4}}},"3":{"name":"getFee","line":36,"loc":{"start":{"line":36,"column":4},"end":{"line":38,"column":4}}},"4":{"name":"setFee","line":44,"loc":{"start":{"line":44,"column":4},"end":{"line":47,"column":4}}}},"statementMap":{"1":{"start":{"line":23,"column":8},"end":{"line":23,"column":95}},"2":{"start":{"line":28,"column":8},"end":{"line":28,"column":41}},"3":{"start":{"line":37,"column":8},"end":{"line":37,"column":43}},"4":{"start":{"line":45,"column":8},"end":{"line":45,"column":63}},"5":{"start":{"line":46,"column":8},"end":{"line":46,"column":25}}},"branchMap":{"1":{"line":23,"type":"if","locations":[{"start":{"line":23,"column":8},"end":{"line":23,"column":8}},{"start":{"line":23,"column":8},"end":{"line":23,"column":8}}]},"2":{"line":45,"type":"if","locations":[{"start":{"line":45,"column":8},"end":{"line":45,"column":8}},{"start":{"line":45,"column":8},"end":{"line":45,"column":8}}]}}},
"contracts/IndexTemplate.sol":{"l":{"96":18,"100":18,"104":6,"126":2,"135":2,"137":2,"138":2,"139":2,"141":2,"143":2,"144":2,"145":2,"147":2,"160":45,"161":43,"163":43,"164":43,"165":43,"166":43,"167":43,"168":43,"169":43,"174":43,"176":43,"177":16,"179":0,"181":27,"183":43,"185":43,"186":43,"194":12,"195":12,"196":12,"197":12,"198":12,"199":12,"209":15,"211":15,"212":14,"216":11,"222":11,"226":9,"227":8,"233":7,"235":7,"238":7,"239":7,"241":7,"243":7,"253":42,"254":39,"255":39,"256":89,"257":86,"259":86,"260":39,"262":86,"263":0,"267":39,"268":0,"270":32,"272":7,"280":3,"288":66,"309":73,"310":73,"311":73,"312":73,"314":73,"315":156,"317":156,"319":156,"323":156,"327":156,"332":4,"333":4,"334":4,"335":4,"336":4,"338":152,"343":73,"344":156,"346":152,"348":152,"352":152,"355":152,"357":27,"358":27,"359":27,"361":152,"363":98,"364":98,"365":98,"367":152,"368":27,"386":4,"390":4,"392":2,"396":2,"397":2,"399":2,"401":2,"402":2,"405":2,"407":4,"408":4,"419":3,"420":3,"421":3,"429":5,"430":5,"431":5,"432":5,"434":5,"435":5,"448":80,"449":77,"451":3,"460":411,"468":3,"469":3,"471":0,"481":1,"482":1,"483":0,"485":1,"494":0,"506":1,"507":1,"508":1,"517":1,"518":1,"526":5,"527":5,"528":5,"542":11,"543":11,"548":11,"549":8,"550":8,"552":3,"553":0,"555":0,"557":3,"559":11,"560":9,"562":2,"564":11,"565":11,"566":11,"584":53,"586":53,"587":10,"588":9,"589":1,"600":418,"601":926,"602":900},"path":"/Users/oishun/InsureDAO/pool-contracts/contracts/IndexTemplate.sol","s":{"1":18,"2":6,"3":2,"4":2,"5":2,"6":2,"7":2,"8":2,"9":2,"10":2,"11":2,"12":2,"13":45,"14":43,"15":43,"16":43,"17":43,"18":43,"19":43,"20":43,"21":43,"22":43,"23":43,"24":16,"25":27,"26":0,"27":27,"28":43,"29":43,"30":43,"31":12,"32":12,"33":12,"34":12,"35":12,"36":12,"37":15,"38":15,"39":14,"40":11,"41":11,"42":9,"43":8,"44":7,"45":7,"46":7,"47":7,"48":7,"49":7,"50":42,"51":39,"52":39,"53":89,"54":86,"55":86,"56":39,"57":86,"58":0,"59":39,"60":0,"61":39,"62":32,"63":7,"64":3,"65":66,"66":73,"67":73,"68":73,"69":73,"70":73,"71":156,"72":156,"73":156,"74":156,"75":156,"76":4,"77":4,"78":4,"79":4,"80":4,"81":152,"82":73,"83":156,"84":152,"85":152,"86":152,"87":152,"88":27,"89":27,"90":27,"91":152,"92":98,"93":98,"94":98,"95":152,"96":27,"97":4,"98":4,"99":2,"100":2,"101":2,"102":2,"103":2,"104":2,"105":2,"106":4,"107":4,"108":3,"109":3,"110":3,"111":5,"112":5,"113":5,"114":5,"115":5,"116":5,"117":80,"118":77,"119":3,"120":411,"121":3,"122":3,"123":0,"124":1,"125":1,"126":0,"127":1,"128":0,"129":1,"130":1,"131":1,"132":1,"133":1,"134":5,"135":5,"136":5,"137":11,"138":11,"139":11,"140":8,"141":8,"142":3,"143":0,"144":0,"145":3,"146":11,"147":9,"148":2,"149":11,"150":11,"151":11,"152":53,"153":53,"154":10,"155":9,"156":1,"157":418,"158":926,"159":900},"b":{"1":[18,0],"2":[2,0],"3":[43,2],"4":[43,0],"5":[16,27],"6":[0,27],"7":[12,0],"8":[12,0],"9":[14,1],"10":[11,3],"11":[11,0],"12":[9,2],"13":[8,1],"14":[7,1],"15":[39,3],"16":[86,3],"17":[39,47],"18":[0,86],"19":[0,39],"20":[32,7],"21":[156,0],"22":[4,152],"23":[152,4],"24":[27,125],"25":[98,54],"26":[27,125],"27":[4,0],"28":[2,2],"29":[2,0],"30":[3,0],"31":[5,0],"32":[5,0],"33":[77,3],"34":[3,0],"35":[0,1],"36":[1,0],"37":[11,0],"38":[11,0],"39":[8,3],"40":[8,0],"41":[0,3],"42":[9,2],"43":[10,43],"44":[1,8],"45":[900,26]},"f":{"1":18,"2":6,"3":2,"4":45,"5":12,"6":15,"7":42,"8":66,"9":73,"10":4,"11":3,"12":5,"13":80,"14":411,"15":3,"16":1,"17":0,"18":1,"19":1,"20":5,"21":11,"22":53,"23":418},"fnMap":{"1":{"name":"onlyOwner","line":95,"loc":{"start":{"line":95,"column":4},"end":{"line":101,"column":4}}},"2":{"name":"constructor","line":103,"loc":{"start":{"line":103,"column":4},"end":{"line":105,"column":4}}},"3":{"name":"initialize","line":121,"loc":{"start":{"line":121,"column":4},"end":{"line":148,"column":4}}},"4":{"name":"deposit","line":159,"loc":{"start":{"line":159,"column":4},"end":{"line":187,"column":4}}},"5":{"name":"requestWithdraw","line":193,"loc":{"start":{"line":193,"column":4},"end":{"line":200,"column":4}}},"6":{"name":"withdraw","line":207,"loc":{"start":{"line":207,"column":4},"end":{"line":244,"column":4}}},"7":{"name":"withdrawable","line":252,"loc":{"start":{"line":252,"column":4},"end":{"line":282,"column":4}}},"8":{"name":"adjustAlloc","line":287,"loc":{"start":{"line":287,"column":4},"end":{"line":289,"column":4}}},"9":{"name":"_adjustAlloc","line":307,"loc":{"start":{"line":307,"column":4},"end":{"line":372,"column":4}}},"10":{"name":"compensate","line":385,"loc":{"start":{"line":385,"column":4},"end":{"line":409,"column":4}}},"11":{"name":"resume","line":418,"loc":{"start":{"line":418,"column":4},"end":{"line":422,"column":4}}},"12":{"name":"lock","line":428,"loc":{"start":{"line":428,"column":4},"end":{"line":436,"column":4}}},"13":{"name":"leverage","line":446,"loc":{"start":{"line":446,"column":4},"end":{"line":453,"column":4}}},"14":{"name":"totalLiquidity","line":459,"loc":{"start":{"line":459,"column":4},"end":{"line":461,"column":4}}},"15":{"name":"rate","line":467,"loc":{"start":{"line":467,"column":4},"end":{"line":473,"column":4}}},"16":{"name":"valueOfUnderlying","line":480,"loc":{"start":{"line":480,"column":4},"end":{"line":487,"column":4}}},"17":{"name":"getAllPools","line":493,"loc":{"start":{"line":493,"column":4},"end":{"line":495,"column":4}}},"18":{"name":"setPaused","line":505,"loc":{"start":{"line":505,"column":4},"end":{"line":510,"column":4}}},"19":{"name":"changeMetadata","line":516,"loc":{"start":{"line":516,"column":4},"end":{"line":519,"column":4}}},"20":{"name":"setLeverage","line":525,"loc":{"start":{"line":525,"column":4},"end":{"line":529,"column":4}}},"21":{"name":"set","line":541,"loc":{"start":{"line":537,"column":4},"end":{"line":567,"column":4}}},"22":{"name":"_beforeTokenTransfer","line":579,"loc":{"start":{"line":579,"column":4},"end":{"line":593,"column":4}}},"23":{"name":"_accruedPremiums","line":599,"loc":{"start":{"line":599,"column":4},"end":{"line":605,"column":4}}}},"statementMap":{"1":{"start":{"line":96,"column":8},"end":{"line":96,"column":2868}},"2":{"start":{"line":104,"column":8},"end":{"line":104,"column":25}},"3":{"start":{"line":126,"column":8},"end":{"line":126,"column":3662}},"4":{"start":{"line":135,"column":8},"end":{"line":135,"column":25}},"5":{"start":{"line":137,"column":8},"end":{"line":137,"column":46}},"6":{"start":{"line":138,"column":8},"end":{"line":138,"column":39}},"7":{"start":{"line":139,"column":8},"end":{"line":139,"column":66}},"8":{"start":{"line":141,"column":8},"end":{"line":141,"column":46}},"9":{"start":{"line":143,"column":8},"end":{"line":143,"column":47}},"10":{"start":{"line":144,"column":8},"end":{"line":144,"column":58}},"11":{"start":{"line":145,"column":8},"end":{"line":145,"column":43}},"12":{"start":{"line":147,"column":8},"end":{"line":147,"column":27}},"13":{"start":{"line":160,"column":8},"end":{"line":160,"column":77}},"14":{"start":{"line":161,"column":8},"end":{"line":161,"column":50}},"15":{"start":{"line":163,"column":8},"end":{"line":163,"column":68}},"16":{"start":{"line":164,"column":8},"end":{"line":164,"column":68}},"17":{"start":{"line":165,"column":8},"end":{"line":165,"column":44}},"18":{"start":{"line":166,"column":8},"end":{"line":166,"column":39}},"19":{"start":{"line":167,"column":8},"end":{"line":167,"column":50}},"20":{"start":{"line":168,"column":8},"end":{"line":168,"column":54}},"21":{"start":{"line":169,"column":8},"end":{"line":169,"column":5218}},"22":{"start":{"line":174,"column":8},"end":{"line":174,"column":62}},"23":{"start":{"line":176,"column":8},"end":{"line":176,"column":5413}},"24":{"start":{"line":177,"column":12},"end":{"line":177,"column":57}},"25":{"start":{"line":178,"column":15},"end":{"line":178,"column":5530}},"26":{"start":{"line":179,"column":12},"end":{"line":179,"column":39}},"27":{"start":{"line":181,"column":12},"end":{"line":181,"column":29}},"28":{"start":{"line":183,"column":8},"end":{"line":183,"column":54}},"29":{"start":{"line":185,"column":8},"end":{"line":185,"column":37}},"30":{"start":{"line":186,"column":8},"end":{"line":186,"column":20}},"31":{"start":{"line":194,"column":8},"end":{"line":194,"column":48}},"32":{"start":{"line":195,"column":8},"end":{"line":195,"column":68}},"33":{"start":{"line":196,"column":8},"end":{"line":196,"column":50}},"34":{"start":{"line":197,"column":8},"end":{"line":197,"column":60}},"35":{"start":{"line":198,"column":8},"end":{"line":198,"column":49}},"36":{"start":{"line":199,"column":8},"end":{"line":199,"column":68}},"37":{"start":{"line":209,"column":8},"end":{"line":209,"column":59}},"38":{"start":{"line":211,"column":8},"end":{"line":211,"column":60}},"39":{"start":{"line":212,"column":8},"end":{"line":212,"column":6835}},"40":{"start":{"line":216,"column":8},"end":{"line":216,"column":7003}},"41":{"start":{"line":222,"column":8},"end":{"line":222,"column":7256}},"42":{"start":{"line":226,"column":8},"end":{"line":226,"column":53}},"43":{"start":{"line":227,"column":8},"end":{"line":227,"column":7446}},"44":{"start":{"line":233,"column":8},"end":{"line":233,"column":84}},"45":{"start":{"line":235,"column":8},"end":{"line":235,"column":33}},"46":{"start":{"line":238,"column":8},"end":{"line":238,"column":60}},"47":{"start":{"line":239,"column":8},"end":{"line":239,"column":36}},"48":{"start":{"line":241,"column":8},"end":{"line":241,"column":47}},"49":{"start":{"line":243,"column":8},"end":{"line":243,"column":51}},"50":{"start":{"line":253,"column":8},"end":{"line":253,"column":8443}},"51":{"start":{"line":254,"column":12},"end":{"line":254,"column":27}},"52":{"start":{"line":255,"column":12},"end":{"line":255,"column":8516}},"53":{"start":{"line":256,"column":16},"end":{"line":256,"column":8584}},"54":{"start":{"line":257,"column":20},"end":{"line":257,"column":8666}},"55":{"start":{"line":259,"column":20},"end":{"line":259,"column":8758}},"56":{"start":{"line":260,"column":24},"end":{"line":260,"column":45}},"57":{"start":{"line":262,"column":20},"end":{"line":262,"column":8862}},"58":{"start":{"line":263,"column":24},"end":{"line":263,"column":45}},"59":{"start":{"line":267,"column":12},"end":{"line":267,"column":8998}},"60":{"start":{"line":268,"column":16},"end":{"line":268,"column":26}},"61":{"start":{"line":269,"column":19},"end":{"line":269,"column":9076}},"62":{"start":{"line":270,"column":16},"end":{"line":270,"column":41}},"63":{"start":{"line":272,"column":16},"end":{"line":272,"column":9204}},"64":{"start":{"line":280,"column":12},"end":{"line":280,"column":22}},"65":{"start":{"line":288,"column":8},"end":{"line":288,"column":37}},"66":{"start":{"line":309,"column":8},"end":{"line":309,"column":77}},"67":{"start":{"line":310,"column":8},"end":{"line":310,"column":67}},"68":{"start":{"line":311,"column":8},"end":{"line":311,"column":44}},"69":{"start":{"line":312,"column":8},"end":{"line":312,"column":52}},"70":{"start":{"line":314,"column":8},"end":{"line":314,"column":11098}},"71":{"start":{"line":315,"column":12},"end":{"line":315,"column":11162}},"72":{"start":{"line":317,"column":16},"end":{"line":317,"column":92}},"73":{"start":{"line":319,"column":16},"end":{"line":319,"column":11425}},"74":{"start":{"line":323,"column":16},"end":{"line":323,"column":11644}},"75":{"start":{"line":327,"column":16},"end":{"line":327,"column":11849}},"76":{"start":{"line":332,"column":20},"end":{"line":332,"column":72}},"77":{"start":{"line":333,"column":20},"end":{"line":333,"column":75}},"78":{"start":{"line":334,"column":20},"end":{"line":334,"column":44}},"79":{"start":{"line":335,"column":20},"end":{"line":335,"column":56}},"80":{"start":{"line":336,"column":20},"end":{"line":336,"column":65}},"81":{"start":{"line":338,"column":20},"end":{"line":338,"column":45}},"82":{"start":{"line":343,"column":8},"end":{"line":343,"column":12605}},"83":{"start":{"line":344,"column":12},"end":{"line":344,"column":12670}},"84":{"start":{"line":346,"column":16},"end":{"line":346,"column":94}},"85":{"start":{"line":348,"column":16},"end":{"line":348,"column":12936}},"86":{"start":{"line":352,"column":16},"end":{"line":352,"column":13155}},"87":{"start":{"line":355,"column":16},"end":{"line":355,"column":13282}},"88":{"start":{"line":357,"column":20},"end":{"line":357,"column":58}},"89":{"start":{"line":358,"column":20},"end":{"line":358,"column":71}},"90":{"start":{"line":359,"column":20},"end":{"line":359,"column":74}},"91":{"start":{"line":361,"column":16},"end":{"line":361,"column":13657}},"92":{"start":{"line":363,"column":20},"end":{"line":363,"column":58}},"93":{"start":{"line":364,"column":20},"end":{"line":364,"column":71}},"94":{"start":{"line":365,"column":20},"end":{"line":365,"column":74}},"95":{"start":{"line":367,"column":16},"end":{"line":367,"column":13985}},"96":{"start":{"line":368,"column":20},"end":{"line":368,"column":63}},"97":{"start":{"line":386,"column":8},"end":{"line":386,"column":14627}},"98":{"start":{"line":390,"column":8},"end":{"line":390,"column":14747}},"99":{"start":{"line":392,"column":12},"end":{"line":392,"column":51}},"100":{"start":{"line":396,"column":12},"end":{"line":396,"column":15111}},"101":{"start":{"line":397,"column":16},"end":{"line":397,"column":59}},"102":{"start":{"line":399,"column":12},"end":{"line":399,"column":15247}},"103":{"start":{"line":401,"column":16},"end":{"line":401,"column":62}},"104":{"start":{"line":402,"column":16},"end":{"line":402,"column":73}},"105":{"start":{"line":405,"column":12},"end":{"line":405,"column":51}},"106":{"start":{"line":407,"column":8},"end":{"line":407,"column":20}},"107":{"start":{"line":408,"column":8},"end":{"line":408,"column":45}},"108":{"start":{"line":419,"column":8},"end":{"line":419,"column":45}},"109":{"start":{"line":420,"column":8},"end":{"line":420,"column":21}},"110":{"start":{"line":421,"column":8},"end":{"line":421,"column":22}},"111":{"start":{"line":429,"column":8},"end":{"line":429,"column":43}},"112":{"start":{"line":430,"column":8},"end":{"line":430,"column":53}},"113":{"start":{"line":431,"column":8},"end":{"line":431,"column":16124}},"114":{"start":{"line":432,"column":12},"end":{"line":432,"column":50}},"115":{"start":{"line":434,"column":8},"end":{"line":434,"column":20}},"116":{"start":{"line":435,"column":8},"end":{"line":435,"column":21}},"117":{"start":{"line":448,"column":8},"end":{"line":448,"column":16512}},"118":{"start":{"line":449,"column":12},"end":{"line":449,"column":81}},"119":{"start":{"line":451,"column":12},"end":{"line":451,"column":20}},"120":{"start":{"line":460,"column":8},"end":{"line":460,"column":72}},"121":{"start":{"line":468,"column":8},"end":{"line":468,"column":17208}},"122":{"start":{"line":469,"column":12},"end":{"line":469,"column":58}},"123":{"start":{"line":471,"column":12},"end":{"line":471,"column":20}},"124":{"start":{"line":481,"column":8},"end":{"line":481,"column":44}},"125":{"start":{"line":482,"column":8},"end":{"line":482,"column":17685}},"126":{"start":{"line":483,"column":12},"end":{"line":483,"column":20}},"127":{"start":{"line":485,"column":12},"end":{"line":485,"column":62}},"128":{"start":{"line":494,"column":8},"end":{"line":494,"column":23}},"129":{"start":{"line":506,"column":8},"end":{"line":506,"column":18251}},"130":{"start":{"line":507,"column":12},"end":{"line":507,"column":26}},"131":{"start":{"line":508,"column":12},"end":{"line":508,"column":31}},"132":{"start":{"line":517,"column":8},"end":{"line":517,"column":27}},"133":{"start":{"line":518,"column":8},"end":{"line":518,"column":39}},"134":{"start":{"line":526,"column":8},"end":{"line":526,"column":26}},"135":{"start":{"line":527,"column":8},"end":{"line":527,"column":20}},"136":{"start":{"line":528,"column":8},"end":{"line":528,"column":33}},"137":{"start":{"line":542,"column":8},"end":{"line":542,"column":67}},"138":{"start":{"line":543,"column":8},"end":{"line":543,"column":19294}},"139":{"start":{"line":548,"column":8},"end":{"line":548,"column":19471}},"140":{"start":{"line":549,"column":12},"end":{"line":549,"column":65}},"141":{"start":{"line":550,"column":12},"end":{"line":550,"column":31}},"142":{"start":{"line":552,"column":12},"end":{"line":552,"column":19639}},"143":{"start":{"line":553,"column":16},"end":{"line":553,"column":19761}},"144":{"start":{"line":555,"column":16},"end":{"line":555,"column":71}},"145":{"start":{"line":557,"column":12},"end":{"line":557,"column":35}},"146":{"start":{"line":559,"column":8},"end":{"line":559,"column":19966}},"147":{"start":{"line":560,"column":12},"end":{"line":560,"column":79}},"148":{"start":{"line":562,"column":12},"end":{"line":562,"column":40}},"149":{"start":{"line":564,"column":8},"end":{"line":564,"column":39}},"150":{"start":{"line":565,"column":8},"end":{"line":565,"column":20}},"151":{"start":{"line":566,"column":8},"end":{"line":566,"column":54}},"152":{"start":{"line":584,"column":8},"end":{"line":584,"column":51}},"153":{"start":{"line":586,"column":8},"end":{"line":586,"column":20718}},"154":{"start":{"line":587,"column":12},"end":{"line":587,"column":53}},"155":{"start":{"line":588,"column":12},"end":{"line":588,"column":20813}},"156":{"start":{"line":589,"column":16},"end":{"line":589,"column":50}},"157":{"start":{"line":600,"column":8},"end":{"line":600,"column":21187}},"158":{"start":{"line":601,"column":12},"end":{"line":601,"column":21251}},"159":{"start":{"line":602,"column":16},"end":{"line":602,"column":99}}},"branchMap":{"1":{"line":96,"type":"if","locations":[{"start":{"line":96,"column":8},"end":{"line":96,"column":8}},{"start":{"line":96,"column":8},"end":{"line":96,"column":8}}]},"2":{"line":126,"type":"if","locations":[{"start":{"line":126,"column":8},"end":{"line":126,"column":8}},{"start":{"line":126,"column":8},"end":{"line":126,"column":8}}]},"3":{"line":160,"type":"if","locations":[{"start":{"line":160,"column":8},"end":{"line":160,"column":8}},{"start":{"line":160,"column":8},"end":{"line":160,"column":8}}]},"4":{"line":161,"type":"if","locations":[{"start":{"line":161,"column":8},"end":{"line":161,"column":8}},{"start":{"line":161,"column":8},"end":{"line":161,"column":8}}]},"5":{"line":176,"type":"if","locations":[{"start":{"line":176,"column":8},"end":{"line":176,"column":8}},{"start":{"line":176,"column":8},"end":{"line":176,"column":8}}]},"6":{"line":178,"type":"if","locations":[{"start":{"line":178,"column":15},"end":{"line":178,"column":15}},{"start":{"line":178,"column":15},"end":{"line":178,"column":15}}]},"7":{"line":195,"type":"if","locations":[{"start":{"line":195,"column":8},"end":{"line":195,"column":8}},{"start":{"line":195,"column":8},"end":{"line":195,"column":8}}]},"8":{"line":196,"type":"if","locations":[{"start":{"line":196,"column":8},"end":{"line":196,"column":8}},{"start":{"line":196,"column":8},"end":{"line":196,"column":8}}]},"9":{"line":211,"type":"if","locations":[{"start":{"line":211,"column":8},"end":{"line":211,"column":8}},{"start":{"line":211,"column":8},"end":{"line":211,"column":8}}]},"10":{"line":212,"type":"if","locations":[{"start":{"line":212,"column":8},"end":{"line":212,"column":8}},{"start":{"line":212,"column":8},"end":{"line":212,"column":8}}]},"11":{"line":216,"type":"if","locations":[{"start":{"line":216,"column":8},"end":{"line":216,"column":8}},{"start":{"line":216,"column":8},"end":{"line":216,"column":8}}]},"12":{"line":222,"type":"if","locations":[{"start":{"line":222,"column":8},"end":{"line":222,"column":8}},{"start":{"line":222,"column":8},"end":{"line":222,"column":8}}]},"13":{"line":226,"type":"if","locations":[{"start":{"line":226,"column":8},"end":{"line":226,"column":8}},{"start":{"line":226,"column":8},"end":{"line":226,"column":8}}]},"14":{"line":227,"type":"if","locations":[{"start":{"line":227,"column":8},"end":{"line":227,"column":8}},{"start":{"line":227,"column":8},"end":{"line":227,"column":8}}]},"15":{"line":253,"type":"if","locations":[{"start":{"line":253,"column":8},"end":{"line":253,"column":8}},{"start":{"line":253,"column":8},"end":{"line":253,"column":8}}]},"16":{"line":256,"type":"if","locations":[{"start":{"line":256,"column":16},"end":{"line":256,"column":16}},{"start":{"line":256,"column":16},"end":{"line":256,"column":16}}]},"17":{"line":259,"type":"if","locations":[{"start":{"line":259,"column":20},"end":{"line":259,"column":20}},{"start":{"line":259,"column":20},"end":{"line":259,"column":20}}]},"18":{"line":262,"type":"if","locations":[{"start":{"line":262,"column":20},"end":{"line":262,"column":20}},{"start":{"line":262,"column":20},"end":{"line":262,"column":20}}]},"19":{"line":267,"type":"if","locations":[{"start":{"line":267,"column":12},"end":{"line":267,"column":12}},{"start":{"line":267,"column":12},"end":{"line":267,"column":12}}]},"20":{"line":269,"type":"if","locations":[{"start":{"line":269,"column":19},"end":{"line":269,"column":19}},{"start":{"line":269,"column":19},"end":{"line":269,"column":19}}]},"21":{"line":315,"type":"if","locations":[{"start":{"line":315,"column":12},"end":{"line":315,"column":12}},{"start":{"line":315,"column":12},"end":{"line":315,"column":12}}]},"22":{"line":327,"type":"if","locations":[{"start":{"line":327,"column":16},"end":{"line":327,"column":16}},{"start":{"line":327,"column":16},"end":{"line":327,"column":16}}]},"23":{"line":344,"type":"if","locations":[{"start":{"line":344,"column":12},"end":{"line":344,"column":12}},{"start":{"line":344,"column":12},"end":{"line":344,"column":12}}]},"24":{"line":355,"type":"if","locations":[{"start":{"line":355,"column":16},"end":{"line":355,"column":16}},{"start":{"line":355,"column":16},"end":{"line":355,"column":16}}]},"25":{"line":361,"type":"if","locations":[{"start":{"line":361,"column":16},"end":{"line":361,"column":16}},{"start":{"line":361,"column":16},"end":{"line":361,"column":16}}]},"26":{"line":367,"type":"if","locations":[{"start":{"line":367,"column":16},"end":{"line":367,"column":16}},{"start":{"line":367,"column":16},"end":{"line":367,"column":16}}]},"27":{"line":386,"type":"if","locations":[{"start":{"line":386,"column":8},"end":{"line":386,"column":8}},{"start":{"line":386,"column":8},"end":{"line":386,"column":8}}]},"28":{"line":390,"type":"if","locations":[{"start":{"line":390,"column":8},"end":{"line":390,"column":8}},{"start":{"line":390,"column":8},"end":{"line":390,"column":8}}]},"29":{"line":399,"type":"if","locations":[{"start":{"line":399,"column":12},"end":{"line":399,"column":12}},{"start":{"line":399,"column":12},"end":{"line":399,"column":12}}]},"30":{"line":419,"type":"if","locations":[{"start":{"line":419,"column":8},"end":{"line":419,"column":8}},{"start":{"line":419,"column":8},"end":{"line":419,"column":8}}]},"31":{"line":429,"type":"if","locations":[{"start":{"line":429,"column":8},"end":{"line":429,"column":8}},{"start":{"line":429,"column":8},"end":{"line":429,"column":8}}]},"32":{"line":431,"type":"if","locations":[{"start":{"line":431,"column":8},"end":{"line":431,"column":8}},{"start":{"line":431,"column":8},"end":{"line":431,"column":8}}]},"33":{"line":448,"type":"if","locations":[{"start":{"line":448,"column":8},"end":{"line":448,"column":8}},{"start":{"line":448,"column":8},"end":{"line":448,"column":8}}]},"34":{"line":468,"type":"if","locations":[{"start":{"line":468,"column":8},"end":{"line":468,"column":8}},{"start":{"line":468,"column":8},"end":{"line":468,"column":8}}]},"35":{"line":482,"type":"if","locations":[{"start":{"line":482,"column":8},"end":{"line":482,"column":8}},{"start":{"line":482,"column":8},"end":{"line":482,"column":8}}]},"36":{"line":506,"type":"if","locations":[{"start":{"line":506,"column":8},"end":{"line":506,"column":8}},{"start":{"line":506,"column":8},"end":{"line":506,"column":8}}]},"37":{"line":542,"type":"if","locations":[{"start":{"line":542,"column":8},"end":{"line":542,"column":8}},{"start":{"line":542,"column":8},"end":{"line":542,"column":8}}]},"38":{"line":543,"type":"if","locations":[{"start":{"line":543,"column":8},"end":{"line":543,"column":8}},{"start":{"line":543,"column":8},"end":{"line":543,"column":8}}]},"39":{"line":548,"type":"if","locations":[{"start":{"line":548,"column":8},"end":{"line":548,"column":8}},{"start":{"line":548,"column":8},"end":{"line":548,"column":8}}]},"40":{"line":549,"type":"if","locations":[{"start":{"line":549,"column":12},"end":{"line":549,"column":12}},{"start":{"line":549,"column":12},"end":{"line":549,"column":12}}]},"41":{"line":552,"type":"if","locations":[{"start":{"line":552,"column":12},"end":{"line":552,"column":12}},{"start":{"line":552,"column":12},"end":{"line":552,"column":12}}]},"42":{"line":559,"type":"if","locations":[{"start":{"line":559,"column":8},"end":{"line":559,"column":8}},{"start":{"line":559,"column":8},"end":{"line":559,"column":8}}]},"43":{"line":586,"type":"if","locations":[{"start":{"line":586,"column":8},"end":{"line":586,"column":8}},{"start":{"line":586,"column":8},"end":{"line":586,"column":8}}]},"44":{"line":588,"type":"if","locations":[{"start":{"line":588,"column":12},"end":{"line":588,"column":12}},{"start":{"line":588,"column":12},"end":{"line":588,"column":12}}]},"45":{"line":601,"type":"if","locations":[{"start":{"line":601,"column":12},"end":{"line":601,"column":12}},{"start":{"line":601,"column":12},"end":{"line":601,"column":12}}]}}},
"contracts/InsureDAOERC20.sol":{"l":{"26":17,"27":17,"28":17,"29":17,"30":17,"37":0,"45":0,"62":0,"69":268,"76":99,"88":11,"89":5,"96":12,"107":3,"108":3,"129":0,"131":0,"132":0,"133":0,"137":0,"153":3,"154":3,"172":3,"173":3,"174":3,"178":3,"200":11,"201":11,"203":8,"205":5,"206":5,"207":5,"210":5,"212":5,"214":5,"227":125,"229":125,"231":125,"232":125,"233":125,"235":125,"250":25,"252":25,"254":25,"255":25,"256":25,"259":25,"261":25,"263":25,"284":9,"285":9,"287":9,"288":9},"path":"/Users/oishun/InsureDAO/pool-contracts/contracts/InsureDAOERC20.sol","s":{"1":17,"2":17,"3":17,"4":17,"5":17,"6":0,"7":0,"8":0,"9":268,"10":99,"11":11,"12":5,"13":12,"14":3,"15":3,"16":0,"17":0,"18":0,"19":0,"20":3,"21":3,"22":3,"23":3,"24":3,"25":11,"26":11,"27":8,"28":5,"29":5,"30":5,"31":5,"32":5,"33":125,"34":125,"35":125,"36":125,"37":125,"38":125,"39":25,"40":25,"41":25,"42":25,"43":25,"44":25,"45":25,"46":9,"47":9,"48":9,"49":9},"b":{"1":[0,0],"2":[3,0],"3":[11,0],"4":[8,3],"5":[5,0],"6":[125,0],"7":[25,0],"8":[25,0],"9":[9,0],"10":[9,0]},"f":{"1":24,"2":17,"3":0,"4":0,"5":0,"6":268,"7":99,"8":11,"9":12,"10":3,"11":0,"12":3,"13":3,"14":11,"15":125,"16":25,"17":9,"18":158,"19":155},"fnMap":{"1":{"name":"constructor","line":22,"loc":{"start":{"line":22,"column":4},"end":{"line":23,"column":4}}},"2":{"name":"initializeToken","line":25,"loc":{"start":{"line":25,"column":4},"end":{"line":31,"column":4}}},"3":{"name":"name","line":36,"loc":{"start":{"line":36,"column":4},"end":{"line":38,"column":4}}},"4":{"name":"symbol","line":44,"loc":{"start":{"line":44,"column":4},"end":{"line":46,"column":4}}},"5":{"name":"decimals","line":61,"loc":{"start":{"line":61,"column":4},"end":{"line":63,"column":4}}},"6":{"name":"totalSupply","line":68,"loc":{"start":{"line":68,"column":4},"end":{"line":70,"column":4}}},"7":{"name":"balanceOf","line":75,"loc":{"start":{"line":75,"column":4},"end":{"line":77,"column":4}}},"8":{"name":"transfer","line":87,"loc":{"start":{"line":87,"column":4},"end":{"line":90,"column":4}}},"9":{"name":"allowance","line":95,"loc":{"start":{"line":95,"column":4},"end":{"line":97,"column":4}}},"10":{"name":"approve","line":106,"loc":{"start":{"line":106,"column":4},"end":{"line":109,"column":4}}},"11":{"name":"transferFrom","line":124,"loc":{"start":{"line":124,"column":4},"end":{"line":138,"column":4}}},"12":{"name":"increaseAllowance","line":152,"loc":{"start":{"line":152,"column":4},"end":{"line":155,"column":4}}},"13":{"name":"decreaseAllowance","line":171,"loc":{"start":{"line":171,"column":4},"end":{"line":179,"column":4}}},"14":{"name":"_transfer","line":195,"loc":{"start":{"line":195,"column":4},"end":{"line":215,"column":4}}},"15":{"name":"_mint","line":226,"loc":{"start":{"line":226,"column":4},"end":{"line":236,"column":4}}},"16":{"name":"_burn","line":249,"loc":{"start":{"line":249,"column":4},"end":{"line":264,"column":4}}},"17":{"name":"_approve","line":279,"loc":{"start":{"line":279,"column":4},"end":{"line":289,"column":4}}},"18":{"name":"_beforeTokenTransfer","line":305,"loc":{"start":{"line":305,"column":4},"end":{"line":309,"column":24}}},"19":{"name":"_afterTokenTransfer","line":325,"loc":{"start":{"line":325,"column":4},"end":{"line":329,"column":24}}}},"statementMap":{"1":{"start":{"line":26,"column":8},"end":{"line":26,"column":32}},"2":{"start":{"line":27,"column":8},"end":{"line":27,"column":30}},"3":{"start":{"line":28,"column":8},"end":{"line":28,"column":20}},"4":{"start":{"line":29,"column":8},"end":{"line":29,"column":24}},"5":{"start":{"line":30,"column":8},"end":{"line":30,"column":28}},"6":{"start":{"line":37,"column":8},"end":{"line":37,"column":20}},"7":{"start":{"line":45,"column":8},"end":{"line":45,"column":22}},"8":{"start":{"line":62,"column":8},"end":{"line":62,"column":24}},"9":{"start":{"line":69,"column":8},"end":{"line":69,"column":27}},"10":{"start":{"line":76,"column":8},"end":{"line":76,"column":33}},"11":{"start":{"line":88,"column":8},"end":{"line":88,"column":49}},"12":{"start":{"line":89,"column":8},"end":{"line":89,"column":19}},"13":{"start":{"line":96,"column":8},"end":{"line":96,"column":42}},"14":{"start":{"line":107,"column":8},"end":{"line":107,"column":46}},"15":{"start":{"line":108,"column":8},"end":{"line":108,"column":19}},"16":{"start":{"line":129,"column":8},"end":{"line":129,"column":43}},"17":{"start":{"line":131,"column":8},"end":{"line":131,"column":68}},"18":{"start":{"line":132,"column":8},"end":{"line":132,"column":86}},"19":{"start":{"line":137,"column":8},"end":{"line":137,"column":19}},"20":{"start":{"line":153,"column":8},"end":{"line":153,"column":87}},"21":{"start":{"line":154,"column":8},"end":{"line":154,"column":19}},"22":{"start":{"line":172,"column":8},"end":{"line":172,"column":69}},"23":{"start":{"line":173,"column":8},"end":{"line":173,"column":92}},"24":{"start":{"line":178,"column":8},"end":{"line":178,"column":19}},"25":{"start":{"line":200,"column":8},"end":{"line":200,"column":77}},"26":{"start":{"line":201,"column":8},"end":{"line":201,"column":78}},"27":{"start":{"line":203,"column":8},"end":{"line":203,"column":54}},"28":{"start":{"line":205,"column":8},"end":{"line":205,"column":49}},"29":{"start":{"line":206,"column":8},"end":{"line":206,"column":81}},"30":{"start":{"line":210,"column":8},"end":{"line":210,"column":37}},"31":{"start":{"line":212,"column":8},"end":{"line":212,"column":48}},"32":{"start":{"line":214,"column":8},"end":{"line":214,"column":53}},"33":{"start":{"line":227,"column":8},"end":{"line":227,"column":72}},"34":{"start":{"line":229,"column":8},"end":{"line":229,"column":56}},"35":{"start":{"line":231,"column":8},"end":{"line":231,"column":29}},"36":{"start":{"line":232,"column":8},"end":{"line":232,"column":35}},"37":{"start":{"line":233,"column":8},"end":{"line":233,"column":50}},"38":{"start":{"line":235,"column":8},"end":{"line":235,"column":55}},"39":{"start":{"line":250,"column":8},"end":{"line":250,"column":74}},"40":{"start":{"line":252,"column":8},"end":{"line":252,"column":56}},"41":{"start":{"line":254,"column":8},"end":{"line":254,"column":51}},"42":{"start":{"line":255,"column":8},"end":{"line":255,"column":78}},"43":{"start":{"line":259,"column":8},"end":{"line":259,"column":29}},"44":{"start":{"line":261,"column":8},"end":{"line":261,"column":50}},"45":{"start":{"line":263,"column":8},"end":{"line":263,"column":55}},"46":{"start":{"line":284,"column":8},"end":{"line":284,"column":75}},"47":{"start":{"line":285,"column":8},"end":{"line":285,"column":75}},"48":{"start":{"line":287,"column":8},"end":{"line":287,"column":43}},"49":{"start":{"line":288,"column":8},"end":{"line":288,"column":45}}},"branchMap":{"1":{"line":132,"type":"if","locations":[{"start":{"line":132,"column":8},"end":{"line":132,"column":8}},{"start":{"line":132,"column":8},"end":{"line":132,"column":8}}]},"2":{"line":173,"type":"if","locations":[{"start":{"line":173,"column":8},"end":{"line":173,"column":8}},{"start":{"line":173,"column":8},"end":{"line":173,"column":8}}]},"3":{"line":200,"type":"if","locations":[{"start":{"line":200,"column":8},"end":{"line":200,"column":8}},{"start":{"line":200,"column":8},"end":{"line":200,"column":8}}]},"4":{"line":201,"type":"if","locations":[{"start":{"line":201,"column":8},"end":{"line":201,"column":8}},{"start":{"line":201,"column":8},"end":{"line":201,"column":8}}]},"5":{"line":206,"type":"if","locations":[{"start":{"line":206,"column":8},"end":{"line":206,"column":8}},{"start":{"line":206,"column":8},"end":{"line":206,"column":8}}]},"6":{"line":227,"type":"if","locations":[{"start":{"line":227,"column":8},"end":{"line":227,"column":8}},{"start":{"line":227,"column":8},"end":{"line":227,"column":8}}]},"7":{"line":250,"type":"if","locations":[{"start":{"line":250,"column":8},"end":{"line":250,"column":8}},{"start":{"line":250,"column":8},"end":{"line":250,"column":8}}]},"8":{"line":255,"type":"if","locations":[{"start":{"line":255,"column":8},"end":{"line":255,"column":8}},{"start":{"line":255,"column":8},"end":{"line":255,"column":8}}]},"9":{"line":284,"type":"if","locations":[{"start":{"line":284,"column":8},"end":{"line":284,"column":8}},{"start":{"line":284,"column":8},"end":{"line":284,"column":8}}]},"10":{"line":285,"type":"if","locations":[{"start":{"line":285,"column":8},"end":{"line":285,"column":8}},{"start":{"line":285,"column":8},"end":{"line":285,"column":8}}]}}},
"contracts/Ownership.sol":{"l":{"18":0,"19":0,"26":0,"30":0,"38":0,"39":0,"43":0,"44":0,"53":0,"54":0,"61":0,"62":0},"path":"/Users/oishun/InsureDAO/pool-contracts/contracts/Ownership.sol","s":{"1":0,"2":0,"3":0,"4":0,"5":0,"6":0,"7":0,"8":0,"9":0,"10":0},"b":{"1":[0,0],"2":[0,0]},"f":{"1":0,"2":0,"3":0,"4":0,"5":0,"6":0,"7":0},"fnMap":{"1":{"name":"constructor","line":17,"loc":{"start":{"line":17,"column":4},"end":{"line":20,"column":4}}},"2":{"name":"owner","line":25,"loc":{"start":{"line":25,"column":4},"end":{"line":27,"column":4}}},"3":{"name":"future_owner","line":29,"loc":{"start":{"line":29,"column":4},"end":{"line":31,"column":4}}},"4":{"name":"onlyOwner","line":37,"loc":{"start":{"line":37,"column":4},"end":{"line":40,"column":4}}},"5":{"name":"onlyFutureOwner","line":42,"loc":{"start":{"line":42,"column":4},"end":{"line":45,"column":4}}},"6":{"name":"commit_transfer_ownership","line":48,"loc":{"start":{"line":48,"column":4},"end":{"line":55,"column":4}}},"7":{"name":"accept_transfer_ownership","line":57,"loc":{"start":{"line":57,"column":4},"end":{"line":63,"column":4}}}},"statementMap":{"1":{"start":{"line":18,"column":8},"end":{"line":18,"column":26}},"2":{"start":{"line":19,"column":8},"end":{"line":19,"column":39}},"3":{"start":{"line":26,"column":8},"end":{"line":26,"column":21}},"4":{"start":{"line":30,"column":8},"end":{"line":30,"column":28}},"5":{"start":{"line":38,"column":8},"end":{"line":38,"column":84}},"6":{"start":{"line":43,"column":8},"end":{"line":43,"column":91}},"7":{"start":{"line":53,"column":8},"end":{"line":53,"column":31}},"8":{"start":{"line":54,"column":8},"end":{"line":54,"column":46}},"9":{"start":{"line":61,"column":8},"end":{"line":61,"column":29}},"10":{"start":{"line":62,"column":8},"end":{"line":62,"column":39}}},"branchMap":{"1":{"line":38,"type":"if","locations":[{"start":{"line":38,"column":8},"end":{"line":38,"column":8}},{"start":{"line":38,"column":8},"end":{"line":38,"column":8}}]},"2":{"line":43,"type":"if","locations":[{"start":{"line":43,"column":8},"end":{"line":43,"column":8}},{"start":{"line":43,"column":8},"end":{"line":43,"column":8}}]}}},
"contracts/Parameters.sol":{"l":{"49":1,"56":10,"57":8,"66":2,"67":30,"68":29,"77":1,"78":11,"79":11,"80":0,"89":0,"90":0,"99":0,"100":0,"109":0,"110":0,"122":0,"123":0,"135":0,"136":0,"148":0,"149":0,"161":0,"162":0,"163":0,"172":0,"173":0,"174":0,"183":0,"184":0,"196":0,"197":0,"205":0,"213":0,"222":0,"241":0,"242":0,"250":0,"271":0,"272":0,"274":0,"289":0,"290":0,"292":0,"307":0,"308":0,"310":0,"320":0,"321":0,"323":0,"333":0,"334":0,"336":0,"346":0,"347":0,"349":0,"359":0,"360":0,"362":0,"372":0,"373":0,"375":0,"385":0},"path":"/Users/oishun/InsureDAO/pool-contracts/contracts/Parameters.sol","s":{"1":1,"2":10,"3":2,"4":30,"5":29,"6":1,"7":11,"8":0,"9":0,"10":0,"11":0,"12":0,"13":0,"14":0,"15":0,"16":0,"17":0,"18":0,"19":0,"20":0,"21":0,"22":0,"23":0,"24":0,"25":0,"26":0,"27":0,"28":0,"29":0,"30":0,"31":0,"32":0,"33":0,"34":0,"35":0,"36":0,"37":0,"38":0,"39":0,"40":0,"41":0,"42":0,"43":0,"44":0,"45":0,"46":0,"47":0,"48":0,"49":0,"50":0,"51":0,"52":0,"53":0,"54":0,"55":0,"56":0,"57":0,"58":0,"59":0,"60":0,"61":0,"62":0},"b":{"1":[8,2],"2":[30,-28],"3":[11,-10],"4":[11,0],"5":[0,0],"6":[0,0],"7":[0,0],"8":[0,0],"9":[0,0],"10":[0,0],"11":[0,0],"12":[0,0],"13":[0,0],"14":[0,0],"15":[0,0]},"f":{"1":38,"2":1,"3":8,"4":29,"5":0,"6":0,"7":0,"8":0,"9":0,"10":0,"11":0,"12":0,"13":0,"14":0,"15":0,"16":0,"17":0,"18":0,"19":0,"20":0,"21":0,"22":0,"23":0,"24":0,"25":0,"26":0,"27":0},"fnMap":{"1":{"name":"constructor","line":48,"loc":{"start":{"line":48,"column":4},"end":{"line":50,"column":4}}},"2":{"name":"onlyOwner","line":55,"loc":{"start":{"line":55,"column":4},"end":{"line":58,"column":4}}},"3":{"name":"setMinter","line":65,"loc":{"start":{"line":65,"column":4},"end":{"line":69,"column":4}}},"4":{"name":"setVault","line":76,"loc":{"start":{"line":76,"column":4},"end":{"line":81,"column":4}}},"5":{"name":"setLockup","line":88,"loc":{"start":{"line":88,"column":4},"end":{"line":91,"column":4}}},"6":{"name":"setGrace","line":98,"loc":{"start":{"line":98,"column":4},"end":{"line":101,"column":4}}},"7":{"name":"setMindate","line":108,"loc":{"start":{"line":108,"column":4},"end":{"line":111,"column":4}}},"8":{"name":"setCDSPremium","line":120,"loc":{"start":{"line":118,"column":4},"end":{"line":124,"column":4}}},"9":{"name":"setDepositFee","line":133,"loc":{"start":{"line":131,"column":4},"end":{"line":137,"column":4}}},"10":{"name":"setWithdrawable","line":146,"loc":{"start":{"line":144,"column":4},"end":{"line":150,"column":4}}},"11":{"name":"setPremiumModel","line":159,"loc":{"start":{"line":157,"column":4},"end":{"line":164,"column":4}}},"12":{"name":"setFeeModel","line":171,"loc":{"start":{"line":171,"column":4},"end":{"line":175,"column":4}}},"13":{"name":"setMaxList","line":182,"loc":{"start":{"line":182,"column":4},"end":{"line":185,"column":4}}},"14":{"name":"setCondition","line":194,"loc":{"start":{"line":192,"column":4},"end":{"line":198,"column":4}}},"15":{"name":"getOwner","line":204,"loc":{"start":{"line":204,"column":4},"end":{"line":206,"column":4}}},"16":{"name":"getMinter","line":212,"loc":{"start":{"line":212,"column":4},"end":{"line":214,"column":4}}},"17":{"name":"getVault","line":221,"loc":{"start":{"line":221,"column":4},"end":{"line":223,"column":4}}},"18":{"name":"getPremium","line":234,"loc":{"start":{"line":234,"column":4},"end":{"line":258,"column":4}}},"19":{"name":"getFee","line":266,"loc":{"start":{"line":266,"column":4},"end":{"line":276,"column":4}}},"20":{"name":"getDepositFee","line":284,"loc":{"start":{"line":284,"column":4},"end":{"line":294,"column":4}}},"21":{"name":"getCDSPremium","line":302,"loc":{"start":{"line":302,"column":4},"end":{"line":312,"column":4}}},"22":{"name":"getLockup","line":319,"loc":{"start":{"line":319,"column":4},"end":{"line":325,"column":4}}},"23":{"name":"getWithdrawable","line":332,"loc":{"start":{"line":332,"column":4},"end":{"line":338,"column":4}}},"24":{"name":"getGrace","line":345,"loc":{"start":{"line":345,"column":4},"end":{"line":351,"column":4}}},"25":{"name":"getMin","line":358,"loc":{"start":{"line":358,"column":4},"end":{"line":364,"column":4}}},"26":{"name":"getMaxList","line":371,"loc":{"start":{"line":371,"column":4},"end":{"line":377,"column":4}}},"27":{"name":"getCondition","line":384,"loc":{"start":{"line":384,"column":4},"end":{"line":386,"column":4}}}},"statementMap":{"1":{"start":{"line":49,"column":8},"end":{"line":49,"column":41}},"2":{"start":{"line":56,"column":8},"end":{"line":56,"column":95}},"3":{"start":{"line":66,"column":8},"end":{"line":66,"column":64}},"4":{"start":{"line":67,"column":8},"end":{"line":67,"column":23}},"5":{"start":{"line":68,"column":8},"end":{"line":68,"column":31}},"6":{"start":{"line":77,"column":8},"end":{"line":77,"column":73}},"7":{"start":{"line":78,"column":8},"end":{"line":78,"column":57}},"8":{"start":{"line":79,"column":8},"end":{"line":79,"column":31}},"9":{"start":{"line":80,"column":8},"end":{"line":80,"column":37}},"10":{"start":{"line":89,"column":8},"end":{"line":89,"column":34}},"11":{"start":{"line":90,"column":8},"end":{"line":90,"column":41}},"12":{"start":{"line":99,"column":8},"end":{"line":99,"column":33}},"13":{"start":{"line":100,"column":8},"end":{"line":100,"column":40}},"14":{"start":{"line":109,"column":8},"end":{"line":109,"column":31}},"15":{"start":{"line":110,"column":8},"end":{"line":110,"column":42}},"16":{"start":{"line":122,"column":8},"end":{"line":122,"column":38}},"17":{"start":{"line":123,"column":8},"end":{"line":123,"column":43}},"18":{"start":{"line":135,"column":8},"end":{"line":135,"column":38}},"19":{"start":{"line":136,"column":8},"end":{"line":136,"column":39}},"20":{"start":{"line":148,"column":8},"end":{"line":148,"column":39}},"21":{"start":{"line":149,"column":8},"end":{"line":149,"column":47}},"22":{"start":{"line":161,"column":8},"end":{"line":161,"column":58}},"23":{"start":{"line":162,"column":8},"end":{"line":162,"column":35}},"24":{"start":{"line":163,"column":8},"end":{"line":163,"column":42}},"25":{"start":{"line":172,"column":8},"end":{"line":172,"column":58}},"26":{"start":{"line":173,"column":8},"end":{"line":173,"column":31}},"27":{"start":{"line":174,"column":8},"end":{"line":174,"column":38}},"28":{"start":{"line":183,"column":8},"end":{"line":183,"column":35}},"29":{"start":{"line":184,"column":8},"end":{"line":184,"column":42}},"30":{"start":{"line":196,"column":8},"end":{"line":196,"column":40}},"31":{"start":{"line":197,"column":8},"end":{"line":197,"column":46}},"32":{"start":{"line":205,"column":8},"end":{"line":205,"column":32}},"33":{"start":{"line":213,"column":8},"end":{"line":213,"column":21}},"34":{"start":{"line":222,"column":8},"end":{"line":222,"column":30}},"35":{"start":{"line":241,"column":8},"end":{"line":241,"column":8274}},"36":{"start":{"line":242,"column":12},"end":{"line":242,"column":8334}},"37":{"start":{"line":250,"column":12},"end":{"line":250,"column":8580}},"38":{"start":{"line":271,"column":8},"end":{"line":271,"column":9130}},"39":{"start":{"line":272,"column":12},"end":{"line":272,"column":62}},"40":{"start":{"line":274,"column":12},"end":{"line":274,"column":59}},"41":{"start":{"line":289,"column":8},"end":{"line":289,"column":9661}},"42":{"start":{"line":290,"column":12},"end":{"line":290,"column":61}},"43":{"start":{"line":292,"column":12},"end":{"line":292,"column":58}},"44":{"start":{"line":307,"column":8},"end":{"line":307,"column":10192}},"45":{"start":{"line":308,"column":12},"end":{"line":308,"column":61}},"46":{"start":{"line":310,"column":12},"end":{"line":310,"column":58}},"47":{"start":{"line":320,"column":8},"end":{"line":320,"column":10608}},"48":{"start":{"line":321,"column":12},"end":{"line":321,"column":38}},"49":{"start":{"line":323,"column":12},"end":{"line":323,"column":35}},"50":{"start":{"line":333,"column":8},"end":{"line":333,"column":10990}},"51":{"start":{"line":334,"column":12},"end":{"line":334,"column":43}},"52":{"start":{"line":336,"column":12},"end":{"line":336,"column":40}},"53":{"start":{"line":346,"column":8},"end":{"line":346,"column":11366}},"54":{"start":{"line":347,"column":12},"end":{"line":347,"column":37}},"55":{"start":{"line":349,"column":12},"end":{"line":349,"column":34}},"56":{"start":{"line":359,"column":8},"end":{"line":359,"column":11760}},"57":{"start":{"line":360,"column":12},"end":{"line":360,"column":35}},"58":{"start":{"line":362,"column":12},"end":{"line":362,"column":32}},"59":{"start":{"line":372,"column":8},"end":{"line":372,"column":12138}},"60":{"start":{"line":373,"column":12},"end":{"line":373,"column":39}},"61":{"start":{"line":375,"column":12},"end":{"line":375,"column":36}},"62":{"start":{"line":385,"column":8},"end":{"line":385,"column":38}}},"branchMap":{"1":{"line":56,"type":"if","locations":[{"start":{"line":56,"column":8},"end":{"line":56,"column":8}},{"start":{"line":56,"column":8},"end":{"line":56,"column":8}}]},"2":{"line":66,"type":"if","locations":[{"start":{"line":66,"column":8},"end":{"line":66,"column":8}},{"start":{"line":66,"column":8},"end":{"line":66,"column":8}}]},"3":{"line":77,"type":"if","locations":[{"start":{"line":77,"column":8},"end":{"line":77,"column":8}},{"start":{"line":77,"column":8},"end":{"line":77,"column":8}}]},"4":{"line":78,"type":"if","locations":[{"start":{"line":78,"column":8},"end":{"line":78,"column":8}},{"start":{"line":78,"column":8},"end":{"line":78,"column":8}}]},"5":{"line":161,"type":"if","locations":[{"start":{"line":161,"column":8},"end":{"line":161,"column":8}},{"start":{"line":161,"column":8},"end":{"line":161,"column":8}}]},"6":{"line":172,"type":"if","locations":[{"start":{"line":172,"column":8},"end":{"line":172,"column":8}},{"start":{"line":172,"column":8},"end":{"line":172,"column":8}}]},"7":{"line":241,"type":"if","locations":[{"start":{"line":241,"column":8},"end":{"line":241,"column":8}},{"start":{"line":241,"column":8},"end":{"line":241,"column":8}}]},"8":{"line":271,"type":"if","locations":[{"start":{"line":271,"column":8},"end":{"line":271,"column":8}},{"start":{"line":271,"column":8},"end":{"line":271,"column":8}}]},"9":{"line":289,"type":"if","locations":[{"start":{"line":289,"column":8},"end":{"line":289,"column":8}},{"start":{"line":289,"column":8},"end":{"line":289,"column":8}}]},"10":{"line":307,"type":"if","locations":[{"start":{"line":307,"column":8},"end":{"line":307,"column":8}},{"start":{"line":307,"column":8},"end":{"line":307,"column":8}}]},"11":{"line":320,"type":"if","locations":[{"start":{"line":320,"column":8},"end":{"line":320,"column":8}},{"start":{"line":320,"column":8},"end":{"line":320,"column":8}}]},"12":{"line":333,"type":"if","locations":[{"start":{"line":333,"column":8},"end":{"line":333,"column":8}},{"start":{"line":333,"column":8},"end":{"line":333,"column":8}}]},"13":{"line":346,"type":"if","locations":[{"start":{"line":346,"column":8},"end":{"line":346,"column":8}},{"start":{"line":346,"column":8},"end":{"line":346,"column":8}}]},"14":{"line":359,"type":"if","locations":[{"start":{"line":359,"column":8},"end":{"line":359,"column":8}},{"start":{"line":359,"column":8},"end":{"line":359,"column":8}}]},"15":{"line":372,"type":"if","locations":[{"start":{"line":372,"column":8},"end":{"line":372,"column":8}},{"start":{"line":372,"column":8},"end":{"line":372,"column":8}}]}}},
"contracts/PoolTemplate.sol":{"l":{"157":8,"161":127,"166":48,"192":48,"201":46,"203":127,"210":98,"213":98,"215":98,"217":98,"218":127,"219":31,"222":31,"224":31,"226":31,"227":31,"228":30,"242":30,"246":31,"248":5,"250":5,"255":30,"257":30,"260":30,"268":30,"269":30,"270":29,"271":29,"272":29,"273":28,"282":27,"284":27,"285":27,"287":27,"291":26,"295":26,"299":26,"303":26,"304":26,"309":8,"312":18,"315":26,"316":26,"318":11,"326":11,"327":11,"336":11,"337":11,"343":11,"345":11,"347":11,"364":9,"368":9,"369":9,"370":9,"371":9,"373":9,"374":4,"378":4,"379":4,"382":0,"383":9,"384":9,"385":9,"387":3,"399":3,"400":1,"408":1,"414":31,"415":14,"416":14,"417":14,"421":14,"422":14,"423":14,"446":14,"447":5,"448":5,"449":5,"451":14,"455":13,"456":13,"457":13,"462":5,"466":0,"469":6,"471":6,"478":0,"479":6,"480":6,"489":901,"490":901,"493":153,"494":153,"495":748,"496":50,"499":50,"509":17,"519":33,"520":0,"522":33,"523":356,"524":1,"525":1,"526":2,"528":437,"532":273,"533":164,"544":9,"545":9,"547":81,"548":844,"550":844,"551":4,"552":4,"553":4,"557":0,"561":0,"565":0,"566":68,"567":68,"582":18,"584":17,"592":1,"593":50,"606":4,"640":4,"644":0,"645":4,"646":4,"647":22,"648":22,"649":22,"650":22,"651":1,"652":22,"655":827,"664":0,"671":827,"676":0,"677":0,"689":0,"690":0,"693":0,"703":0,"704":0,"705":0,"707":0,"718":0,"719":0,"720":0,"722":0,"736":0,"737":0,"738":0,"740":0,"742":0,"752":0,"760":0,"769":0,"777":0,"778":0,"780":0,"789":0,"790":0,"793":0,"802":0,"814":0,"815":0,"816":0,"825":0,"826":0,"844":0,"846":0,"847":0,"848":0,"849":0,"859":0,"860":0,"861":0,"862":0,"869":0,"870":0,"871":0,"872":0,"879":0,"880":0,"882":0},"path":"/Users/oishun/InsureDAO/pool-contracts/contracts/PoolTemplate.sol","s":{"1":119,"2":48,"3":2,"4":79,"5":127,"6":98,"7":98,"8":98,"9":29,"10":127,"11":31,"12":31,"13":31,"14":31,"15":31,"16":30,"17":30,"18":5,"19":5,"20":26,"21":30,"22":30,"23":30,"24":30,"25":30,"26":29,"27":29,"28":28,"29":28,"30":27,"31":27,"32":27,"33":26,"34":26,"35":26,"36":26,"37":26,"38":26,"39":8,"40":26,"41":26,"42":11,"43":11,"44":11,"45":11,"46":11,"47":11,"48":11,"49":11,"50":9,"51":9,"52":9,"53":9,"54":9,"55":9,"56":9,"57":4,"58":4,"59":4,"60":9,"61":9,"62":9,"63":9,"64":3,"65":3,"66":1,"67":31,"68":31,"69":14,"70":14,"71":14,"72":14,"73":14,"74":14,"75":14,"76":5,"77":5,"78":0,"79":14,"80":13,"81":13,"82":5,"83":5,"84":6,"85":6,"86":0,"87":0,"88":6,"89":901,"90":901,"91":901,"92":153,"93":748,"94":748,"95":50,"96":17,"97":17,"98":0,"99":33,"100":356,"101":356,"102":1,"103":2,"104":2,"105":437,"106":164,"107":90,"108":9,"109":81,"110":81,"111":844,"112":4,"113":4,"114":4,"115":4,"116":0,"117":0,"118":68,"119":68,"120":68,"121":18,"122":1,"123":16,"124":4,"125":4,"126":4,"127":0,"128":4,"129":22,"130":22,"131":22,"132":22,"133":22,"134":1,"135":22,"136":827,"137":0,"138":827,"139":0,"140":0,"141":0,"142":0,"143":0,"144":0,"145":0,"146":0,"147":0,"148":0,"149":0,"150":0,"151":0,"152":0,"153":0,"154":0,"155":0,"156":0,"157":0,"158":0,"159":0,"160":0,"161":0,"162":0,"163":0,"164":0,"165":0,"166":0,"167":0,"168":0,"169":0,"170":0,"171":0,"172":0,"173":0,"174":0,"175":0,"176":0,"177":0,"178":0,"179":0,"180":0,"181":0,"182":0,"183":0,"184":0,"185":0,"186":0,"187":0,"188":0,"189":0,"190":0},"b":{"1":[127,-119],"2":[2,0],"3":[31,30],"4":[1,29],"5":[5,26],"6":[29,1],"7":[29,0],"8":[26,1],"9":[26,0],"10":[26,0],"11":[26,0],"12":[26,0],"13":[8,18],"14":[11,0],"15":[9,0],"16":[9,9],"17":[9,4],"18":[4,4],"19":[9,3],"20":[1,0],"21":[14,14],"22":[14,14],"23":[14,0],"24":[13,0],"25":[13,0],"26":[5,0],"27":[0,5],"28":[0,0],"29":[50,50],"30":[0,0],"31":[273,164],"32":[164,109],"33":[90,0],"34":[4,0],"35":[1,16],"36":[4,0],"37":[21,827],"38":[0,827],"39":[0,0],"40":[0,0],"41":[0,0],"42":[0,0],"43":[0,0],"44":[0,0],"45":[0,0],"46":[0,0],"47":[0,0],"48":[0,0],"49":[0,0],"50":[0,0],"51":[0,0],"52":[0,0],"53":[0,0]},"f":{"1":8,"2":48,"3":48,"4":30,"5":30,"6":28,"7":11,"8":11,"9":9,"10":3,"11":14,"12":33,"13":18,"14":4,"15":4,"16":0,"17":0,"18":0,"19":0,"20":0,"21":0,"22":0,"23":0,"24":0,"25":0,"26":0,"27":0,"28":0,"29":0,"30":0,"31":0,"32":0},"fnMap":{"1":{"name":"onlyOwner","line":156,"loc":{"start":{"line":156,"column":4},"end":{"line":162,"column":4}}},"2":{"name":"constructor","line":165,"loc":{"start":{"line":165,"column":4},"end":{"line":167,"column":4}}},"3":{"name":"initialize","line":187,"loc":{"start":{"line":187,"column":4},"end":{"line":230,"column":4}}},"4":{"name":"deposit","line":241,"loc":{"start":{"line":241,"column":4},"end":{"line":261,"column":4}}},"5":{"name":"requestWithdraw","line":267,"loc":{"start":{"line":267,"column":4},"end":{"line":274,"column":4}}},"6":{"name":"withdraw","line":281,"loc":{"start":{"line":281,"column":4},"end":{"line":319,"column":4}}},"7":{"name":"unlockBatch","line":325,"loc":{"start":{"line":325,"column":4},"end":{"line":329,"column":4}}},"8":{"name":"unlock","line":335,"loc":{"start":{"line":335,"column":4},"end":{"line":348,"column":4}}},"9":{"name":"allocateCredit","line":360,"loc":{"start":{"line":360,"column":4},"end":{"line":388,"column":4}}},"10":{"name":"withdrawCredit","line":395,"loc":{"start":{"line":395,"column":4},"end":{"line":425,"column":4}}},"11":{"name":"insure","line":439,"loc":{"start":{"line":439,"column":4},"end":{"line":510,"column":4}}},"12":{"name":"redeem","line":518,"loc":{"start":{"line":518,"column":4},"end":{"line":574,"column":4}}},"13":{"name":"transferInsurance","line":581,"loc":{"start":{"line":581,"column":4},"end":{"line":594,"column":4}}},"14":{"name":"getPremium","line":601,"loc":{"start":{"line":601,"column":4},"end":{"line":614,"column":4}}},"15":{"name":"applyCover","line":639,"loc":{"start":{"line":631,"column":4},"end":{"line":665,"column":4}}},"16":{"name":"resume","line":670,"loc":{"start":{"line":670,"column":4},"end":{"line":678,"column":4}}},"17":{"name":"rate","line":688,"loc":{"start":{"line":688,"column":4},"end":{"line":695,"column":4}}},"18":{"name":"valueOfUnderlying","line":702,"loc":{"start":{"line":702,"column":4},"end":{"line":710,"column":4}}},"19":{"name":"pendingPremium","line":717,"loc":{"start":{"line":717,"column":4},"end":{"line":728,"column":4}}},"20":{"name":"worth","line":735,"loc":{"start":{"line":735,"column":4},"end":{"line":744,"column":4}}},"21":{"name":"allocatedCredit","line":751,"loc":{"start":{"line":751,"column":4},"end":{"line":753,"column":4}}},"22":{"name":"allInsuranceCount","line":759,"loc":{"start":{"line":759,"column":4},"end":{"line":761,"column":4}}},"23":{"name":"getInsuranceCount","line":768,"loc":{"start":{"line":768,"column":4},"end":{"line":770,"column":4}}},"24":{"name":"availableBalance","line":776,"loc":{"start":{"line":776,"column":4},"end":{"line":782,"column":4}}},"25":{"name":"utilizationRate","line":788,"loc":{"start":{"line":788,"column":4},"end":{"line":795,"column":4}}},"26":{"name":"totalLiquidity","line":801,"loc":{"start":{"line":801,"column":4},"end":{"line":803,"column":4}}},"27":{"name":"setPaused","line":813,"loc":{"start":{"line":813,"column":4},"end":{"line":818,"column":4}}},"28":{"name":"changeMetadata","line":824,"loc":{"start":{"line":824,"column":4},"end":{"line":827,"column":4}}},"29":{"name":"_beforeTokenTransfer","line":839,"loc":{"start":{"line":839,"column":4},"end":{"line":853,"column":4}}},"30":{"name":"_divCeil","line":858,"loc":{"start":{"line":858,"column":4},"end":{"line":863,"column":4}}},"31":{"name":"_divMinus","line":868,"loc":{"start":{"line":868,"column":4},"end":{"line":873,"column":4}}},"32":{"name":"_sub","line":878,"loc":{"start":{"line":878,"column":4},"end":{"line":884,"column":4}}}},"statementMap":{"1":{"start":{"line":157,"column":8},"end":{"line":157,"column":5124}},"2":{"start":{"line":166,"column":8},"end":{"line":166,"column":25}},"3":{"start":{"line":192,"column":8},"end":{"line":192,"column":6054}},"4":{"start":{"line":201,"column":8},"end":{"line":201,"column":25}},"5":{"start":{"line":203,"column":8},"end":{"line":203,"column":6436}},"6":{"start":{"line":210,"column":8},"end":{"line":210,"column":6646}},"7":{"start":{"line":213,"column":8},"end":{"line":213,"column":66}},"8":{"start":{"line":215,"column":8},"end":{"line":215,"column":46}},"9":{"start":{"line":217,"column":8},"end":{"line":217,"column":43}},"10":{"start":{"line":218,"column":8},"end":{"line":218,"column":47}},"11":{"start":{"line":219,"column":8},"end":{"line":219,"column":58}},"12":{"start":{"line":222,"column":8},"end":{"line":222,"column":27}},"13":{"start":{"line":224,"column":8},"end":{"line":224,"column":42}},"14":{"start":{"line":226,"column":8},"end":{"line":226,"column":30}},"15":{"start":{"line":227,"column":8},"end":{"line":227,"column":7167}},"16":{"start":{"line":228,"column":12},"end":{"line":228,"column":34}},"17":{"start":{"line":242,"column":8},"end":{"line":242,"column":7599}},"18":{"start":{"line":246,"column":8},"end":{"line":246,"column":50}},"19":{"start":{"line":248,"column":8},"end":{"line":248,"column":35}},"20":{"start":{"line":250,"column":8},"end":{"line":250,"column":7828}},"21":{"start":{"line":255,"column":8},"end":{"line":255,"column":58}},"22":{"start":{"line":257,"column":8},"end":{"line":257,"column":54}},"23":{"start":{"line":260,"column":8},"end":{"line":260,"column":37}},"24":{"start":{"line":268,"column":8},"end":{"line":268,"column":48}},"25":{"start":{"line":269,"column":8},"end":{"line":269,"column":68}},"26":{"start":{"line":270,"column":8},"end":{"line":270,"column":50}},"27":{"start":{"line":271,"column":8},"end":{"line":271,"column":60}},"28":{"start":{"line":272,"column":8},"end":{"line":272,"column":49}},"29":{"start":{"line":273,"column":8},"end":{"line":273,"column":68}},"30":{"start":{"line":282,"column":8},"end":{"line":282,"column":39}},"31":{"start":{"line":284,"column":8},"end":{"line":284,"column":68}},"32":{"start":{"line":285,"column":8},"end":{"line":285,"column":57}},"33":{"start":{"line":287,"column":8},"end":{"line":287,"column":9161}},"34":{"start":{"line":291,"column":8},"end":{"line":291,"column":9279}},"35":{"start":{"line":295,"column":8},"end":{"line":295,"column":9447}},"36":{"start":{"line":299,"column":8},"end":{"line":299,"column":9668}},"37":{"start":{"line":303,"column":8},"end":{"line":303,"column":53}},"38":{"start":{"line":304,"column":8},"end":{"line":304,"column":9858}},"39":{"start":{"line":309,"column":8},"end":{"line":309,"column":84}},"40":{"start":{"line":312,"column":8},"end":{"line":312,"column":33}},"41":{"start":{"line":315,"column":8},"end":{"line":315,"column":77}},"42":{"start":{"line":316,"column":8},"end":{"line":316,"column":61}},"43":{"start":{"line":318,"column":8},"end":{"line":318,"column":51}},"44":{"start":{"line":326,"column":8},"end":{"line":326,"column":10561}},"45":{"start":{"line":327,"column":12},"end":{"line":327,"column":26}},"46":{"start":{"line":336,"column":8},"end":{"line":336,"column":53}},"47":{"start":{"line":337,"column":8},"end":{"line":337,"column":10897}},"48":{"start":{"line":343,"column":8},"end":{"line":343,"column":32}},"49":{"start":{"line":345,"column":8},"end":{"line":345,"column":53}},"50":{"start":{"line":347,"column":8},"end":{"line":347,"column":44}},"51":{"start":{"line":364,"column":8},"end":{"line":364,"column":11726}},"52":{"start":{"line":368,"column":8},"end":{"line":368,"column":55}},"53":{"start":{"line":369,"column":8},"end":{"line":369,"column":11917}},"54":{"start":{"line":370,"column":12},"end":{"line":370,"column":44}},"55":{"start":{"line":371,"column":12},"end":{"line":371,"column":37}},"56":{"start":{"line":373,"column":8},"end":{"line":373,"column":12065}},"57":{"start":{"line":374,"column":12},"end":{"line":374,"column":12106}},"58":{"start":{"line":378,"column":12},"end":{"line":378,"column":12256}},"59":{"start":{"line":379,"column":16},"end":{"line":379,"column":62}},"60":{"start":{"line":382,"column":8},"end":{"line":382,"column":12369}},"61":{"start":{"line":383,"column":12},"end":{"line":383,"column":46}},"62":{"start":{"line":384,"column":12},"end":{"line":384,"column":78}},"63":{"start":{"line":385,"column":12},"end":{"line":385,"column":52}},"64":{"start":{"line":387,"column":8},"end":{"line":387,"column":81}},"65":{"start":{"line":399,"column":8},"end":{"line":399,"column":55}},"66":{"start":{"line":400,"column":8},"end":{"line":400,"column":13070}},"67":{"start":{"line":408,"column":8},"end":{"line":408,"column":13334}},"68":{"start":{"line":414,"column":8},"end":{"line":414,"column":13498}},"69":{"start":{"line":415,"column":12},"end":{"line":415,"column":46}},"70":{"start":{"line":416,"column":12},"end":{"line":416,"column":78}},"71":{"start":{"line":417,"column":12},"end":{"line":417,"column":52}},"72":{"start":{"line":421,"column":8},"end":{"line":421,"column":13755}},"73":{"start":{"line":422,"column":12},"end":{"line":422,"column":58}},"74":{"start":{"line":423,"column":12},"end":{"line":423,"column":85}},"75":{"start":{"line":446,"column":8},"end":{"line":446,"column":50}},"76":{"start":{"line":447,"column":8},"end":{"line":447,"column":53}},"77":{"start":{"line":448,"column":8},"end":{"line":448,"column":62}},"78":{"start":{"line":449,"column":8},"end":{"line":449,"column":43}},"79":{"start":{"line":451,"column":8},"end":{"line":451,"column":14763}},"80":{"start":{"line":455,"column":8},"end":{"line":455,"column":71}},"81":{"start":{"line":456,"column":8},"end":{"line":456,"column":68}},"82":{"start":{"line":457,"column":8},"end":{"line":457,"column":15034}},"83":{"start":{"line":462,"column":8},"end":{"line":462,"column":15158}},"84":{"start":{"line":466,"column":8},"end":{"line":466,"column":62}},"85":{"start":{"line":469,"column":8},"end":{"line":469,"column":62}},"86":{"start":{"line":471,"column":8},"end":{"line":471,"column":15457}},"87":{"start":{"line":478,"column":8},"end":{"line":478,"column":39}},"88":{"start":{"line":479,"column":8},"end":{"line":479,"column":44}},"89":{"start":{
[...]
column":4},"end":{"line":71,"column":4}}},"5":{"name":"setPremium","line":80,"loc":{"start":{"line":78,"column":4},"end":{"line":84,"column":4}}},"6":{"name":"getOwner","line":86,"loc":{"start":{"line":86,"column":4},"end":{"line":88,"column":4}}},"7":{"name":"isOwner","line":90,"loc":{"start":{"line":90,"column":4},"end":{"line":92,"column":4}}},"8":{"name":"commitTransferOwnership","line":94,"loc":{"start":{"line":94,"column":4},"end":{"line":103,"column":4}}},"9":{"name":"applyTransferOwnership","line":105,"loc":{"start":{"line":105,"column":4},"end":{"line":118,"column":4}}}},"statementMap":{"1":{"start":{"line":22,"column":8},"end":{"line":22,"column":73}},"2":{"start":{"line":27,"column":8},"end":{"line":27,"column":25}},"3":{"start":{"line":36,"column":8},"end":{"line":36,"column":926}},"4":{"start":{"line":37,"column":12},"end":{"line":37,"column":20}},"5":{"start":{"line":40,"column":8},"end":{"line":40,"column":1040}},"6":{"start":{"line":46,"column":8},"end":{"line":46,"column":72}},"7":{"start":{"line":48,"column":8},"end":{"line":48,"column":63}},"8":{"start":{"line":50,"column":8},"end":{"line":50,"column":51}},"9":{"start":{"line":52,"column":8},"end":{"line":52,"column":23}},"10":{"start":{"line":61,"column":8},"end":{"line":61,"column":67}},"11":{"start":{"line":64,"column":8},"end":{"line":64,"column":28}},"12":{"start":{"line":66,"column":8},"end":{"line":66,"column":53}},"13":{"start":{"line":68,"column":8},"end":{"line":68,"column":49}},"14":{"start":{"line":70,"column":8},"end":{"line":70,"column":27}},"15":{"start":{"line":82,"column":8},"end":{"line":82,"column":35}},"16":{"start":{"line":83,"column":8},"end":{"line":83,"column":39}},"17":{"start":{"line":87,"column":8},"end":{"line":87,"column":20}},"18":{"start":{"line":91,"column":8},"end":{"line":91,"column":34}},"19":{"start":{"line":95,"column":8},"end":{"line":95,"column":72}},"20":{"start":{"line":96,"column":8},"end":{"line":96,"column":57}},"21":{"start":{"line":98,"column":8},"end":{"line":98,"column":68}},"22":{"start":{"line":99,"column":8},"end":{"line":99,"column":46}},"23":{"start":{"line":100,"column":8},"end":{"line":100,"column":28}},"24":{"start":{"line":102,"column":8},"end":{"line":102,"column":46}},"25":{"start":{"line":106,"column":8},"end":{"line":106,"column":3139}},"26":{"start":{"line":110,"column":8},"end":{"line":110,"column":75}},"27":{"start":{"line":112,"column":8},"end":{"line":112,"column":38}},"28":{"start":{"line":113,"column":8},"end":{"line":113,"column":37}},"29":{"start":{"line":115,"column":8},"end":{"line":115,"column":21}},"30":{"start":{"line":117,"column":8},"end":{"line":117,"column":28}}},"branchMap":{"1":{"line":22,"type":"if","locations":[{"start":{"line":22,"column":8},"end":{"line":22,"column":8}},{"start":{"line":22,"column":8},"end":{"line":22,"column":8}}]},"2":{"line":36,"type":"if","locations":[{"start":{"line":36,"column":8},"end":{"line":36,"column":8}},{"start":{"line":36,"column":8},"end":{"line":36,"column":8}}]},"3":{"line":95,"type":"if","locations":[{"start":{"line":95,"column":8},"end":{"line":95,"column":8}},{"start":{"line":95,"column":8},"end":{"line":95,"column":8}}]},"4":{"line":96,"type":"if","locations":[{"start":{"line":96,"column":8},"end":{"line":96,"column":8}},{"start":{"line":96,"column":8},"end":{"line":96,"column":8}}]},"5":{"line":106,"type":"if","locations":[{"start":{"line":106,"column":8},"end":{"line":106,"column":8}},{"start":{"line":106,"column":8},"end":{"line":106,"column":8}}]},"6":{"line":110,"type":"if","locations":[{"start":{"line":110,"column":8},"end":{"line":110,"column":8}},{"start":{"line":110,"column":8},"end":{"line":110,"column":8}}]}}},
"contracts/Registry.sol":{"l":{"31":0,"32":0,"37":0,"45":0,"47":0,"48":0,"56":0,"57":0,"58":0,"60":0,"61":0,"62":0,"71":0,"73":0,"74":0,"75":0,"84":0,"86":0,"87":0,"96":0,"97":0,"99":0,"114":0,"123":0,"131":0},"path":"/Users/oishun/InsureDAO/pool-contracts/contracts/Registry.sol","s":{"1":0,"2":0,"3":0,"4":0,"5":0,"6":0,"7":0,"8":0,"9":0,"10":0,"11":0,"12":0,"13":0,"14":0,"15":0,"16":0,"17":0,"18":0,"19":0,"20":0,"21":0,"22":0,"23":0,"24":0},"b":{"1":[0,0],"2":[0,0],"3":[0,0],"4":[0,0],"5":[0,0],"6":[0,0],"7":[0,0],"8":[0,0]},"f":{"1":0,"2":0,"3":0,"4":0,"5":0,"6":0,"7":0,"8":0,"9":0,"10":0},"fnMap":{"1":{"name":"onlyOwner","line":30,"loc":{"start":{"line":30,"column":4},"end":{"line":33,"column":4}}},"2":{"name":"constructor","line":36,"loc":{"start":{"line":36,"column":4},"end":{"line":38,"column":4}}},"3":{"name":"setFactory","line":44,"loc":{"start":{"line":44,"column":4},"end":{"line":49,"column":4}}},"4":{"name":"supportMarket","line":55,"loc":{"start":{"line":55,"column":4},"end":{"line":63,"column":4}}},"5":{"name":"setExistence","line":70,"loc":{"start":{"line":70,"column":4},"end":{"line":76,"column":4}}},"6":{"name":"setCDS","line":83,"loc":{"start":{"line":83,"column":4},"end":{"line":88,"column":4}}},"7":{"name":"getCDS","line":95,"loc":{"start":{"line":95,"column":4},"end":{"line":101,"column":4}}},"8":{"name":"confirmExistence","line":109,"loc":{"start":{"line":109,"column":4},"end":{"line":115,"column":4}}},"9":{"name":"isListed","line":122,"loc":{"start":{"line":122,"column":4},"end":{"line":124,"column":4}}},"10":{"name":"getAllMarkets","line":130,"loc":{"start":{"line":130,"column":4},"end":{"line":132,"column":4}}}},"statementMap":{"1":{"start":{"line":31,"column":8},"end":{"line":31,"column":95}},"2":{"start":{"line":37,"column":8},"end":{"line":37,"column":41}},"3":{"start":{"line":45,"column":8},"end":{"line":45,"column":59}},"4":{"start":{"line":47,"column":8},"end":{"line":47,"column":25}},"5":{"start":{"line":48,"column":8},"end":{"line":48,"column":33}},"6":{"start":{"line":56,"column":8},"end":{"line":56,"column":33}},"7":{"start":{"line":57,"column":8},"end":{"line":57,"column":72}},"8":{"start":{"line":58,"column":8},"end":{"line":58,"column":58}},"9":{"start":{"line":60,"column":8},"end":{"line":60,"column":31}},"10":{"start":{"line":61,"column":8},"end":{"line":61,"column":30}},"11":{"start":{"line":62,"column":8},"end":{"line":62,"column":41}},"12":{"start":{"line":71,"column":8},"end":{"line":71,"column":72}},"13":{"start":{"line":73,"column":8},"end":{"line":73,"column":71}},"14":{"start":{"line":74,"column":8},"end":{"line":74,"column":32}},"15":{"start":{"line":75,"column":8},"end":{"line":75,"column":52}},"16":{"start":{"line":84,"column":8},"end":{"line":84,"column":55}},"17":{"start":{"line":86,"column":8},"end":{"line":86,"column":27}},"18":{"start":{"line":87,"column":8},"end":{"line":87,"column":35}},"19":{"start":{"line":96,"column":8},"end":{"line":96,"column":2987}},"20":{"start":{"line":97,"column":12},"end":{"line":97,"column":34}},"21":{"start":{"line":99,"column":12},"end":{"line":99,"column":32}},"22":{"start":{"line":114,"column":8},"end":{"line":114,"column":71}},"23":{"start":{"line":123,"column":8},"end":{"line":123,"column":31}},"24":{"start":{"line":131,"column":8},"end":{"line":131,"column":25}}},"branchMap":{"1":{"line":31,"type":"if","locations":[{"start":{"line":31,"column":8},"end":{"line":31,"column":8}},{"start":{"line":31,"column":8},"end":{"line":31,"column":8}}]},"2":{"line":45,"type":"if","locations":[{"start":{"line":45,"column":8},"end":{"line":45,"column":8}},{"start":{"line":45,"column":8},"end":{"line":45,"column":8}}]},"3":{"line":56,"type":"if","locations":[{"start":{"line":56,"column":8},"end":{"line":56,"column":8}},{"start":{"line":56,"column":8},"end":{"line":56,"column":8}}]},"4":{"line":57,"type":"if","locations":[{"start":{"line":57,"column":8},"end":{"line":57,"column":8}},{"start":{"line":57,"column":8},"end":{"line":57,"column":8}}]},"5":{"line":58,"type":"if","locations":[{"start":{"line":58,"column":8},"end":{"line":58,"column":8}},{"start":{"line":58,"column":8},"end":{"line":58,"column":8}}]},"6":{"line":71,"type":"if","locations":[{"start":{"line":71,"column":8},"end":{"line":71,"column":8}},{"start":{"line":71,"column":8},"end":{"line":71,"column":8}}]},"7":{"line":84,"type":"if","locations":[{"start":{"line":84,"column":8},"end":{"line":84,"column":8}},{"start":{"line":84,"column":8},"end":{"line":84,"column":8}}]},"8":{"line":96,"type":"if","locations":[{"start":{"line":96,"column":8},"end":{"line":96,"column":8}},{"start":{"line":96,"column":8},"end":{"line":96,"column":8}}]}}},
"contracts/Vault.sol":{"l":{"44":480,"45":965,"54":965,"55":2,"56":2,"57":41,"76":2,"80":2,"81":1,"83":1,"84":1,"86":1,"88":0,"89":0,"90":0,"103":0,"108":2,"109":2,"110":0,"111":0,"112":0,"113":0,"115":0,"116":0,"126":0,"131":0,"132":0,"133":0,"146":0,"158":0,"171":0,"175":0,"176":0,"177":0,"178":0,"179":0,"181":0,"182":0,"193":0,"197":0,"198":0,"206":0,"207":0,"209":0,"210":0,"211":0,"212":0,"213":0,"224":0,"232":0,"245":0,"246":0,"248":0,"258":0,"259":0,"261":0,"270":0,"278":0,"279":0,"287":0,"295":0,"310":0,"313":0,"314":0,"316":0,"328":0,"329":0,"330":0,"338":0,"339":0},"path":"/Users/oishun/InsureDAO/pool-contracts/contracts/Vault.sol","s":{"1":72,"2":2,"3":2,"4":2,"5":41,"6":2,"7":2,"8":1,"9":1,"10":1,"11":1,"12":0,"13":0,"14":0,"15":2,"16":2,"17":0,"18":0,"19":0,"20":0,"21":0,"22":0,"23":0,"24":0,"25":0,"26":0,"27":0,"28":0,"29":0,"30":0,"31":0,"32":0,"33":0,"34":0,"35":0,"36":0,"37":0,"38":0,"39":0,"40":0,"41":0,"42":0,"43":0,"44":0,"45":0,"46":0,"47":0,"48":0,"49":0,"50":0,"51":0,"52":0,"53":0,"54":0,"55":0,"56":0,"57":0,"58":0,"59":0,"60":0,"61":0,"62":0,"63":0,"64":0,"65":0,"66":0,"67":0,"68":0,"69":0,"70":0},"b":{"1":[72,0],"2":[2,0],"3":[1,1],"4":[2,0],"5":[0,0],"6":[0,0],"7":[0,0],"8":[0,0],"9":[0,0],"10":[0,0],"11":[0,0],"12":[0,0],"13":[0,0],"14":[0,0],"15":[0,0],"16":[0,0],"17":[0,0]},"f":{"1":480,"2":965,"3":41,"4":0,"5":0,"6":0,"7":0,"8":0,"9":0,"10":0,"11":0,"12":0,"13":0,"14":0,"15":0,"16":0,"17":0,"18":0,"19":0,"20":0,"21":0},"fnMap":{"1":{"name":"onlyOwner","line":43,"loc":{"start":{"line":43,"column":4},"end":{"line":46,"column":4}}},"2":{"name":"constructor","line":48,"loc":{"start":{"line":48,"column":4},"end":{"line":58,"column":4}}},"3":{"name":"addValue","line":71,"loc":{"start":{"line":71,"column":4},"end":{"line":91,"column":4}}},"4":{"name":"withdrawValue","line":99,"loc":{"start":{"line":99,"column":4},"end":{"line":117,"column":4}}},"5":{"name":"transferValue","line":125,"loc":{"start":{"line":125,"column":4},"end":{"line":134,"column":4}}},"6":{"name":"withdrawAttribution","line":142,"loc":{"start":{"line":142,"column":4},"end":{"line":147,"column":4}}},"7":{"name":"withdrawAllAttribution","line":154,"loc":{"start":{"line":154,"column":4},"end":{"line":159,"column":4}}},"8":{"name":"_withdrawAttribution","line":167,"loc":{"start":{"line":167,"column":4},"end":{"line":183,"column":4}}},"9":{"name":"transferAttribution","line":190,"loc":{"start":{"line":190,"column":4},"end":{"line":199,"column":4}}},"10":{"name":"utilize","line":205,"loc":{"start":{"line":205,"column":4},"end":{"line":215,"column":4}}},"11":{"name":"attributionOf","line":223,"loc":{"start":{"line":223,"column":4},"end":{"line":225,"column":4}}},"12":{"name":"attributionAll","line":231,"loc":{"start":{"line":231,"column":4},"end":{"line":233,"column":4}}},"13":{"name":"attributionValue","line":240,"loc":{"start":{"line":240,"column":4},"end":{"line":250,"column":4}}},"14":{"name":"underlyingValue","line":257,"loc":{"start":{"line":257,"column":4},"end":{"line":263,"column":4}}},"15":{"name":"valueAll","line":269,"loc":{"start":{"line":269,"column":4},"end":{"line":271,"column":4}}},"16":{"name":"_unutilize","line":277,"loc":{"start":{"line":277,"column":4},"end":{"line":280,"column":4}}},"17":{"name":"available","line":286,"loc":{"start":{"line":286,"column":4},"end":{"line":288,"column":4}}},"18":{"name":"getPricePerFullShare","line":294,"loc":{"start":{"line":294,"column":4},"end":{"line":296,"column":4}}},"19":{"name":"withdrawRedundant","line":308,"loc":{"start":{"line":308,"column":4},"end":{"line":321,"column":4}}},"20":{"name":"setController","line":327,"loc":{"start":{"line":327,"column":4},"end":{"line":331,"column":4}}},"21":{"name":"setKeeper","line":337,"loc":{"start":{"line":337,"column":4},"end":{"line":341,"column":4}}}},"statementMap":{"1":{"start":{"line":44,"column":8},"end":{"line":44,"column":95}},"2":{"start":{"line":54,"column":8},"end":{"line":54,"column":21}},"3":{"start":{"line":55,"column":8},"end":{"line":55,"column":38}},"4":{"start":{"line":56,"column":8},"end":{"line":56,"column":44}},"5":{"start":{"line":57,"column":8},"end":{"line":57,"column":41}},"6":{"start":{"line":76,"column":8},"end":{"line":76,"column":2012}},"7":{"start":{"line":80,"column":8},"end":{"line":80,"column":2138}},"8":{"start":{"line":81,"column":12},"end":{"line":81,"column":34}},"9":{"start":{"line":83,"column":12},"end":{"line":83,"column":38}},"10":{"start":{"line":84,"column":12},"end":{"line":84,"column":62}},"11":{"start":{"line":86,"column":8},"end":{"line":86,"column":68}},"12":{"start":{"line":88,"column":8},"end":{"line":88,"column":25}},"13":{"start":{"line":89,"column":8},"end":{"line":89,"column":41}},"14":{"start":{"line":90,"column":8},"end":{"line":90,"column":51}},"15":{"start":{"line":103,"column":8},"end":{"line":103,"column":2940}},"16":{"start":{"line":108,"column":8},"end":{"line":108,"column":63}},"17":{"start":{"line":109,"column":8},"end":{"line":109,"column":49}},"18":{"start":{"line":110,"column":8},"end":{"line":110,"column":41}},"19":{"start":{"line":111,"column":8},"end":{"line":111,"column":3279}},"20":{"start":{"line":112,"column":12},"end":{"line":112,"column":53}},"21":{"start":{"line":113,"column":12},"end":{"line":113,"column":32}},"22":{"start":{"line":115,"column":8},"end":{"line":115,"column":24}},"23":{"start":{"line":116,"column":8},"end":{"line":116,"column":47}},"24":{"start":{"line":126,"column":8},"end":{"line":126,"column":3774}},"25":{"start":{"line":131,"column":8},"end":{"line":131,"column":77}},"26":{"start":{"line":132,"column":8},"end":{"line":132,"column":53}},"27":{"start":{"line":133,"column":8},"end":{"line":133,"column":55}},"28":{"start":{"line":146,"column":8},"end":{"line":146,"column":56}},"29":{"start":{"line":158,"column":8},"end":{"line":158,"column":68}},"30":{"start":{"line":171,"column":8},"end":{"line":171,"column":5422}},"31":{"start":{"line":175,"column":8},"end":{"line":175,"column":62}},"32":{"start":{"line":176,"column":8},"end":{"line":176,"column":47}},"33":{"start":{"line":177,"column":8},"end":{"line":177,"column":5674}},"34":{"start":{"line":178,"column":12},"end":{"line":178,"column":53}},"35":{"start":{"line":179,"column":12},"end":{"line":179,"column":32}},"36":{"start":{"line":181,"column":8},"end":{"line":181,"column":34}},"37":{"start":{"line":182,"column":8},"end":{"line":182,"column":47}},"38":{"start":{"line":193,"column":8},"end":{"line":193,"column":6236}},"39":{"start":{"line":197,"column":8},"end":{"line":197,"column":42}},"40":{"start":{"line":198,"column":8},"end":{"line":198,"column":44}},"41":{"start":{"line":206,"column":8},"end":{"line":206,"column":6701}},"42":{"start":{"line":207,"column":12},"end":{"line":207,"column":60}},"43":{"start":{"line":209,"column":8},"end":{"line":209,"column":28}},"44":{"start":{"line":210,"column":8},"end":{"line":210,"column":6841}},"45":{"start":{"line":211,"column":12},"end":{"line":211,"column":67}},"46":{"start":{"line":212,"column":12},"end":{"line":212,"column":29}},"47":{"start":{"line":213,"column":12},"end":{"line":213,"column":51}},"48":{"start":{"line":224,"column":8},"end":{"line":224,"column":36}},"49":{"start":{"line":232,"column":8},"end":{"line":232,"column":32}},"50":{"start":{"line":245,"column":8},"end":{"line":245,"column":7858}},"51":{"start":{"line":246,"column":12},"end":{"line":246,"column":64}},"52":{"start":{"line":248,"column":12},"end":{"line":248,"column":20}},"53":{"start":{"line":258,"column":8},"end":{"line":258,"column":8286}},"54":{"start":{"line":259,"column":12},"end":{"line":259,"column":73}},"55":{"start":{"line":261,"column":12},"end":{"line":261,"column":20}},"56":{"start":{"line":270,"column":8},"end":{"line":270,"column":46}},"57":{"start":{"line":278,"column":8},"end":{"line":278,"column":50}},"58":{"start":{"line":279,"column":8},"end":{"line":279,"column":25}},"59":{"start":{"line":287,"column":8},"end":{"line":287,"column":22}},"60":{"start":{"line":295,"column":8},"end":{"line":295,"column":52}},"61":{"start":{"line":310,"column":8},"end":{"line":310,"column":9733}},"62":{"start":{"line":313,"column":12},"end":{"line":313,"column":81}},"63":{"start":{"line":314,"column":12},"end":{"line":314,"column":54}},"64":{"start":{"line":315,"column":15},"end":{"line":315,"column":9994}},"65":{"start":{"line":316,"column":12},"end":{"line":316,"column":10061}},"66":{"start":{"line":328,"column":8},"end":{"line":328,"column":47}},"67":{"start":{"line":329,"column":8},"end":{"line":329,"column":44}},"68":{"start":{"line":330,"column":8},"end":{"line":330,"column":39}},"69":{"start":{"line":338,"column":8},"end":{"line":338,"column":10722}},"70":{"start":{"line":339,"column":12},"end":{"line":339,"column":27}}},"branchMap":{"1":{"line":44,"type":"if","locations":[{"start":{"line":44,"column":8},"end":{"line":44,"column":8}},{"start":{"line":44,"column":8},"end":{"line":44,"column":8}}]},"2":{"line":76,"type":"if","locations":[{"start":{"line":76,"column":8},"end":{"line":76,"column":8}},{"start":{"line":76,"column":8},"end":{"line":76,"column":8}}]},"3":{"line":80,"type":"if","locations":[{"start":{"line":80,"column":8},"end":{"line":80,"column":8}},{"start":{"line":80,"column":8},"end":{"line":80,"column":8}}]},"4":{"line":103,"type":"if","locations":[{"start":{"line":103,"column":8},"end":{"line":103,"column":8}},{"start":{"line":103,"column":8},"end":{"line":103,"column":8}}]},"5":{"line":111,"type":"if","locations":[{"start":{"line":111,"column":8},"end":{"line":111,"column":8}},{"start":{"line":111,"column":8},"end":{"line":111,"column":8}}]},"6":{"line":126,"type":"if","locations":[{"start":{"line":126,"column":8},"end":{"line":126,"column":8}},{"start":{"line":126,"column":8},"end":{"line":126,"column":8}}]},"7":{"line":171,"type":"if","locations":[{"start":{"line":171,"column":8},"end":{"line":171,"column":8}},{"start":{"line":171,"column":8},"end":{"line":171,"column":8}}]},"8":{"line":177,"type":"if","locations":[{"start":{"line":177,"column":8},"end":{"line":177,"column":8}},{"start":{"line":177,"column":8},"end":{"line":177,"column":8}}]},"9":{"line":193,"type":"if","locations":[{"start":{"line":193,"column":8},"end":{"line":193,"column":8}},{"start":{"line":193,"column":8},"end":{"line":193,"column":8}}]},"10":{"line":206,"type":"if","locations":[{"start":{"line":206,"column":8},"end":{"line":206,"column":8}},{"start":{"line":206,"column":8},"end":{"line":206,"column":8}}]},"11":{"line":207,"type":"if","locations":[{"start":{"line":207,"column":12},"end":{"line":207,"column":12}},{"start":{"line":207,"column":12},"end":{"line":207,"column":12}}]},"12":{"line":210,"type":"if","locations":[{"start":{"line":210,"column":8},"end":{"line":210,"column":8}},{"start":{"line":210,"column":8},"end":{"line":210,"column":8}}]},"13":{"line":245,"type":"if","locations":[{"start":{"line":245,"column":8},"end":{"line":245,"column":8}},{"start":{"line":245,"column":8},"end":{"line":245,"column":8}}]},"14":{"line":258,"type":"if","locations":[{"start":{"line":258,"column":8},"end":{"line":258,"column":8}},{"start":{"line":258,"column":8},"end":{"line":258,"column":8}}]},"15":{"line":310,"type":"if","locations":[{"start":{"line":310,"column":8},"end":{"line":310,"column":8}},{"start":{"line":310,"column":8},"end":{"line":310,"column":8}}]},"16":{"line":315,"type":"if","locations":[{"start":{"line":315,"column":15},"end":{"line":315,"column":15}},{"start":{"line":315,"column":15},"end":{"line":315,"column":15}}]},"17":{"line":338,"type":"if","locations":[{"start":{"line":338,"column":8},"end":{"line":338,"column":8}},{"start":{"line":338,"column":8},"end":{"line":338,"column":8}}]}}}}
