{
"contracts/CDS.sol":{"l":{"74":2,"78":2,"102":41,"115":41,"117":41,"118":41,"119":41,"121":41,"122":41,"123":41,"124":41,"126":41,"128":41,"139":32,"140":31,"142":31,"143":31,"144":31,"145":31,"147":31,"148":31,"151":31,"152":16,"154":0,"156":15,"159":31,"168":31,"175":7,"176":7,"180":7,"181":7,"189":6,"193":6,"210":3,"215":3,"218":3,"219":3,"230":1,"231":1,"232":1,"234":1,"236":0,"238":0,"240":0,"252":47,"259":75,"270":3,"271":1,"283":4,"294":1,"295":1,"306":0,"307":0,"312":0,"322":1,"327":1,"337":1,"342":1,"353":3,"358":2,"360":1,"361":1,"362":1,"369":31,"371":31,"372":31,"373":31,"380":3,"382":3,"383":3,"384":3,"395":3,"400":3,"401":3,"412":43,"419":31,"420":31,"421":31,"423":0,"438":1,"445":1,"457":2,"458":1,"459":0},"path":"/Users/kohshiba/Desktop/monorepo/InsureDAO-contract/contracts/CDS.sol","s":{"1":2,"2":41,"3":41,"4":41,"5":41,"6":41,"7":41,"8":41,"9":41,"10":41,"11":41,"12":41,"13":32,"14":31,"15":31,"16":31,"17":31,"18":31,"19":31,"20":31,"21":31,"22":16,"23":15,"24":0,"25":15,"26":31,"27":31,"28":7,"29":7,"30":7,"31":7,"32":6,"33":6,"34":3,"35":3,"36":3,"37":3,"38":1,"39":1,"40":1,"41":1,"42":0,"43":0,"44":0,"45":47,"46":75,"47":3,"48":1,"49":4,"50":1,"51":1,"52":0,"53":0,"54":0,"55":1,"56":1,"57":1,"58":1,"59":3,"60":2,"61":1,"62":1,"63":1,"64":31,"65":31,"66":31,"67":31,"68":3,"69":3,"70":3,"71":3,"72":3,"73":3,"74":3,"75":43,"76":31,"77":31,"78":31,"79":0,"80":1,"81":1,"82":2,"83":1,"84":0},"b":{"1":[2,0],"2":[41,0],"3":[31,1],"4":[31,0],"5":[16,15],"6":[0,15],"7":[7,0],"8":[3,3],"9":[1,0],"10":[1,0],"11":[2,1],"12":[31,0],"13":[3,0],"14":[3,0],"15":[31,0],"16":[0,1]},"f":{"1":2,"2":41,"3":32,"4":7,"5":6,"6":1,"7":47,"8":75,"9":3,"10":4,"11":1,"12":0,"13":1,"14":1,"15":3,"16":31,"17":3,"18":3,"19":43,"20":31,"21":1,"22":1,"23":2},"fnMap":{"1":{"name":"onlyOwner","line":73,"loc":{"start":{"line":73,"column":4},"end":{"line":79,"column":4}}},"2":{"name":"initialize","line":93,"loc":{"start":{"line":93,"column":4},"end":{"line":129,"column":4}}},"3":{"name":"deposit","line":138,"loc":{"start":{"line":138,"column":4},"end":{"line":169,"column":4}}},"4":{"name":"requestWithdraw","line":174,"loc":{"start":{"line":174,"column":4},"end":{"line":182,"column":4}}},"5":{"name":"withdraw","line":187,"loc":{"start":{"line":187,"column":4},"end":{"line":220,"column":4}}},"6":{"name":"compensate","line":229,"loc":{"start":{"line":229,"column":4},"end":{"line":242,"column":4}}},"7":{"name":"totalSupply","line":251,"loc":{"start":{"line":251,"column":4},"end":{"line":253,"column":4}}},"8":{"name":"balanceOf","line":258,"loc":{"start":{"line":258,"column":4},"end":{"line":260,"column":4}}},"9":{"name":"transfer","line":265,"loc":{"start":{"line":265,"column":4},"end":{"line":272,"column":4}}},"10":{"name":"allowance","line":277,"loc":{"start":{"line":277,"column":4},"end":{"line":284,"column":4}}},"11":{"name":"approve","line":289,"loc":{"start":{"line":289,"column":4},"end":{"line":296,"column":4}}},"12":{"name":"transferFrom","line":301,"loc":{"start":{"line":301,"column":4},"end":{"line":313,"column":4}}},"13":{"name":"increaseAllowance","line":318,"loc":{"start":{"line":318,"column":4},"end":{"line":328,"column":4}}},"14":{"name":"decreaseAllowance","line":333,"loc":{"start":{"line":333,"column":4},"end":{"line":343,"column":4}}},"15":{"name":"_transfer","line":348,"loc":{"start":{"line":348,"column":4},"end":{"line":363,"column":4}}},"16":{"name":"_mint","line":368,"loc":{"start":{"line":368,"column":4},"end":{"line":374,"column":4}}},"17":{"name":"_burn","line":379,"loc":{"start":{"line":379,"column":4},"end":{"line":385,"column":4}}},"18":{"name":"_approve","line":390,"loc":{"start":{"line":390,"column":4},"end":{"line":402,"column":4}}},"19":{"name":"totalLiquidity","line":411,"loc":{"start":{"line":411,"column":4},"end":{"line":413,"column":4}}},"20":{"name":"valueOfUnderlying","line":418,"loc":{"start":{"line":418,"column":4},"end":{"line":428,"column":4}}},"21":{"name":"changeMetadata","line":437,"loc":{"start":{"line":437,"column":4},"end":{"line":439,"column":4}}},"22":{"name":"setPaused","line":444,"loc":{"start":{"line":444,"column":4},"end":{"line":446,"column":4}}},"23":{"name":"_beforeTokenTransfer","line":455,"loc":{"start":{"line":455,"column":4},"end":{"line":461,"column":4}}}},"statementMap":{"1":{"start":{"line":74,"column":8},"end":{"line":74,"column":1785}},"2":{"start":{"line":102,"column":8},"end":{"line":102,"column":2490}},"3":{"start":{"line":115,"column":8},"end":{"line":115,"column":25}},"4":{"start":{"line":117,"column":8},"end":{"line":117,"column":19}},"5":{"start":{"line":118,"column":8},"end":{"line":118,"column":23}},"6":{"start":{"line":119,"column":8},"end":{"line":119,"column":27}},"7":{"start":{"line":121,"column":8},"end":{"line":121,"column":47}},"8":{"start":{"line":122,"column":8},"end":{"line":122,"column":37}},"9":{"start":{"line":123,"column":8},"end":{"line":123,"column":43}},"10":{"start":{"line":124,"column":8},"end":{"line":124,"column":39}},"11":{"start":{"line":126,"column":8},"end":{"line":126,"column":27}},"12":{"start":{"line":128,"column":8},"end":{"line":128,"column":19}},"13":{"start":{"line":139,"column":8},"end":{"line":139,"column":58}},"14":{"start":{"line":140,"column":8},"end":{"line":140,"column":27}},"15":{"start":{"line":142,"column":8},"end":{"line":142,"column":50}},"16":{"start":{"line":143,"column":8},"end":{"line":143,"column":40}},"17":{"start":{"line":144,"column":8},"end":{"line":144,"column":39}},"18":{"start":{"line":145,"column":8},"end":{"line":145,"column":50}},"19":{"start":{"line":147,"column":8},"end":{"line":147,"column":54}},"20":{"start":{"line":148,"column":8},"end":{"line":148,"column":63}},"21":{"start":{"line":151,"column":8},"end":{"line":151,"column":3992}},"22":{"start":{"line":152,"column":12},"end":{"line":152,"column":66}},"23":{"start":{"line":153,"column":15},"end":{"line":153,"column":4118}},"24":{"start":{"line":154,"column":12},"end":{"line":154,"column":45}},"25":{"start":{"line":156,"column":12},"end":{"line":156,"column":32}},"26":{"start":{"line":159,"column":8},"end":{"line":159,"column":4281}},"27":{"start":{"line":168,"column":8},"end":{"line":168,"column":37}},"28":{"start":{"line":175,"column":8},"end":{"line":175,"column":48}},"29":{"start":{"line":176,"column":8},"end":{"line":176,"column":4710}},"30":{"start":{"line":180,"column":8},"end":{"line":180,"column":48}},"31":{"start":{"line":181,"column":8},"end":{"line":181,"column":49}},"32":{"start":{"line":189,"column":8},"end":{"line":189,"column":5152}},"33":{"start":{"line":193,"column":8},"end":{"line":193,"column":5263}},"34":{"start":{"line":210,"column":8},"end":{"line":210,"column":5841}},"35":{"start":{"line":215,"column":8},"end":{"line":215,"column":33}},"36":{"start":{"line":218,"column":8},"end":{"line":218,"column":47}},"37":{"start":{"line":219,"column":8},"end":{"line":219,"column":51}},"38":{"start":{"line":230,"column":8},"end":{"line":230,"column":45}},"39":{"start":{"line":231,"column":8},"end":{"line":231,"column":65}},"40":{"start":{"line":232,"column":8},"end":{"line":232,"column":6446}},"41":{"start":{"line":234,"column":12},"end":{"line":234,"column":51}},"42":{"start":{"line":236,"column":12},"end":{"line":236,"column":55}},"43":{"start":{"line":238,"column":12},"end":{"line":238,"column":54}},"44":{"start":{"line":240,"column":12},"end":{"line":240,"column":43}},"45":{"start":{"line":252,"column":8},"end":{"line":252,"column":27}},"46":{"start":{"line":259,"column":8},"end":{"line":259,"column":33}},"47":{"start":{"line":270,"column":8},"end":{"line":270,"column":47}},"48":{"start":{"line":271,"column":8},"end":{"line":271,"column":19}},"49":{"start":{"line":283,"column":8},"end":{"line":283,"column":42}},"50":{"start":{"line":294,"column":8},"end":{"line":294,"column":43}},"51":{"start":{"line":295,"column":8},"end":{"line":295,"column":19}},"52":{"start":{"line":306,"column":8},"end":{"line":306,"column":43}},"53":{"start":{"line":307,"column":8},"end":{"line":307,"column":8198}},"54":{"start":{"line":312,"column":8},"end":{"line":312,"column":19}},"55":{"start":{"line":322,"column":8},"end":{"line":322,"column":8569}},"56":{"start":{"line":327,"column":8},"end":{"line":327,"column":19}},"57":{"start":{"line":337,"column":8},"end":{"line":337,"column":8951}},"58":{"start":{"line":342,"column":8},"end":{"line":342,"column":19}},"59":{"start":{"line":353,"column":8},"end":{"line":353,"column":9317}},"60":{"start":{"line":358,"column":8},"end":{"line":358,"column":43}},"61":{"start":{"line":360,"column":8},"end":{"line":360,"column":56}},"62":{"start":{"line":361,"column":8},"end":{"line":361,"column":62}},"63":{"start":{"line":362,"column":8},"end":{"line":362,"column":48}},"64":{"start":{"line":369,"column":8},"end":{"line":369,"column":72}},"65":{"start":{"line":371,"column":8},"end":{"line":371,"column":46}},"66":{"start":{"line":372,"column":8},"end":{"line":372,"column":58}},"67":{"start":{"line":373,"column":8},"end":{"line":373,"column":50}},"68":{"start":{"line":380,"column":8},"end":{"line":380,"column":74}},"69":{"start":{"line":382,"column":8},"end":{"line":382,"column":45}},"70":{"start":{"line":383,"column":8},"end":{"line":383,"column":57}},"71":{"start":{"line":384,"column":8},"end":{"line":384,"column":49}},"72":{"start":{"line":395,"column":8},"end":{"line":395,"column":10689}},"73":{"start":{"line":400,"column":8},"end":{"line":400,"column":45}},"74":{"start":{"line":401,"column":8},"end":{"line":401,"column":47}},"75":{"start":{"line":412,"column":8},"end":{"line":412,"column":51}},"76":{"start":{"line":419,"column":8},"end":{"line":419,"column":44}},"77":{"start":{"line":420,"column":8},"end":{"line":420,"column":11383}},"78":{"start":{"line":421,"column":12},"end":{"line":421,"column":20}},"79":{"start":{"line":423,"column":12},"end":{"line":423,"column":11464}},"80":{"start":{"line":438,"column":8},"end":{"line":438,"column":27}},"81":{"start":{"line":445,"column":8},"end":{"line":445,"column":21}},"82":{"start":{"line":457,"column":8},"end":{"line":457,"column":54}},"83":{"start":{"line":458,"column":8},"end":{"line":458,"column":12290}},"84":{"start":{"line":459,"column":12},"end":{"line":459,"column":47}}},"branchMap":{"1":{"line":74,"type":"if","locations":[{"start":{"line":74,"column":8},"end":{"line":74,"column":8}},{"start":{"line":74,"column":8},"end":{"line":74,"column":8}}]},"2":{"line":102,"type":"if","locations":[{"start":{"line":102,"column":8},"end":{"line":102,"column":8}},{"start":{"line":102,"column":8},"end":{"line":102,"column":8}}]},"3":{"line":139,"type":"if","locations":[{"start":{"line":139,"column":8},"end":{"line":139,"column":8}},{"start":{"line":139,"column":8},"end":{"line":139,"column":8}}]},"4":{"line":140,"type":"if","locations":[{"start":{"line":140,"column":8},"end":{"line":140,"column":8}},{"start":{"line":140,"column":8},"end":{"line":140,"column":8}}]},"5":{"line":151,"type":"if","locations":[{"start":{"line":151,"column":8},"end":{"line":151,"column":8}},{"start":{"line":151,"column":8},"end":{"line":151,"column":8}}]},"6":{"line":153,"type":"if","locations":[{"start":{"line":153,"column":15},"end":{"line":153,"column":15}},{"start":{"line":153,"column":15},"end":{"line":153,"column":15}}]},"7":{"line":176,"type":"if","locations":[{"start":{"line":176,"column":8},"end":{"line":176,"column":8}},{"start":{"line":176,"column":8},"end":{"line":176,"column":8}}]},"8":{"line":193,"type":"if","locations":[{"start":{"line":193,"column":8},"end":{"line":193,"column":8}},{"start":{"line":193,"column":8},"end":{"line":193,"column":8}}]},"9":{"line":230,"type":"if","locations":[{"start":{"line":230,"column":8},"end":{"line":230,"column":8}},{"start":{"line":230,"column":8},"end":{"line":230,"column":8}}]},"10":{"line":232,"type":"if","locations":[{"start":{"line":232,"column":8},"end":{"line":232,"column":8}},{"start":{"line":232,"column":8},"end":{"line":232,"column":8}}]},"11":{"line":353,"type":"if","locations":[{"start":{"line":353,"column":8},"end":{"line":353,"column":8}},{"start":{"line":353,"column":8},"end":{"line":353,"column":8}}]},"12":{"line":369,"type":"if","locations":[{"start":{"line":369,"column":8},"end":{"line":369,"column":8}},{"start":{"line":369,"column":8},"end":{"line":369,"column":8}}]},"13":{"line":380,"type":"if","locations":[{"start":{"line":380,"column":8},"end":{"line":380,"column":8}},{"start":{"line":380,"column":8},"end":{"line":380,"column":8}}]},"14":{"line":395,"type":"if","locations":[{"start":{"line":395,"column":8},"end":{"line":395,"column":8}},{"start":{"line":395,"column":8},"end":{"line":395,"column":8}}]},"15":{"line":420,"type":"if","locations":[{"start":{"line":420,"column":8},"end":{"line":420,"column":8}},{"start":{"line":420,"column":8},"end":{"line":420,"column":8}}]},"16":{"line":458,"type":"if","locations":[{"start":{"line":458,"column":8},"end":{"line":458,"column":8}},{"start":{"line":458,"column":8},"end":{"line":458,"column":8}}]}}},
"contracts/Factory.sol":{"l":{"63":240,"64":240,"76":162,"77":162,"78":162,"79":162,"80":162,"93":527,"94":527,"95":527,"96":527,"108":0,"109":0,"110":0,"111":0,"127":207,"128":207,"129":207,"131":207,"132":207,"133":662,"141":207,"142":125,"143":250,"147":207,"149":207,"152":207,"162":207,"172":207,"173":207,"174":207,"183":207,"184":207,"206":0,"207":0,"209":0,"210":0,"211":0,"213":0,"217":0,"218":0,"222":0,"224":0,"225":0,"227":0,"229":0},"path":"/Users/kohshiba/Desktop/monorepo/InsureDAO-contract/contracts/Factory.sol","s":{"1":240,"2":240,"3":162,"4":162,"5":162,"6":162,"7":162,"8":527,"9":527,"10":527,"11":527,"12":0,"13":0,"14":0,"15":0,"16":207,"17":207,"18":207,"19":207,"20":207,"21":662,"22":207,"23":125,"24":250,"25":207,"26":207,"27":207,"28":207,"29":207,"30":207,"31":207,"32":207,"33":0,"34":0,"35":0,"36":0,"37":0,"38":0,"39":0,"40":0,"41":0,"42":0,"43":0,"44":0,"45":0},"b":{"1":[162,0],"2":[162,0],"3":[527,0],"4":[527,0],"5":[0,0],"6":[0,0],"7":[207,0],"8":[207,0],"9":[207,0],"10":[207,0],"11":[662,0],"12":[125,82],"13":[0,0],"14":[0,0],"15":[0,0],"16":[0,0],"17":[0,0]},"f":{"1":240,"2":162,"3":527,"4":0,"5":207,"6":207,"7":0,"8":0},"fnMap":{"1":{"name":"constructor","line":62,"loc":{"start":{"line":62,"column":4},"end":{"line":65,"column":4}}},"2":{"name":"approveTemplate","line":71,"loc":{"start":{"line":71,"column":4},"end":{"line":81,"column":4}}},"3":{"name":"approveReference","line":87,"loc":{"start":{"line":87,"column":4},"end":{"line":97,"column":4}}},"4":{"name":"setCondition","line":103,"loc":{"start":{"line":103,"column":4},"end":{"line":112,"column":4}}},"5":{"name":"createMarket","line":118,"loc":{"start":{"line":118,"column":4},"end":{"line":175,"column":4}}},"6":{"name":"_createClone","line":181,"loc":{"start":{"line":181,"column":4},"end":{"line":202,"column":4}}},"7":{"name":"commit_transfer_ownership","line":205,"loc":{"start":{"line":205,"column":4},"end":{"line":214,"column":4}}},"8":{"name":"apply_transfer_ownership","line":216,"loc":{"start":{"line":216,"column":4},"end":{"line":230,"column":4}}}},"statementMap":{"1":{"start":{"line":63,"column":8},"end":{"line":63,"column":25}},"2":{"start":{"line":64,"column":8},"end":{"line":64,"column":27}},"3":{"start":{"line":76,"column":8},"end":{"line":76,"column":54}},"4":{"start":{"line":77,"column":8},"end":{"line":77,"column":48}},"5":{"start":{"line":78,"column":8},"end":{"line":78,"column":48}},"6":{"start":{"line":79,"column":8},"end":{"line":79,"column":45}},"7":{"start":{"line":80,"column":8},"end":{"line":80,"column":60}},"8":{"start":{"line":93,"column":8},"end":{"line":93,"column":54}},"9":{"start":{"line":94,"column":8},"end":{"line":94,"column":53}},"10":{"start":{"line":95,"column":8},"end":{"line":95,"column":62}},"11":{"start":{"line":96,"column":8},"end":{"line":96,"column":68}},"12":{"start":{"line":108,"column":8},"end":{"line":108,"column":54}},"13":{"start":{"line":109,"column":8},"end":{"line":109,"column":53}},"14":{"start":{"line":110,"column":8},"end":{"line":110,"column":57}},"15":{"start":{"line":111,"column":8},"end":{"line":111,"column":57}},"16":{"start":{"line":127,"column":8},"end":{"line":127,"column":77}},"17":{"start":{"line":128,"column":8},"end":{"line":128,"column":3861}},"18":{"start":{"line":129,"column":12},"end":{"line":129,"column":62}},"19":{"start":{"line":131,"column":8},"end":{"line":131,"column":3988}},"20":{"start":{"line":132,"column":12},"end":{"line":132,"column":4034}},"21":{"start":{"line":133,"column":16},"end":{"line":133,"column":4105}},"22":{"start":{"line":141,"column":8},"end":{"line":141,"column":4355}},"23":{"start":{"line":142,"column":12},"end":{"line":142,"column":4401}},"24":{"start":{"line":143,"column":16},"end":{"line":143,"column":67}},"25":{"start":{"line":147,"column":8},"end":{"line":147,"column":30}},"26":{"start":{"line":149,"column":8},"end":{"line":149,"column":4637}},"27":{"start":{"line":152,"column":8},"end":{"line":152,"column":4682}},"28":{"start":{"line":162,"column":8},"end":{"line":162,"column":4877}},"29":{"start":{"line":172,"column":8},"end":{"line":172,"column":36}},"30":{"start":{"line":173,"column":8},"end":{"line":173,"column":57}},"31":{"start":{"line":174,"column":8},"end":{"line":174,"column":30}},"32":{"start":{"line":183,"column":8},"end":{"line":183,"column":45}},"33":{"start":{"line":206,"column":8},"end":{"line":206,"column":54}},"34":{"start":{"line":207,"column":8},"end":{"line":207,"column":72}},"35":{"start":{"line":209,"column":8},"end":{"line":209,"column":68}},"36":{"start":{"line":210,"column":8},"end":{"line":210,"column":46}},"37":{"start":{"line":211,"column":8},"end":{"line":211,"column":28}},"38":{"start":{"line":213,"column":8},"end":{"line":213,"column":46}},"39":{"start":{"line":217,"column":8},"end":{"line":217,"column":54}},"40":{"start":{"line":218,"column":8},"end":{"line":218,"column":6879}},"41":{"start":{"line":222,"column":8},"end":{"line":222,"column":75}},"42":{"start":{"line":224,"column":8},"end":{"line":224,"column":38}},"43":{"start":{"line":225,"column":8},"end":{"line":225,"column":37}},"44":{"start":{"line":227,"column":8},"end":{"line":227,"column":21}},"45":{"start":{"line":229,"column":8},"end":{"line":229,"column":28}}},"branchMap":{"1":{"line":76,"type":"if","locations":[{"start":{"line":76,"column":8},"end":{"line":76,"column":8}},{"start":{"line":76,"column":8},"end":{"line":76,"column":8}}]},"2":{"line":77,"type":"if","locations":[{"start":{"line":77,"column":8},"end":{"line":77,"column":8}},{"start":{"line":77,"column":8},"end":{"line":77,"column":8}}]},"3":{"line":93,"type":"if","locations":[{"start":{"line":93,"column":8},"end":{"line":93,"column":8}},{"start":{"line":93,"column":8},"end":{"line":93,"column":8}}]},"4":{"line":94,"type":"if","locations":[{"start":{"line":94,"column":8},"end":{"line":94,"column":8}},{"start":{"line":94,"column":8},"end":{"line":94,"column":8}}]},"5":{"line":108,"type":"if","locations":[{"start":{"line":108,"column":8},"end":{"line":108,"column":8}},{"start":{"line":108,"column":8},"end":{"line":108,"column":8}}]},"6":{"line":109,"type":"if","locations":[{"start":{"line":109,"column":8},"end":{"line":109,"column":8}},{"start":{"line":109,"column":8},"end":{"line":109,"column":8}}]},"7":{"line":127,"type":"if","locations":[{"start":{"line":127,"column":8},"end":{"line":127,"column":8}},{"start":{"line":127,"column":8},"end":{"line":127,"column":8}}]},"8":{"line":128,"type":"if","locations":[{"start":{"line":128,"column":8},"end":{"line":128,"column":8}},{"start":{"line":128,"column":8},"end":{"line":128,"column":8}}]},"9":{"line":129,"type":"if","locations":[{"start":{"line":129,"column":12},"end":{"line":129,"column":12}},{"start":{"line":129,"column":12},"end":{"line":129,"column":12}}]},"10":{"line":131,"type":"if","locations":[{"start":{"line":131,"column":8},"end":{"line":131,"column":8}},{"start":{"line":131,"column":8},"end":{"line":131,"column":8}}]},"11":{"line":133,"type":"if","locations":[{"start":{"line":133,"column":16},"end":{"line":133,"column":16}},{"start":{"line":133,"column":16},"end":{"line":133,"column":16}}]},"12":{"line":141,"type":"if","locations":[{"start":{"line":141,"column":8},"end":{"line":141,"column":8}},{"start":{"line":141,"column":8},"end":{"line":141,"column":8}}]},"13":{"line":206,"type":"if","locations":[{"start":{"line":206,"column":8},"end":{"line":206,"column":8}},{"start":{"line":206,"column":8},"end":{"line":206,"column":8}}]},"14":{"line":207,"type":"if","locations":[{"start":{"line":207,"column":8},"end":{"line":207,"column":8}},{"start":{"line":207,"column":8},"end":{"line":207,"column":8}}]},"15":{"line":217,"type":"if","locations":[{"start":{"line":217,"column":8},"end":{"line":217,"column":8}},{"start":{"line":217,"column":8},"end":{"line":217,"column":8}}]},"16":{"line":218,"type":"if","locations":[{"start":{"line":218,"column":8},"end":{"line":218,"column":8}},{"start":{"line":218,"column":8},"end":{"line":218,"column":8}}]},"17":{"line":222,"type":"if","locations":[{"start":{"line":222,"column":8},"end":{"line":222,"column":8}},{"start":{"line":222,"column":8},"end":{"line":222,"column":8}}]}}},
"contracts/FeeModel.sol":{"l":{"19":31,"23":80},"path":"/Users/kohshiba/Desktop/monorepo/InsureDAO-contract/contracts/FeeModel.sol","s":{"1":31,"2":80},"b":{},"f":{"1":31,"2":80},"fnMap":{"1":{"name":"getFee","line":13,"loc":{"start":{"line":13,"column":4},"end":{"line":20,"column":4}}},"2":{"name":"setFee","line":22,"loc":{"start":{"line":22,"column":4},"end":{"line":24,"column":4}}}},"statementMap":{"1":{"start":{"line":19,"column":8},"end":{"line":19,"column":73}},"2":{"start":{"line":23,"column":8},"end":{"line":23,"column":25}}},"branchMap":{}},
"contracts/IndexTemplate.sol":{"l":{"85":118,"89":118,"111":41,"123":41,"125":41,"126":41,"127":41,"129":41,"130":41,"131":41,"133":41,"135":41,"146":43,"147":41,"149":41,"150":41,"151":41,"152":41,"153":41,"154":41,"155":41,"160":41,"162":41,"163":16,"165":0,"167":25,"169":41,"177":41,"178":41,"185":12,"186":12,"190":12,"191":12,"199":15,"201":15,"219":7,"223":7,"226":7,"227":7,"228":7,"229":7,"230":7,"232":7,"233":14,"237":14,"239":14,"240":14,"245":0,"246":0,"247":0,"248":0,"249":0,"251":14,"255":7,"256":14,"258":14,"263":14,"265":14,"267":14,"269":14,"270":14,"271":14,"273":14,"275":0,"276":0,"277":0,"279":14,"280":0,"286":7,"288":7,"296":28,"297":28,"298":67,"299":63,"301":63,"302":28,"304":63,"305":0,"309":28,"310":0,"312":23,"314":5,"332":118,"333":118,"334":118,"335":118,"337":118,"338":208,"342":208,"344":208,"345":208,"350":2,"351":2,"352":2,"353":2,"354":2,"356":206,"360":118,"361":208,"363":206,"368":206,"371":206,"373":206,"375":12,"376":12,"377":12,"379":206,"381":92,"382":92,"383":92,"385":206,"386":102,"403":3,"404":3,"406":2,"410":1,"411":1,"413":1,"415":1,"416":1,"419":1,"421":3,"432":4,"433":4,"440":4,"441":4,"452":88,"459":102,"470":4,"471":2,"483":4,"494":1,"495":1,"506":0,"507":0,"512":0,"522":1,"527":1,"537":1,"542":1,"553":4,"558":3,"560":2,"561":2,"562":2,"569":41,"571":41,"572":41,"573":41,"580":7,"582":7,"583":7,"584":7,"595":3,"600":3,"601":3,"613":42,"614":42,"616":0,"624":329,"631":42,"632":42,"633":41,"635":1,"647":1,"654":1,"661":44,"668":72,"669":31,"673":41,"676":72,"677":72,"678":72,"679":72,"681":72,"693":3,"694":2,"695":1,"703":334,"704":714},"path":"/Users/kohshiba/Desktop/monorepo/InsureDAO-contract/contracts/IndexTemplate.sol","s":{"1":118,"2":41,"3":41,"4":41,"5":41,"6":41,"7":41,"8":41,"9":41,"10":41,"11":41,"12":43,"13":41,"14":41,"15":41,"16":41,"17":41,"18":41,"19":41,"20":41,"21":41,"22":41,"23":16,"24":25,"25":0,"26":25,"27":41,"28":41,"29":41,"30":12,"31":12,"32":12,"33":12,"34":15,"35":15,"36":7,"37":7,"38":7,"39":7,"40":7,"41":7,"42":7,"43":7,"44":14,"45":14,"46":14,"47":14,"48":0,"49":0,"50":0,"51":0,"52":0,"53":14,"54":7,"55":14,"56":14,"57":14,"58":14,"59":14,"60":14,"61":14,"62":14,"63":14,"64":0,"65":0,"66":0,"67":14,"68":0,"69":7,"70":7,"71":28,"72":28,"73":67,"74":63,"75":63,"76":28,"77":63,"78":0,"79":28,"80":0,"81":28,"82":23,"83":5,"84":118,"85":118,"86":118,"87":118,"88":118,"89":208,"90":208,"91":208,"92":208,"93":2,"94":2,"95":2,"96":2,"97":2,"98":206,"99":118,"100":208,"101":206,"102":206,"103":206,"104":206,"105":12,"106":12,"107":12,"108":206,"109":92,"110":92,"111":92,"112":206,"113":102,"114":3,"115":3,"116":2,"117":1,"118":1,"119":1,"120":1,"121":1,"122":1,"123":3,"124":4,"125":4,"126":4,"127":4,"128":88,"129":102,"130":4,"131":2,"132":4,"133":1,"134":1,"135":0,"136":0,"137":0,"138":1,"139":1,"140":1,"141":1,"142":4,"143":3,"144":2,"145":2,"146":2,"147":41,"148":41,"149":41,"150":41,"151":7,"152":7,"153":7,"154":7,"155":3,"156":3,"157":3,"158":42,"159":42,"160":0,"161":329,"162":42,"163":42,"164":41,"165":1,"166":1,"167":1,"168":44,"169":72,"170":31,"171":41,"172":72,"173":72,"174":72,"175":72,"176":72,"177":3,"178":2,"179":1,"180":334,"181":714},"b":{"1":[118,0],"2":[41,0],"3":[41,2],"4":[41,0],"5":[16,25],"6":[0,25],"7":[12,0],"8":[7,8],"9":[0,14],"10":[14,0],"11":[14,0],"12":[0,14],"13":[0,14],"14":[63,4],"15":[28,35],"16":[0,63],"17":[0,28],"18":[23,5],"19":[2,206],"20":[206,2],"21":[12,194],"22":[92,114],"23":[102,104],"24":[3,0],"25":[2,1],"26":[1,0],"27":[4,0],"28":[4,0],"29":[3,1],"30":[41,0],"31":[7,0],"32":[3,0],"33":[42,0],"34":[41,1],"35":[31,41],"36":[72,0],"37":[1,1]},"f":{"1":118,"2":41,"3":43,"4":12,"5":15,"6":28,"7":118,"8":3,"9":4,"10":4,"11":88,"12":102,"13":4,"14":4,"15":1,"16":0,"17":1,"18":1,"19":4,"20":41,"21":7,"22":3,"23":42,"24":329,"25":42,"26":1,"27":1,"28":44,"29":72,"30":3,"31":334},"fnMap":{"1":{"name":"onlyOwner","line":84,"loc":{"start":{"line":84,"column":4},"end":{"line":90,"column":4}}},"2":{"name":"initialize","line":102,"loc":{"start":{"line":102,"column":4},"end":{"line":136,"column":4}}},"3":{"name":"deposit","line":145,"loc":{"start":{"line":145,"column":4},"end":{"line":179,"column":4}}},"4":{"name":"requestWithdraw","line":184,"loc":{"start":{"line":184,"column":4},"end":{"line":192,"column":4}}},"5":{"name":"withdraw","line":197,"loc":{"start":{"line":197,"column":4},"end":{"line":289,"column":4}}},"6":{"name":"withdrawable","line":295,"loc":{"start":{"line":295,"column":4},"end":{"line":321,"column":4}}},"7":{"name":"adjustAlloc","line":330,"loc":{"start":{"line":330,"column":4},"end":{"line":390,"column":4}}},"8":{"name":"compensate","line":402,"loc":{"start":{"line":402,"column":4},"end":{"line":422,"column":4}}},"9":{"name":"resume","line":431,"loc":{"start":{"line":431,"column":4},"end":{"line":434,"column":4}}},"10":{"name":"lock","line":439,"loc":{"start":{"line":439,"column":4},"end":{"line":442,"column":4}}},"11":{"name":"totalSupply","line":451,"loc":{"start":{"line":451,"column":4},"end":{"line":453,"column":4}}},"12":{"name":"balanceOf","line":458,"loc":{"start":{"line":458,"column":4},"end":{"line":460,"column":4}}},"13":{"name":"transfer","line":465,"loc":{"start":{"line":465,"column":4},"end":{"line":472,"column":4}}},"14":{"name":"allowance","line":477,"loc":{"start":{"line":477,"column":4},"end":{"line":484,"column":4}}},"15":{"name":"approve","line":489,"loc":{"start":{"line":489,"column":4},"end":{"line":496,"column":4}}},"16":{"name":"transferFrom","line":501,"loc":{"start":{"line":501,"column":4},"end":{"line":513,"column":4}}},"17":{"name":"increaseAllowance","line":518,"loc":{"start":{"line":518,"column":4},"end":{"line":528,"column":4}}},"18":{"name":"decreaseAllowance","line":533,"loc":{"start":{"line":533,"column":4},"end":{"line":543,"column":4}}},"19":{"name":"_transfer","line":548,"loc":{"start":{"line":548,"column":4},"end":{"line":563,"column":4}}},"20":{"name":"_mint","line":568,"loc":{"start":{"line":568,"column":4},"end":{"line":574,"column":4}}},"21":{"name":"_burn","line":579,"loc":{"start":{"line":579,"column":4},"end":{"line":585,"column":4}}},"22":{"name":"_approve","line":590,"loc":{"start":{"line":590,"column":4},"end":{"line":602,"column":4}}},"23":{"name":"leverage","line":611,"loc":{"start":{"line":611,"column":4},"end":{"line":618,"column":4}}},"24":{"name":"totalLiquidity","line":623,"loc":{"start":{"line":623,"column":4},"end":{"line":625,"column":4}}},"25":{"name":"valueOfUnderlying","line":630,"loc":{"start":{"line":630,"column":4},"end":{"line":637,"column":4}}},"26":{"name":"setPaused","line":646,"loc":{"start":{"line":646,"column":4},"end":{"line":648,"column":4}}},"27":{"name":"changeMetadata","line":653,"loc":{"start":{"line":653,"column":4},"end":{"line":655,"column":4}}},"28":{"name":"setLeverage","line":660,"loc":{"start":{"line":660,"column":4},"end":{"line":662,"column":4}}},"29":{"name":"set","line":667,"loc":{"start":{"line":667,"column":4},"end":{"line":682,"column":4}}},"30":{"name":"_beforeTokenTransfer","line":691,"loc":{"start":{"line":691,"column":4},"end":{"line":697,"column":4}}},"31":{"name":"_accruedPremiums","line":702,"loc":{"start":{"line":702,"column":4},"end":{"line":708,"column":4}}}},"statementMap":{"1":{"start":{"line":85,"column":8},"end":{"line":85,"column":2145}},"2":{"start":{"line":111,"column":8},"end":{"line":111,"column":2781}},"3":{"start":{"line":123,"column":8},"end":{"line":123,"column":25}},"4":{"start":{"line":125,"column":8},"end":{"line":125,"column":19}},"5":{"start":{"line":126,"column":8},"end":{"line":126,"column":23}},"6":{"start":{"line":127,"column":8},"end":{"line":127,"column":27}},"7":{"start":{"line":129,"column":8},"end":{"line":129,"column":47}},"8":{"start":{"line":130,"column":8},"end":{"line":130,"column":37}},"9":{"start":{"line":131,"column":8},"end":{"line":131,"column":43}},"10":{"start":{"line":133,"column":8},"end":{"line":133,"column":27}},"11":{"start":{"line":135,"column":8},"end":{"line":135,"column":19}},"12":{"start":{"line":146,"column":8},"end":{"line":146,"column":77}},"13":{"start":{"line":147,"column":8},"end":{"line":147,"column":27}},"14":{"start":{"line":149,"column":8},"end":{"line":149,"column":54}},"15":{"start":{"line":150,"column":8},"end":{"line":150,"column":50}},"16":{"start":{"line":151,"column":8},"end":{"line":151,"column":50}},"17":{"start":{"line":152,"column":8},"end":{"line":152,"column":39}},"18":{"start":{"line":153,"column":8},"end":{"line":153,"column":50}},"19":{"start":{"line":154,"column":8},"end":{"line":154,"column":54}},"20":{"start":{"line":155,"column":8},"end":{"line":155,"column":4148}},"21":{"start":{"line":160,"column":8},"end":{"line":160,"column":63}},"22":{"start":{"line":162,"column":8},"end":{"line":162,"column":4344}},"23":{"start":{"line":163,"column":12},"end":{"line":163,"column":66}},"24":{"start":{"line":164,"column":15},"end":{"line":164,"column":4470}},"25":{"start":{"line":165,"column":12},"end":{"line":165,"column":45}},"26":{"start":{"line":167,"column":12},"end":{"line":167,"column":32}},"27":{"start":{"line":169,"column":8},"end":{"line":169,"column":4632}},"28":{"start":{"line":177,"column":8},"end":{"line":177,"column":37}},"29":{"start":{"line":178,"column":8},"end":{"line":178,"column":20}},"30":{"start":{"line":185,"column":8},"end":{"line":185,"column":48}},"31":{"start":{"line":186,"column":8},"end":{"line":186,"column":5083}},"32":{"start":{"line":190,"column":8},"end":{"line":190,"column":48}},"33":{"start":{"line":191,"column":8},"end":{"line":191,"column":49}},"34":{"start":{"line":199,"column":8},"end":{"line":199,"column":65}},"35":{"start":{"line":201,"column":8},"end":{"line":201,"column":5594}},"36":{"start":{"line":219,"column":8},"end":{"line":219,"column":6217}},"37":{"start":{"line":223,"column":8},"end":{"line":223,"column":33}},"38":{"start":{"line":226,"column":8},"end":{"line":226,"column":63}},"39":{"start":{"line":227,"column":8},"end":{"line":227,"column":71}},"40":{"start":{"line":228,"column":8},"end":{"line":228,"column":67}},"41":{"start":{"line":229,"column":8},"end":{"line":229,"column":44}},"42":{"start":{"line":230,"column":8},"end":{"line":230,"column":52}},"43":{"start":{"line":232,"column":8},"end":{"line":232,"column":6965}},"44":{"start":{"line":233,"column":12},"end":{"line":233,"column":7034}},"45":{"start":{"line":237,"column":12},"end":{"line":237,"column":7246}},"46":{"start":{"line":239,"column":12},"end":{"line":239,"column":78}},"47":{"start":{"line":240,"column":12},"end":{"line":240,"column":7371}},"48":{"start":{"line":245,"column":16},"end":{"line":245,"column":68}},"49":{"start":{"line":246,"column":16},"end":{"line":246,"column":74}},"50":{"start":{"line":247,"column":16},"end":{"line":247,"column":40}},"51":{"start":{"line":248,"column":16},"end":{"line":248,"column":55}},"52":{"start":{"line":249,"column":16},"end":{"line":249,"column":67}},"53":{"start":{"line":251,"column":16},"end":{"line":251,"column":41}},"54":{"start":{"line":255,"column":8},"end":{"line":255,"column":8050}},"55":{"start":{"line":256,"column":12},"end":{"line":256,"column":8115}},"56":{"start":{"line":258,"column":16},"end":{"line":258,"column":8228}},"57":{"start":{"line":263,"column":16},"end":{"line":263,"column":8519}},"58":{"start":{"line":265,"column":16},"end":{"line":265,"column":8621}},"59":{"start":{"line":267,"column":16},"end":{"line":267,"column":8676}},"60":{"start":{"line":269,"column":20},"end":{"line":269,"column":61}},"61":{"start":{"line":270,"column":20},"end":{"line":270,"column":71}},"62":{"start":{"line":271,"column":20},"end":{"line":271,"column":77}},"63":{"start":{"line":273,"column":16},"end":{"line":273,"column":9057}},"64":{"start":{"line":275,"column":20},"end":{"line":275,"column":61}},"65":{"start":{"line":276,"column":20},"end":{"line":276,"column":71}},"66":{"start":{"line":277,"column":20},"end":{"line":277,"column":77}},"67":{"start":{"line":279,"column":16},"end":{"line":279,"column":9391}},"68":{"start":{"line":280,"column":20},"end":{"line":280,"column":63}},"69":{"start":{"line":286,"column":8},"end":{"line":286,"column":47}},"70":{"start":{"line":288,"column":8},"end":{"line":288,"column":51}},"71":{"start":{"line":296,"column":8},"end":{"line":296,"column":23}},"72":{"start":{"line":297,"column":8},"end":{"line":297,"column":9939}},"73":{"start":{"line":298,"column":12},"end":{"line":298,"column":10003}},"74":{"start":{"line":299,"column":16},"end":{"line":299,"column":10113}},"75":{"start":{"line":301,"column":16},"end":{"line":301,"column":10170}},"76":{"start":{"line":302,"column":20},"end":{"line":302,"column":41}},"77":{"start":{"line":304,"column":16},"end":{"line":304,"column":10262}},"78":{"start":{"line":305,"column":20},"end":{"line":305,"column":41}},"79":{"start":{"line":309,"column":8},"end":{"line":309,"column":10378}},"80":{"start":{"line":310,"column":12},"end":{"line":310,"column":22}},"81":{"start":{"line":311,"column":15},"end":{"line":311,"column":10448}},"82":{"start":{"line":312,"column":12},"end":{"line":312,"column":37}},"83":{"start":{"line":314,"column":12},"end":{"line":314,"column":10568}},"84":{"start":{"line":332,"column":8},"end":{"line":332,"column":72}},"85":{"start":{"line":333,"column":8},"end":{"line":333,"column":67}},"86":{"start":{"line":334,"column":8},"end":{"line":334,"column":44}},"87":{"start":{"line":335,"column":8},"end":{"line":335,"column":52}},"88":{"start":{"line":337,"column":8},"end":{"line":337,"column":11639}},"89":{"start":{"line":338,"column":12},"end":{"line":338,"column":11708}},"90":{"start":{"line":342,"column":12},"end":{"line":342,"column":11920}},"91":{"start":{"line":344,"column":12},"end":{"line":344,"column":78}},"92":{"start":{"line":345,"column":12},"end":{"line":345,"column":12045}},"93":{"start":{"line":350,"column":16},"end":{"line":350,"column":68}},"94":{"start":{"line":351,"column":16},"end":{"line":351,"column":74}},"95":{"start":{"line":352,"column":16},"end":{"line":352,"column":40}},"96":{"start":{"line":353,"column":16},"end":{"line":353,"column":55}},"97":{"start":{"line":354,"column":16},"end":{"line":354,"column":67}},"98":{"start":{"line":356,"column":16},"end":{"line":356,"column":41}},"99":{"start":{"line":360,"column":8},"end":{"line":360,"column":12724}},"100":{"start":{"line":361,"column":12},"end":{"line":361,"column":12789}},"101":{"start":{"line":363,"column":16},"end":{"line":363,"column":12902}},"102":{"start":{"line":368,"column":16},"end":{"line":368,"column":13193}},"103":{"start":{"line":371,"column":16},"end":{"line":371,"column":13296}},"104":{"start":{"line":373,"column":16},"end":{"line":373,"column":13351}},"105":{"start":{"line":375,"column":20},"end":{"line":375,"column":61}},"106":{"start":{"line":376,"column":20},"end":{"line":376,"column":71}},"107":{"start":{"line":377,"column":20},"end":{"line":377,"column":77}},"108":{"start":{"line":379,"column":16},"end":{"line":379,"column":13732}},"109":{"start":{"line":381,"column":20},"end":{"line":381,"column":61}},"110":{"start":{"line":382,"column":20},"end":{"line":382,"column":71}},"111":{"start":{"line":383,"column":20},"end":{"line":383,"column":77}},"112":{"start":{"line":385,"column":16},"end":{"line":385,"column":14066}},"113":{"start":{"line":386,"column":20},"end":{"line":386,"column":63}},"114":{"start":{"line":403,"column":8},"end":{"line":403,"column":49}},"115":{"start":{"line":404,"column":8},"end":{"line":404,"column":14665}},"116":{"start":{"line":406,"column":12},"end":{"line":406,"column":51}},"117":{"start":{"line":410,"column":12},"end":{"line":410,"column":15029}},"118":{"start":{"line":411,"column":16},"end":{"line":411,"column":59}},"119":{"start":{"line":413,"column":12},"end":{"line":413,"column":15165}},"120":{"start":{"line":415,"column":16},"end":{"line":415,"column":65}},"121":{"start":{"line":416,"column":16},"end":{"line":416,"column":73}},"122":{"start":{"line":419,"column":12},"end":{"line":419,"column":51}},"123":{"start":{"line":421,"column":8},"end":{"line":421,"column":20}},"124":{"start":{"line":432,"column":8},"end":{"line":432,"column":49}},"125":{"start":{"line":433,"column":8},"end":{"line":433,"column":21}},"126":{"start":{"line":440,"column":8},"end":{"line":440,"column":49}},"127":{"start":{"line":441,"column":8},"end":{"line":441,"column":20}},"128":{"start":{"line":452,"column":8},"end":{"line":452,"column":27}},"129":{"start":{"line":459,"column":8},"end":{"line":459,"column":33}},"130":{"start":{"line":470,"column":8},"end":{"line":470,"column":47}},"131":{"start":{"line":471,"column":8},"end":{"line":471,"column":19}},"132":{"start":{"line":483,"column":8},"end":{"line":483,"column":42}},"133":{"start":{"line":494,"column":8},"end":{"line":494,"column":43}},"134":{"start":{"line":495,"column":8},"end":{"line":495,"column":19}},"135":{"start":{"line":506,"column":8},"end":{"line":506,"column":43}},"136":{"start":{"line":507,"column":8},"end":{"line":507,"column":17217}},"137":{"start":{"line":512,"column":8},"end":{"line":512,"column":19}},"138":{"start":{"line":522,"column":8},"end":{"line":522,"column":17588}},"139":{"start":{"line":527,"column":8},"end":{"line":527,"column":19}},"140":{"start":{"line":537,"column":8},"end":{"line":537,"column":17970}},"141":{"start":{"line":542,"column":8},"end":{"line":542,"column":19}},"142":{"start":{"line":553,"column":8},"end":{"line":553,"column":18336}},"143":{"start":{"line":558,"column":8},"end":{"line":558,"column":43}},"144":{"start":{"line":560,"column":8},"end":{"line":560,"column":56}},"145":{"start":{"line":561,"column":8},"end":{"line":561,"column":62}},"146":{"start":{"line":562,"column":8},"end":{"line":562,"column":48}},"147":{"start":{"line":569,"column":8},"end":{"line":569,"column":72}},"148":{"start":{"line":571,"column":8},"end":{"line":571,"column":46}},"149":{"start":{"line":572,"column":8},"end":{"line":572,"column":58}},"150":{"start":{"line":573,"column":8},"end":{"line":573,"column":50}},"151":{"start":{"line":580,"column":8},"end":{"line":580,"column":74}},"152":{"start":{"line":582,"column":8},"end":{"line":582,"column":45}},"153":{"start":{"line":583,"column":8},"end":{"line":583,"column":57}},"154":{"start":{"line":584,"column":8},"end":{"line":584,"column":49}},"155":{"start":{"line":595,"column":8},"end":{"line":595,"column":19708}},"156":{"start":{"line":600,"column":8},"end":{"line":600,"column":45}},"157":{"start":{"line":601,"column":8},"end":{"line":601,"column":47}},"158":{"start":{"line":613,"column":8},"end":{"line":613,"column":20145}},"159":{"start":{"line":614,"column":12},"end":{"line":614,"column":70}},"160":{"start":{"line":616,"column":12},"end":{"line":616,"column":20}},"161":{"start":{"line":624,"column":8},"end":{"line":624,"column":75}},"162":{"start":{"line":631,"column":8},"end":{"line":631,"column":44}},"163":{"start":{"line":632,"column":8},"end":{"line":632,"column":20756}},"164":{"start":{"line":633,"column":12},"end":{"line":633,"column":20}},"165":{"start":{"line":635,"column":12},"end":{"line":635,"column":68}},"166":{"start":{"line":647,"column":8},"end":{"line":647,"column":21}},"167":{"start":{"line":654,"column":8},"end":{"line":654,"column":27}},"168":{"start":{"line":661,"column":8},"end":{"line":661,"column":26}},"169":{"start":{"line":668,"column":8},"end":{"line":668,"column":21597}},"170":{"start":{"line":669,"column":12},"end":{"line":669,"column":21640}},"171":{"start":{"line":673,"column":12},"end":{"line":673,"column":40}},"172":{"start":{"line":676,"column":8},"end":{"line":676,"column":45}},"173":{"start":{"line":677,"column":8},"end":{"line":677,"column":21875}},"174":{"start":{"line":678,"column":12},"end":{"line":678,"column":37}},"175":{"start":{"line":679,"column":12},"end":{"line":679,"column":31}},"176":{"start":{"line":681,"column":8},"end":{"line":681,"column":20}},"177":{"start":{"line":693,"column":8},"end":{"line":693,"column":54}},"178":{"start":{"line":694,"column":8},"end":{"line":694,"column":22344}},"179":{"start":{"line":695,"column":12},"end":{"line":695,"column":47}},"180":{"start":{"line":703,"column":8},"end":{"line":703,"column":22622}},"181":{"start":{"line":704,"column":12},"end":{"line":704,"column":22686}}},"branchMap":{"1":{"line":85,"type":"if","locations":[{"start":{"line":85,"column":8},"end":{"line":85,"column":8}},{"start":{"line":85,"column":8},"end":{"line":85,"column":8}}]},"2":{"line":111,"type":"if","locations":[{"start":{"line":111,"column":8},"end":{"line":111,"column":8}},{"start":{"line":111,"column":8},"end":{"line":111,"column":8}}]},"3":{"line":146,"type":"if","locations":[{"start":{"line":146,"column":8},"end":{"line":146,"column":8}},{"start":{"line":146,"column":8},"end":{"line":146,"column":8}}]},"4":{"line":147,"type":"if","locations":[{"start":{"line":147,"column":8},"end":{"line":147,"column":8}},{"start":{"line":147,"column":8},"end":{"line":147,"column":8}}]},"5":{"line":162,"type":"if","locations":[{"start":{"line":162,"column":8},"end":{"line":162,"column":8}},{"start":{"line":162,"column":8},"end":{"line":162,"column":8}}]},"6":{"line":164,"type":"if","locations":[{"start":{"line":164,"column":15},"end":{"line":164,"column":15}},{"start":{"line":164,"column":15},"end":{"line":164,"column":15}}]},"7":{"line":186,"type":"if","locations":[{"start":{"line":186,"column":8},"end":{"line":186,"column":8}},{"start":{"line":186,"column":8},"end":{"line":186,"column":8}}]},"8":{"line":201,"type":"if","locations":[{"start":{"line":201,"column":8},"end":{"line":201,"column":8}},{"start":{"line":201,"column":8},"end":{"line":201,"column":8}}]},"9":{"line":240,"type":"if","locations":[{"start":{"line":240,"column":12},"end":{"line":240,"column":12}},{"start":{"line":240,"column":12},"end":{"line":240,"column":12}}]},"10":{"line":256,"type":"if","locations":[{"start":{"line":256,"column":12},"end":{"line":256,"column":12}},{"start":{"line":256,"column":12},"end":{"line":256,"column":12}}]},"11":{"line":267,"type":"if","locations":[{"start":{"line":267,"column":16},"end":{"line":267,"column":16}},{"start":{"line":267,"column":16},"end":{"line":267,"column":16}}]},"12":{"line":273,"type":"if","locations":[{"start":{"line":273,"column":16},"end":{"line":273,"column":16}},{"start":{"line":273,"column":16},"end":{"line":273,"column":16}}]},"13":{"line":279,"type":"if","locations":[{"start":{"line":279,"column":16},"end":{"line":279,"column":16}},{"start":{"line":279,"column":16},"end":{"line":279,"column":16}}]},"14":{"line":298,"type":"if","locations":[{"start":{"line":298,"column":12},"end":{"line":298,"column":12}},{"start":{"line":298,"column":12},"end":{"line":298,"column":12}}]},"15":{"line":301,"type":"if","locations":[{"start":{"line":301,"column":16},"end":{"line":301,"column":16}},{"start":{"line":301,"column":16},"end":{"line":301,"column":16}}]},"16":{"line":304,"type":"if","locations":[{"start":{"line":304,"column":16},"end":{"line":304,"column":16}},{"start":{"line":304,"column":16},"end":{"line":304,"column":16}}]},"17":{"line":309,"type":"if","locations":[{"start":{"line":309,"column":8},"end":{"line":309,"column":8}},{"start":{"line":309,"column":8},"end":{"line":309,"column":8}}]},"18":{"line":311,"type":"if","locations":[{"start":{"line":311,"column":15},"end":{"line":311,"column":15}},{"start":{"line":311,"column":15},"end":{"line":311,"column":15}}]},"19":{"line":345,"type":"if","locations":[{"start":{"line":345,"column":12},"end":{"line":345,"column":12}},{"start":{"line":345,"column":12},"end":{"line":345,"column":12}}]},"20":{"line":361,"type":"if","locations":[{"start":{"line":361,"column":12},"end":{"line":361,"column":12}},{"start":{"line":361,"column":12},"end":{"line":361,"column":12}}]},"21":{"line":373,"type":"if","locations":[{"start":{"line":373,"column":16},"end":{"line":373,"column":16}},{"start":{"line":373,"column":16},"end":{"line":373,"column":16}}]},"22":{"line":379,"type":"if","locations":[{"start":{"line":379,"column":16},"end":{"line":379,"column":16}},{"start":{"line":379,"column":16},"end":{"line":379,"column":16}}]},"23":{"line":385,"type":"if","locations":[{"start":{"line":385,"column":16},"end":{"line":385,"column":16}},{"start":{"line":385,"column":16},"end":{"line":385,"column":16}}]},"24":{"line":403,"type":"if","locations":[{"start":{"line":403,"column":8},"end":{"line":403,"column":8}},{"start":{"line":403,"column":8},"end":{"line":403,"column":8}}]},"25":{"line":404,"type":"if","locations":[{"start":{"line":404,"column":8},"end":{"line":404,"column":8}},{"start":{"line":404,"column":8},"end":{"line":404,"column":8}}]},"26":{"line":413,"type":"if","locations":[{"start":{"line":413,"column":12},"end":{"line":413,"column":12}},{"start":{"line":413,"column":12},"end":{"line":413,"column":12}}]},"27":{"line":432,"type":"if","locations":[{"start":{"line":432,"column":8},"end":{"line":432,"column":8}},{"start":{"line":432,"column":8},"end":{"line":432,"column":8}}]},"28":{"line":440,"type":"if","locations":[{"start":{"line":440,"column":8},"end":{"line":440,"column":8}},{"start":{"line":440,"column":8},"end":{"line":440,"column":8}}]},"29":{"line":553,"type":"if","locations":[{"start":{"line":553,"column":8},"end":{"line":553,"column":8}},{"start":{"line":553,"column":8},"end":{"line":553,"column":8}}]},"30":{"line":569,"type":"if","locations":[{"start":{"line":569,"column":8},"end":{"line":569,"column":8}},{"start":{"line":569,"column":8},"end":{"line":569,"column":8}}]},"31":{"line":580,"type":"if","locations":[{"start":{"line":580,"column":8},"end":{"line":580,"column":8}},{"start":{"line":580,"column":8},"end":{"line":580,"column":8}}]},"32":{"line":595,"type":"if","locations":[{"start":{"line":595,"column":8},"end":{"line":595,"column":8}},{"start":{"line":595,"column":8},"end":{"line":595,"column":8}}]},"33":{"line":613,"type":"if","locations":[{"start":{"line":613,"column":8},"end":{"line":613,"column":8}},{"start":{"line":613,"column":8},"end":{"line":613,"column":8}}]},"34":{"line":632,"type":"if","locations":[{"start":{"line":632,"column":8},"end":{"line":632,"column":8}},{"start":{"line":632,"column":8},"end":{"line":632,"column":8}}]},"35":{"line":668,"type":"if","locations":[{"start":{"line":668,"column":8},"end":{"line":668,"column":8}},{"start":{"line":668,"column":8},"end":{"line":668,"column":8}}]},"36":{"line":677,"type":"if","locations":[{"start":{"line":677,"column":8},"end":{"line":677,"column":8}},{"start":{"line":677,"column":8},"end":{"line":677,"column":8}}]},"37":{"line":694,"type":"if","locations":[{"start":{"line":694,"column":8},"end":{"line":694,"column":8}},{"start":{"line":694,"column":8},"end":{"line":694,"column":8}}]}}},
"contracts/interfaces/ICDS.sol":{"l":{},"path":"/Users/kohshiba/Desktop/monorepo/InsureDAO-contract/contracts/interfaces/ICDS.sol","s":{},"b":{},"f":{},"fnMap":{},"statementMap":{},"branchMap":{}},
"contracts/interfaces/IController.sol":{"l":{},"path":"/Users/kohshiba/Desktop/monorepo/InsureDAO-contract/contracts/interfaces/IController.sol","s":{},"b":{},"f":{},"fnMap":{},"statementMap":{},"branchMap":{}},
"contracts/interfaces/IFeeModel.sol":{"l":{},"path":"/Users/kohshiba/Desktop/monorepo/InsureDAO-contract/contracts/interfaces/IFeeModel.sol","s":{},"b":{},"f":{},"fnMap":{},"statementMap":{},"branchMap":{}},
"contracts/interfaces/IIndexTemplate.sol":{"l":{},"path":"/Users/kohshiba/Desktop/monorepo/InsureDAO-contract/contracts/interfaces/IIndexTemplate.sol","s":{},"b":{},"f":{},"fnMap":{},"statementMap":{},"branchMap":{}},
"contracts/interfaces/IMinter.sol":{"l":{},"path":"/Users/kohshiba/Desktop/monorepo/InsureDAO-contract/contracts/interfaces/IMinter.sol","s":{},"b":{},"f":{},"fnMap":{},"statementMap":{},"branchMap":{}},
"contracts/interfaces/IParameters.sol":{"l":{},"path":"/Users/kohshiba/Desktop/monorepo/InsureDAO-contract/contracts/interfaces/IParameters.sol","s":{},"b":{},"f":{},"fnMap":{},"statementMap":{},"branchMap":{}},
"contracts/interfaces/IPoolTemplate.sol":{"l":{},"path":"/Users/kohshiba/Desktop/monorepo/InsureDAO-contract/contracts/interfaces/IPoolTemplate.sol","s":{},"b":{},"f":{},"fnMap":{},"statementMap":{},"branchMap":{}},
"contracts/interfaces/IPremiumModel.sol":{"l":{},"path":"/Users/kohshiba/Desktop/monorepo/InsureDAO-contract/contracts/interfaces/IPremiumModel.sol","s":{},"b":{},"f":{},"fnMap":{},"statementMap":{},"branchMap":{}},
"contracts/interfaces/IRegistry.sol":{"l":{},"path":"/Users/kohshiba/Desktop/monorepo/InsureDAO-contract/contracts/interfaces/IRegistry.sol","s":{},"b":{},"f":{},"fnMap":{},"statementMap":{},"branchMap":{}},
"contracts/interfaces/IUniversalMarket.sol":{"l":{},"path":"/Users/kohshiba/Desktop/monorepo/InsureDAO-contract/contracts/interfaces/IUniversalMarket.sol","s":{},"b":{},"f":{},"fnMap":{},"statementMap":{},"branchMap":{}},
"contracts/interfaces/IVault.sol":{"l":{},"path":"/Users/kohshiba/Desktop/monorepo/InsureDAO-contract/contracts/interfaces/IVault.sol","s":{},"b":{},"f":{},"fnMap":{},"statementMap":{},"branchMap":{}},
"contracts/libraries/access/MinterRole.sol":{"l":{"14":0,"18":0,"22":0,"26":0,"30":0,"34":0,"38":0,"39":0,"43":0,"44":0},"path":"/Users/kohshiba/Desktop/monorepo/InsureDAO-contract/contracts/libraries/access/MinterRole.sol","s":{"1":0,"2":0,"3":0,"4":0,"5":0,"6":0,"7":0,"8":0,"9":0},"b":{"1":[0,0]},"f":{"1":0,"2":0,"3":0,"4":0,"5":0,"6":0,"7":0},"fnMap":{"1":{"name":"constructor","line":13,"loc":{"start":{"line":13,"column":4},"end":{"line":15,"column":4}}},"2":{"name":"onlyMinter","line":17,"loc":{"start":{"line":17,"column":4},"end":{"line":23,"column":4}}},"3":{"name":"isMinter","line":25,"loc":{"start":{"line":25,"column":4},"end":{"line":27,"column":4}}},"4":{"name":"addMinter","line":29,"loc":{"start":{"line":29,"column":4},"end":{"line":31,"column":4}}},"5":{"name":"renounceMinter","line":33,"loc":{"start":{"line":33,"column":4},"end":{"line":35,"column":4}}},"6":{"name":"_addMinter","line":37,"loc":{"start":{"line":37,"column":4},"end":{"line":40,"column":4}}},"7":{"name":"_removeMinter","line":42,"loc":{"start":{"line":42,"column":4},"end":{"line":45,"column":4}}}},"statementMap":{"1":{"start":{"line":14,"column":8},"end":{"line":14,"column":29}},"2":{"start":{"line":18,"column":8},"end":{"line":18,"column":349}},"3":{"start":{"line":26,"column":8},"end":{"line":26,"column":36}},"4":{"start":{"line":30,"column":8},"end":{"line":30,"column":26}},"5":{"start":{"line":34,"column":8},"end":{"line":34,"column":32}},"6":{"start":{"line":38,"column":8},"end":{"line":38,"column":28}},"7":{"start":{"line":39,"column":8},"end":{"line":39,"column":33}},"8":{"start":{"line":43,"column":8},"end":{"line":43,"column":31}},"9":{"start":{"line":44,"column":8},"end":{"line":44,"column":35}}},"branchMap":{"1":{"line":18,"type":"if","locations":[{"start":{"line":18,"column":8},"end":{"line":18,"column":8}},{"start":{"line":18,"column":8},"end":{"line":18,"column":8}}]}}},
"contracts/libraries/access/Roles.sol":{"l":{"16":0,"17":0,"24":0,"25":0,"37":0,"38":0},"path":"/Users/kohshiba/Desktop/monorepo/InsureDAO-contract/contracts/libraries/access/Roles.sol","s":{"1":0,"2":0,"3":0,"4":0,"5":0,"6":0},"b":{"1":[0,0],"2":[0,0],"3":[0,0]},"f":{"1":0,"2":0,"3":0},"fnMap":{"1":{"name":"add","line":15,"loc":{"start":{"line":15,"column":4},"end":{"line":18,"column":4}}},"2":{"name":"remove","line":23,"loc":{"start":{"line":23,"column":4},"end":{"line":26,"column":4}}},"3":{"name":"has","line":32,"loc":{"start":{"line":32,"column":4},"end":{"line":39,"column":4}}}},"statementMap":{"1":{"start":{"line":16,"column":8},"end":{"line":16,"column":70}},"2":{"start":{"line":17,"column":8},"end":{"line":17,"column":34}},"3":{"start":{"line":24,"column":8},"end":{"line":24,"column":71}},"4":{"start":{"line":25,"column":8},"end":{"line":25,"column":35}},"5":{"start":{"line":37,"column":8},"end":{"line":37,"column":75}},"6":{"start":{"line":38,"column":8},"end":{"line":38,"column":35}}},"branchMap":{"1":{"line":16,"type":"if","locations":[{"start":{"line":16,"column":8},"end":{"line":16,"column":8}},{"start":{"line":16,"column":8},"end":{"line":16,"column":8}}]},"2":{"line":24,"type":"if","locations":[{"start":{"line":24,"column":8},"end":{"line":24,"column":8}},{"start":{"line":24,"column":8},"end":{"line":24,"column":8}}]},"3":{"line":37,"type":"if","locations":[{"start":{"line":37,"column":8},"end":{"line":37,"column":8}},{"start":{"line":37,"column":8},"end":{"line":37,"column":8}}]}}},
"contracts/libraries/math/SafeMath.sol":{"l":{"27":5114,"28":5114,"30":5114,"43":2010,"44":2007,"46":2007,"62":2606,"63":478,"66":2128,"67":2128,"69":2128,"85":2585,"86":2585,"89":2585,"104":0,"105":0},"path":"/Users/kohshiba/Desktop/monorepo/InsureDAO-contract/contracts/libraries/math/SafeMath.sol","s":{"1":5114,"2":5114,"3":5114,"4":2010,"5":2007,"6":2007,"7":2606,"8":478,"9":2128,"10":2128,"11":2128,"12":2585,"13":2585,"14":2585,"15":0,"16":0},"b":{"1":[5114,0],"2":[2007,3],"3":[478,2128],"4":[2128,0],"5":[2585,0],"6":[0,0]},"f":{"1":5114,"2":2010,"3":2606,"4":2585,"5":0},"fnMap":{"1":{"name":"add","line":26,"loc":{"start":{"line":26,"column":4},"end":{"line":31,"column":4}}},"2":{"name":"sub","line":42,"loc":{"start":{"line":42,"column":4},"end":{"line":47,"column":4}}},"3":{"name":"mul","line":58,"loc":{"start":{"line":58,"column":4},"end":{"line":70,"column":4}}},"4":{"name":"div","line":83,"loc":{"start":{"line":83,"column":4},"end":{"line":90,"column":4}}},"5":{"name":"mod","line":103,"loc":{"start":{"line":103,"column":4},"end":{"line":106,"column":4}}}},"statementMap":{"1":{"start":{"line":27,"column":8},"end":{"line":27,"column":25}},"2":{"start":{"line":28,"column":8},"end":{"line":28,"column":53}},"3":{"start":{"line":30,"column":8},"end":{"line":30,"column":16}},"4":{"start":{"line":43,"column":8},"end":{"line":43,"column":56}},"5":{"start":{"line":44,"column":8},"end":{"line":44,"column":25}},"6":{"start":{"line":46,"column":8},"end":{"line":46,"column":16}},"7":{"start":{"line":62,"column":8},"end":{"line":62,"column":1997}},"8":{"start":{"line":63,"column":12},"end":{"line":63,"column":20}},"9":{"start":{"line":66,"column":8},"end":{"line":66,"column":25}},"10":{"start":{"line":67,"column":8},"end":{"line":67,"column":63}},"11":{"start":{"line":69,"column":8},"end":{"line":69,"column":16}},"12":{"start":{"line":85,"column":8},"end":{"line":85,"column":51}},"13":{"start":{"line":86,"column":8},"end":{"line":86,"column":25}},"14":{"start":{"line":89,"column":8},"end":{"line":89,"column":16}},"15":{"start":{"line":104,"column":8},"end":{"line":104,"column":50}},"16":{"start":{"line":105,"column":8},"end":{"line":105,"column":20}}},"branchMap":{"1":{"line":28,"type":"if","locations":[{"start":{"line":28,"column":8},"end":{"line":28,"column":8}},{"start":{"line":28,"column":8},"end":{"line":28,"column":8}}]},"2":{"line":43,"type":"if","locations":[{"start":{"line":43,"column":8},"end":{"line":43,"column":8}},{"start":{"line":43,"column":8},"end":{"line":43,"column":8}}]},"3":{"line":62,"type":"if","locations":[{"start":{"line":62,"column":8},"end":{"line":62,"column":8}},{"start":{"line":62,"column":8},"end":{"line":62,"column":8}}]},"4":{"line":67,"type":"if","locations":[{"start":{"line":67,"column":8},"end":{"line":67,"column":8}},{"start":{"line":67,"column":8},"end":{"line":67,"column":8}}]},"5":{"line":85,"type":"if","locations":[{"start":{"line":85,"column":8},"end":{"line":85,"column":8}},{"start":{"line":85,"column":8},"end":{"line":85,"column":8}}]},"6":{"line":104,"type":"if","locations":[{"start":{"line":104,"column":8},"end":{"line":104,"column":8}},{"start":{"line":104,"column":8},"end":{"line":104,"column":8}}]}}},
"contracts/libraries/tokens/ERC165.sol":{"l":{"25":0,"39":0,"54":0,"55":0},"path":"/Users/kohshiba/Desktop/monorepo/InsureDAO-contract/contracts/libraries/tokens/ERC165.sol","s":{"1":0,"2":0,"3":0,"4":0},"b":{"1":[0,0]},"f":{"1":0,"2":0,"3":0},"fnMap":{"1":{"name":"constructor","line":22,"loc":{"start":{"line":22,"column":4},"end":{"line":26,"column":4}}},"2":{"name":"supportsInterface","line":33,"loc":{"start":{"line":33,"column":4},"end":{"line":40,"column":4}}},"3":{"name":"_registerInterface","line":53,"loc":{"start":{"line":53,"column":4},"end":{"line":56,"column":4}}}},"statementMap":{"1":{"start":{"line":25,"column":8},"end":{"line":25,"column":47}},"2":{"start":{"line":39,"column":8},"end":{"line":39,"column":48}},"3":{"start":{"line":54,"column":8},"end":{"line":54,"column":73}},"4":{"start":{"line":55,"column":8},"end":{"line":55,"column":47}}},"branchMap":{"1":{"line":54,"type":"if","locations":[{"start":{"line":54,"column":8},"end":{"line":54,"column":8}},{"start":{"line":54,"column":8},"end":{"line":54,"column":8}}]}}},
"contracts/libraries/tokens/ERC20.sol":{"l":{"42":0,"49":1759,"65":38,"66":38,"78":0,"93":142,"94":142,"114":285,"115":285,"120":285,"139":0,"144":0,"165":0,"170":0,"192":323,"193":323,"195":323,"196":323,"197":323,"210":250,"212":250,"213":250,"214":250,"229":0,"231":0,"232":0,"233":0,"254":427,"255":427,"257":427,"258":427,"268":0,"269":0},"path":"/Users/kohshiba/Desktop/monorepo/InsureDAO-contract/contracts/libraries/tokens/ERC20.sol","s":{"1":0,"2":1759,"3":38,"4":38,"5":0,"6":142,"7":142,"8":285,"9":285,"10":285,"11":0,"12":0,"13":0,"14":0,"15":323,"16":323,"17":323,"18":323,"19":323,"20":250,"21":250,"22":250,"23":250,"24":0,"25":0,"26":0,"27":0,"28":427,"29":427,"30":427,"31":427,"32":0,"33":0},"b":{"1":[323,0],"2":[323,0],"3":[250,0],"4":[0,0],"5":[427,0],"6":[427,0]},"f":{"1":0,"2":1759,"3":38,"4":0,"5":142,"6":285,"7":0,"8":0,"9":323,"10":250,"11":0,"12":427,"13":0},"fnMap":{"1":{"name":"totalSupply","line":41,"loc":{"start":{"line":41,"column":4},"end":{"line":43,"column":4}}},"2":{"name":"balanceOf","line":48,"loc":{"start":{"line":48,"column":4},"end":{"line":50,"column":4}}},"3":{"name":"transfer","line":60,"loc":{"start":{"line":60,"column":4},"end":{"line":67,"column":4}}},"4":{"name":"allowance","line":72,"loc":{"start":{"line":72,"column":4},"end":{"line":79,"column":4}}},"5":{"name":"approve","line":88,"loc":{"start":{"line":88,"column":4},"end":{"line":95,"column":4}}},"6":{"name":"transferFrom","line":109,"loc":{"start":{"line":109,"column":4},"end":{"line":121,"column":4}}},"7":{"name":"increaseAllowance","line":135,"loc":{"start":{"line":135,"column":4},"end":{"line":145,"column":4}}},"8":{"name":"decreaseAllowance","line":161,"loc":{"start":{"line":161,"column":4},"end":{"line":171,"column":4}}},"9":{"name":"_transfer","line":187,"loc":{"start":{"line":187,"column":4},"end":{"line":198,"column":4}}},"10":{"name":"_mint","line":209,"loc":{"start":{"line":209,"column":4},"end":{"line":215,"column":4}}},"11":{"name":"_burn","line":228,"loc":{"start":{"line":228,"column":4},"end":{"line":234,"column":4}}},"12":{"name":"_approve","line":249,"loc":{"start":{"line":249,"column":4},"end":{"line":259,"column":4}}},"13":{"name":"_burnFrom","line":267,"loc":{"start":{"line":267,"column":4},"end":{"line":274,"column":4}}}},"statementMap":{"1":{"start":{"line":42,"column":8},"end":{"line":42,"column":27}},"2":{"start":{"line":49,"column":8},"end":{"line":49,"column":33}},"3":{"start":{"line":65,"column":8},"end":{"line":65,"column":47}},"4":{"start":{"line":66,"column":8},"end":{"line":66,"column":19}},"5":{"start":{"line":78,"column":8},"end":{"line":78,"column":42}},"6":{"start":{"line":93,"column":8},"end":{"line":93,"column":43}},"7":{"start":{"line":94,"column":8},"end":{"line":94,"column":19}},"8":{"start":{"line":114,"column":8},"end":{"line":114,"column":43}},"9":{"start":{"line":115,"column":8},"end":{"line":115,"column":3385}},"10":{"start":{"line":120,"column":8},"end":{"line":120,"column":19}},"11":{"start":{"line":139,"column":8},"end":{"line":139,"column":4043}},"12":{"start":{"line":144,"column":8},"end":{"line":144,"column":19}},"13":{"start":{"line":165,"column":8},"end":{"line":165,"column":4804}},"14":{"start":{"line":170,"column":8},"end":{"line":170,"column":19}},"15":{"start":{"line":192,"column":8},"end":{"line":192,"column":77}},"16":{"start":{"line":193,"column":8},"end":{"line":193,"column":78}},"17":{"start":{"line":195,"column":8},"end":{"line":195,"column":56}},"18":{"start":{"line":196,"column":8},"end":{"line":196,"column":62}},"19":{"start":{"line":197,"column":8},"end":{"line":197,"column":48}},"20":{"start":{"line":210,"column":8},"end":{"line":210,"column":72}},"21":{"start":{"line":212,"column":8},"end":{"line":212,"column":46}},"22":{"start":{"line":213,"column":8},"end":{"line":213,"column":58}},"23":{"start":{"line":214,"column":8},"end":{"line":214,"column":50}},"24":{"start":{"line":229,"column":8},"end":{"line":229,"column":74}},"25":{"start":{"line":231,"column":8},"end":{"line":231,"column":45}},"26":{"start":{"line":232,"column":8},"end":{"line":232,"column":57}},"27":{"start":{"line":233,"column":8},"end":{"line":233,"column":49}},"28":{"start":{"line":254,"column":8},"end":{"line":254,"column":75}},"29":{"start":{"line":255,"column":8},"end":{"line":255,"column":75}},"30":{"start":{"line":257,"column":8},"end":{"line":257,"column":42}},"31":{"start":{"line":258,"column":8},"end":{"line":258,"column":44}},"32":{"start":{"line":268,"column":8},"end":{"line":268,"column":29}},"33":{"start":{"line":269,"column":8},"end":{"line":269,"column":8142}}},"branchMap":{"1":{"line":192,"type":"if","locations":[{"start":{"line":192,"column":8},"end":{"line":192,"column":8}},{"start":{"line":192,"column":8},"end":{"line":192,"column":8}}]},"2":{"line":193,"type":"if","locations":[{"start":{"line":193,"column":8},"end":{"line":193,"column":8}},{"start":{"line":193,"column":8},"end":{"line":193,"column":8}}]},"3":{"line":210,"type":"if","locations":[{"start":{"line":210,"column":8},"end":{"line":210,"column":8}},{"start":{"line":210,"column":8},"end":{"line":210,"column":8}}]},"4":{"line":229,"type":"if","locations":[{"start":{"line":229,"column":8},"end":{"line":229,"column":8}},{"start":{"line":229,"column":8},"end":{"line":229,"column":8}}]},"5":{"line":254,"type":"if","locations":[{"start":{"line":254,"column":8},"end":{"line":254,"column":8}},{"start":{"line":254,"column":8},"end":{"line":254,"column":8}}]},"6":{"line":255,"type":"if","locations":[{"start":{"line":255,"column":8},"end":{"line":255,"column":8}},{"start":{"line":255,"column":8},"end":{"line":255,"column":8}}]}}},
"contracts/libraries/tokens/ERC20Mintable.sol":{"l":{"25":0,"26":0},"path":"/Users/kohshiba/Desktop/monorepo/InsureDAO-contract/contracts/libraries/tokens/ERC20Mintable.sol","s":{"1":0,"2":0},"b":{},"f":{"1":0},"fnMap":{"1":{"name":"mint","line":22,"loc":{"start":{"line":20,"column":4},"end":{"line":27,"column":4}}}},"statementMap":{"1":{"start":{"line":25,"column":8},"end":{"line":25,"column":29}},"2":{"start":{"line":26,"column":8},"end":{"line":26,"column":19}}},"branchMap":{}},
"contracts/libraries/tokens/IERC165.sol":{"l":{},"path":"/Users/kohshiba/Desktop/monorepo/InsureDAO-contract/contracts/libraries/tokens/IERC165.sol","s":{},"b":{},"f":{},"fnMap":{},"statementMap":{},"branchMap":{}},
"contracts/libraries/tokens/IERC20.sol":{"l":{},"path":"/Users/kohshiba/Desktop/monorepo/InsureDAO-contract/contracts/libraries/tokens/IERC20.sol","s":{},"b":{},"f":{},"fnMap":{},"statementMap":{},"branchMap":{}},
"contracts/libraries/tokens/SafeERC20.sol":{"l":{"18":2,"27":285,"35":0},"path":"/Users/kohshiba/Desktop/monorepo/InsureDAO-contract/contracts/libraries/tokens/SafeERC20.sol","s":{"1":2,"2":285,"3":0},"b":{"1":[2,0],"2":[285,0],"3":[0,0]},"f":{"1":2,"2":285,"3":0},"fnMap":{"1":{"name":"safeTransfer","line":13,"loc":{"start":{"line":13,"column":4},"end":{"line":19,"column":4}}},"2":{"name":"safeTransferFrom","line":21,"loc":{"start":{"line":21,"column":4},"end":{"line":28,"column":4}}},"3":{"name":"safeApprove","line":30,"loc":{"start":{"line":30,"column":4},"end":{"line":36,"column":4}}}},"statementMap":{"1":{"start":{"line":18,"column":8},"end":{"line":18,"column":41}},"2":{"start":{"line":27,"column":8},"end":{"line":27,"column":51}},"3":{"start":{"line":35,"column":8},"end":{"line":35,"column":45}}},"branchMap":{"1":{"line":18,"type":"if","locations":[{"start":{"line":18,"column":8},"end":{"line":18,"column":8}},{"start":{"line":18,"column":8},"end":{"line":18,"column":8}}]},"2":{"line":27,"type":"if","locations":[{"start":{"line":27,"column":8},"end":{"line":27,"column":8}},{"start":{"line":27,"column":8},"end":{"line":27,"column":8}}]},"3":{"line":35,"type":"if","locations":[{"start":{"line":35,"column":8},"end":{"line":35,"column":8}},{"start":{"line":35,"column":8},"end":{"line":35,"column":8}}]}}},
"contracts/libraries/utils/Address.sol":{"l":{"22":0,"24":0,"27":0},"path":"/Users/kohshiba/Desktop/monorepo/InsureDAO-contract/contracts/libraries/utils/Address.sol","s":{"1":0,"2":0},"b":{},"f":{"1":0},"fnMap":{"1":{"name":"isContract","line":17,"loc":{"start":{"line":17,"column":4},"end":{"line":28,"column":4}}}},"statementMap":{"1":{"start":{"line":22,"column":8},"end":{"line":22,"column":20}},"2":{"start":{"line":27,"column":8},"end":{"line":27,"column":23}}},"branchMap":{}},
"contracts/libraries/utils/Ownable.sol":{"l":{"24":480,"25":480,"32":0,"39":160,"40":160,"47":160,"58":0,"59":0,"67":0,"74":0,"78":0,"79":0},"path":"/Users/kohshiba/Desktop/monorepo/InsureDAO-contract/contracts/libraries/utils/Ownable.sol","s":{"1":480,"2":480,"3":0,"4":160,"5":160,"6":0,"7":0,"8":0,"9":0,"10":0,"11":0},"b":{"1":[160,0],"2":[0,0]},"f":{"1":480,"2":0,"3":160,"4":160,"5":0,"6":0,"7":0},"fnMap":{"1":{"name":"constructor","line":23,"loc":{"start":{"line":23,"column":4},"end":{"line":26,"column":4}}},"2":{"name":"owner","line":31,"loc":{"start":{"line":31,"column":4},"end":{"line":33,"column":4}}},"3":{"name":"onlyOwner","line":38,"loc":{"start":{"line":38,"column":4},"end":{"line":41,"column":4}}},"4":{"name":"isOwner","line":46,"loc":{"start":{"line":46,"column":4},"end":{"line":48,"column":4}}},"5":{"name":"renounceOwnership","line":57,"loc":{"start":{"line":57,"column":4},"end":{"line":60,"column":4}}},"6":{"name":"transferOwnership","line":66,"loc":{"start":{"line":66,"column":4},"end":{"line":68,"column":4}}},"7":{"name":"_transferOwnership","line":73,"loc":{"start":{"line":73,"column":4},"end":{"line":80,"column":4}}}},"statementMap":{"1":{"start":{"line":24,"column":8},"end":{"line":24,"column":26}},"2":{"start":{"line":25,"column":8},"end":{"line":25,"column":53}},"3":{"start":{"line":32,"column":8},"end":{"line":32,"column":21}},"4":{"start":{"line":39,"column":8},"end":{"line":39,"column":61}},"5":{"start":{"line":47,"column":8},"end":{"line":47,"column":35}},"6":{"start":{"line":58,"column":8},"end":{"line":58,"column":53}},"7":{"start":{"line":59,"column":8},"end":{"line":59,"column":26}},"8":{"start":{"line":67,"column":8},"end":{"line":67,"column":35}},"9":{"start":{"line":74,"column":8},"end":{"line":74,"column":2188}},"10":{"start":{"line":78,"column":8},"end":{"line":78,"column":51}},"11":{"start":{"line":79,"column":8},"end":{"line":79,"column":24}}},"branchMap":{"1":{"line":39,"type":"if","locations":[{"start":{"line":39,"column":8},"end":{"line":39,"column":8}},{"start":{"line":39,"column":8},"end":{"line":39,"column":8}}]},"2":{"line":74,"type":"if","locations":[{"start":{"line":74,"column":8},"end":{"line":74,"column":8}},{"start":{"line":74,"column":8},"end":{"line":74,"column":8}}]}}},
"contracts/Migrations.sol":{"l":{"9":0,"13":0,"17":0},"path":"/Users/kohshiba/Desktop/monorepo/InsureDAO-contract/contracts/Migrations.sol","s":{"1":0,"2":0},"b":{"1":[0,0]},"f":{"1":0,"2":0},"fnMap":{"1":{"name":"restricted","line":8,"loc":{"start":{"line":8,"column":2},"end":{"line":14,"column":2}}},"2":{"name":"setCompleted","line":16,"loc":{"start":{"line":16,"column":2},"end":{"line":18,"column":2}}}},"statementMap":{"1":{"start":{"line":9,"column":4},"end":{"line":9,"column":201}},"2":{"start":{"line":17,"column":4},"end":{"line":17,"column":39}}},"branchMap":{"1":{"line":9,"type":"if","locations":[{"start":{"line":9,"column":4},"end":{"line":9,"column":4}},{"start":{"line":9,"column":4},"end":{"line":9,"column":4}}]}}},
"contracts/mocks/ControllerMock.sol":{"l":{"10":264,"14":2,"18":843,"26":8,"30":2,"31":2,"32":2},"path":"/Users/kohshiba/Desktop/monorepo/InsureDAO-contract/contracts/mocks/ControllerMock.sol","s":{"1":264,"2":2,"3":843,"4":8,"5":2,"6":2,"7":2},"b":{},"f":{"1":264,"2":2,"3":843,"4":2,"5":8,"6":2,"7":0},"fnMap":{"1":{"name":"constructor","line":9,"loc":{"start":{"line":9,"column":4},"end":{"line":11,"column":4}}},"2":{"name":"withdraw","line":13,"loc":{"start":{"line":13,"column":4},"end":{"line":15,"column":4}}},"3":{"name":"valueAll","line":17,"loc":{"start":{"line":17,"column":4},"end":{"line":19,"column":4}}},"4":{"name":"earn","line":21,"loc":{"start":{"line":21,"column":4},"end":{"line":23,"column":4}}},"5":{"name":"setVault","line":25,"loc":{"start":{"line":25,"column":4},"end":{"line":27,"column":4}}},"6":{"name":"yield","line":29,"loc":{"start":{"line":29,"column":4},"end":{"line":33,"column":4}}},"7":{"name":"migrate","line":35,"loc":{"start":{"line":35,"column":4},"end":{"line":37,"column":4}}}},"statementMap":{"1":{"start":{"line":10,"column":8},"end":{"line":10,"column":36}},"2":{"start":{"line":14,"column":8},"end":{"line":14,"column":35}},"3":{"start":{"line":18,"column":8},"end":{"line":18,"column":45}},"4":{"start":{"line":26,"column":8},"end":{"line":26,"column":31}},"5":{"start":{"line":30,"column":8},"end":{"line":30,"column":41}},"6":{"start":{"line":31,"column":8},"end":{"line":31,"column":42}},"7":{"start":{"line":32,"column":8},"end":{"line":32,"column":39}}},"branchMap":{}},
"contracts/mocks/ERC20Mock.sol":{"l":{"11":0,"17":0,"18":0,"19":0},"path":"/Users/kohshiba/Desktop/monorepo/InsureDAO-contract/contracts/mocks/ERC20Mock.sol","s":{"1":0,"2":0,"3":0,"4":0},"b":{"1":[0,0]},"f":{"1":0,"2":0},"fnMap":{"1":{"name":"constructor","line":10,"loc":{"start":{"line":10,"column":4},"end":{"line":12,"column":4}}},"2":{"name":"mint","line":16,"loc":{"start":{"line":16,"column":4},"end":{"line":20,"column":4}}}},"statementMap":{"1":{"start":{"line":11,"column":8},"end":{"line":11,"column":28}},"2":{"start":{"line":17,"column":8},"end":{"line":17,"column":43}},"3":{"start":{"line":18,"column":8},"end":{"line":18,"column":32}},"4":{"start":{"line":19,"column":8},"end":{"line":19,"column":30}}},"branchMap":{"1":{"line":17,"type":"if","locations":[{"start":{"line":17,"column":8},"end":{"line":17,"column":8}},{"start":{"line":17,"column":8},"end":{"line":17,"column":8}}]}}},
"contracts/mocks/MarketMock.sol":{"l":{"9":0},"path":"/Users/kohshiba/Desktop/monorepo/InsureDAO-contract/contracts/mocks/MarketMock.sol","s":{"1":0},"b":{},"f":{"1":0,"2":0},"fnMap":{"1":{"name":"constructor","line":6,"loc":{"start":{"line":6,"column":4},"end":{"line":6,"column":26}}},"2":{"name":"mint","line":8,"loc":{"start":{"line":8,"column":4},"end":{"line":10,"column":4}}}},"statementMap":{"1":{"start":{"line":9,"column":8},"end":{"line":9,"column":26}}},"branchMap":{}},
"contracts/mocks/TestERC20Mock.sol":{"l":{"13":250},"path":"/Users/kohshiba/Desktop/monorepo/InsureDAO-contract/contracts/mocks/TestERC20Mock.sol","s":{"1":250},"b":{},"f":{"1":264,"2":250},"fnMap":{"1":{"name":"constructor","line":10,"loc":{"start":{"line":10,"column":4},"end":{"line":10,"column":26}}},"2":{"name":"mint","line":12,"loc":{"start":{"line":12,"column":4},"end":{"line":14,"column":4}}}},"statementMap":{"1":{"start":{"line":13,"column":8},"end":{"line":13,"column":26}}},"branchMap":{}},
"contracts/Parameters.sol":{"l":{"40":240,"44":232,"48":592,"49":592,"53":592,"57":0,"58":0,"60":0,"61":0,"62":0,"64":0,"68":0,"69":0,"73":0,"75":0,"76":0,"78":0,"80":0,"88":0,"89":0,"97":80,"105":80,"113":80,"121":56,"129":56,"137":80,"145":80,"153":80,"161":0,"165":0,"166":0,"168":0,"178":31,"179":31,"187":0,"203":31,"204":31,"212":0,"223":72,"224":72,"226":0,"236":41,"237":41,"239":0,"244":77,"245":77,"247":0,"252":36,"253":36,"255":0,"260":7,"261":7,"263":0,"268":24,"269":24,"271":0,"281":0},"path":"/Users/kohshiba/Desktop/monorepo/InsureDAO-contract/contracts/Parameters.sol","s":{"1":240,"2":232,"3":592,"4":592,"5":0,"6":0,"7":0,"8":0,"9":0,"10":0,"11":0,"12":0,"13":0,"14":0,"15":0,"16":0,"17":0,"18":0,"19":0,"20":80,"21":80,"22":80,"23":56,"24":56,"25":80,"26":80,"27":80,"28":0,"29":0,"30":0,"31":0,"32":31,"33":31,"34":0,"35":31,"36":31,"37":0,"38":72,"39":72,"40":0,"41":41,"42":41,"43":0,"44":77,"45":77,"46":0,"47":36,"48":36,"49":0,"50":7,"51":7,"52":0,"53":24,"54":24,"55":0,"56":0},"b":{"1":[592,0],"2":[0,0],"3":[0,0],"4":[0,0],"5":[0,0],"6":[0,0],"7":[0,0],"8":[0,0],"9":[31,0],"10":[31,0],"11":[72,0],"12":[41,0],"13":[77,0],"14":[36,0],"15":[7,0],"16":[24,0]},"f":{"1":240,"2":232,"3":592,"4":592,"5":0,"6":0,"7":0,"8":80,"9":80,"10":80,"11":56,"12":56,"13":80,"14":80,"15":80,"16":0,"17":0,"18":31,"19":31,"20":72,"21":41,"22":77,"23":36,"24":7,"25":24,"26":0},"fnMap":{"1":{"name":"constructor","line":39,"loc":{"start":{"line":39,"column":4},"end":{"line":41,"column":4}}},"2":{"name":"get_owner","line":43,"loc":{"start":{"line":43,"column":4},"end":{"line":45,"column":4}}},"3":{"name":"onlyOwner","line":47,"loc":{"start":{"line":47,"column":4},"end":{"line":50,"column":4}}},"4":{"name":"isOwner","line":52,"loc":{"start":{"line":52,"column":4},"end":{"line":54,"column":4}}},"5":{"name":"commit_transfer_ownership","line":56,"loc":{"start":{"line":56,"column":4},"end":{"line":65,"column":4}}},"6":{"name":"apply_transfer_ownership","line":67,"loc":{"start":{"line":67,"column":4},"end":{"line":81,"column":4}}},"7":{"name":"setVault","line":86,"loc":{"start":{"line":83,"column":4},"end":{"line":90,"column":4}}},"8":{"name":"setLockup","line":95,"loc":{"start":{"line":92,"column":4},"end":{"line":98,"column":4}}},"9":{"name":"setGrace","line":103,"loc":{"start":{"line":100,"column":4},"end":{"line":106,"column":4}}},"10":{"name":"setMindate","line":111,"loc":{"start":{"line":108,"column":4},"end":{"line":114,"column":4}}},"11":{"name":"setPremium2","line":119,"loc":{"start":{"line":116,"column":4},"end":{"line":122,"column":4}}},"12":{"name":"setFee2","line":127,"loc":{"start":{"line":124,"column":4},"end":{"line":130,"column":4}}},"13":{"name":"setWithdrawable","line":135,"loc":{"start":{"line":132,"column":4},"end":{"line":138,"column":4}}},"14":{"name":"setPremiumModel","line":143,"loc":{"start":{"line":140,"column":4},"end":{"line":146,"column":4}}},"15":{"name":"setFeeModel","line":151,"loc":{"start":{"line":148,"column":4},"end":{"line":154,"column":4}}},"16":{"name":"setCondition","line":159,"loc":{"start":{"line":156,"column":4},"end":{"line":162,"column":4}}},"17":{"name":"getVault","line":164,"loc":{"start":{"line":164,"column":4},"end":{"line":170,"column":4}}},"18":{"name":"getPremium","line":172,"loc":{"start":{"line":172,"column":4},"end":{"line":195,"column":4}}},"19":{"name":"getFee","line":197,"loc":{"start":{"line":197,"column":4},"end":{"line":220,"column":4}}},"20":{"name":"getFee2","line":222,"loc":{"start":{"line":222,"column":4},"end":{"line":228,"column":4}}},"21":{"name":"getPremium2","line":230,"loc":{"start":{"line":230,"column":4},"end":{"line":241,"column":4}}},"22":{"name":"getLockup","line":243,"loc":{"start":{"line":243,"column":4},"end":{"line":249,"column":4}}},"23":{"name":"getWithdrawable","line":251,"loc":{"start":{"line":251,"column":4},"end":{"line":257,"column":4}}},"24":{"name":"getGrace","line":259,"loc":{"start":{"line":259,"column":4},"end":{"line":265,"column":4}}},"25":{"name":"getMin","line":267,"loc":{"start":{"line":267,"column":4},"end":{"line":273,"column":4}}},"26":{"name":"getCondition","line":275,"loc":{"start":{"line":275,"column":4},"end":{"line":282,"column":4}}}},"statementMap":{"1":{"start":{"line":40,"column":8},"end":{"line":40,"column":22}},"2":{"start":{"line":44,"column":8},"end":{"line":44,"column":20}},"3":{"start":{"line":48,"column":8},"end":{"line":48,"column":61}},"4":{"start":{"line":53,"column":8},"end":{"line":53,"column":34}},"5":{"start":{"line":57,"column":8},"end":{"line":57,"column":54}},"6":{"start":{"line":58,"column":8},"end":{"line":58,"column":72}},"7":{"start":{"line":60,"column":8},"end":{"line":60,"column":68}},"8":{"start":{"line":61,"column":8},"end":{"line":61,"column":46}},"9":{"start":{"line":62,"column":8},"end":{"line":62,"column":28}},"10":{"start":{"line":64,"column":8},"end":{"line":64,"column":46}},"11":{"start":{"line":68,"column":8},"end":{"line":68,"column":54}},"12":{"start":{"line":69,"column":8},"end":{"line":69,"column":2161}},"13":{"start":{"line":73,"column":8},"end":{"line":73,"column":75}},"14":{"start":{"line":75,"column":8},"end":{"line":75,"column":38}},"15":{"start":{"line":76,"column":8},"end":{"line":76,"column":37}},"16":{"start":{"line":78,"column":8},"end":{"line":78,"column":21}},"17":{"start":{"line":80,"column":8},"end":{"line":80,"column":28}},"18":{"start":{"line":88,"column":8},"end":{"line":88,"column":73}},"19":{"start":{"line":89,"column":8},"end":{"line":89,"column":31}},"20":{"start":{"line":97,"column":8},"end":{"line":97,"column":34}},"21":{"start":{"line":105,"column":8},"end":{"line":105,"column":33}},"22":{"start":{"line":113,"column":8},"end":{"line":113,"column":31}},"23":{"start":{"line":121,"column":8},"end":{"line":121,"column":36}},"24":{"start":{"line":129,"column":8},"end":{"line":129,"column":32}},"25":{"start":{"line":137,"column":8},"end":{"line":137,"column":39}},"26":{"start":{"line":145,"column":8},"end":{"line":145,"column":35}},"27":{"start":{"line":153,"column":8},"end":{"line":153,"column":31}},"28":{"start":{"line":161,"column":8},"end":{"line":161,"column":40}},"29":{"start":{"line":165,"column":8},"end":{"line":165,"column":4282}},"30":{"start":{"line":166,"column":12},"end":{"line":166,"column":29}},"31":{"start":{"line":168,"column":12},"end":{"line":168,"column":34}},"32":{"start":{"line":178,"column":8},"end":{"line":178,"column":4613}},"33":{"start":{"line":179,"column":12},"end":{"line":179,"column":4676}},"34":{"start":{"line":187,"column":12},"end":{"line":187,"column":4922}},"35":{"start":{"line":203,"column":8},"end":{"line":203,"column":5336}},"36":{"start":{"line":204,"column":12},"end":{"line":204,"column":5395}},"37":{"start":{"line":212,"column":12},"end":{"line":212,"column":5629}},"38":{"start":{"line":223,"column":8},"end":{"line":223,"column":5931}},"39":{"start":{"line":224,"column":12},"end":{"line":224,"column":61}},"40":{"start":{"lin
[...]
"contracts/PremiumModel.sol":{"l":{"20":31,"21":0,"24":31,"32":31,"33":31,"34":31,"36":31,"48":80,"49":80},"path":"/Users/kohshiba/Desktop/monorepo/InsureDAO-contract/contracts/PremiumModel.sol","s":{"1":31,"2":0,"3":31,"4":31,"5":31,"6":31,"7":31,"8":80,"9":80},"b":{"1":[0,31]},"f":{"1":31,"2":80},"fnMap":{"1":{"name":"getPremium","line":14,"loc":{"start":{"line":14,"column":4},"end":{"line":37,"column":4}}},"2":{"name":"setPremium","line":46,"loc":{"start":{"line":44,"column":4},"end":{"line":50,"column":4}}}},"statementMap":{"1":{"start":{"line":20,"column":8},"end":{"line":20,"column":501}},"2":{"start":{"line":21,"column":12},"end":{"line":21,"column":20}},"3":{"start":{"line":24,"column":8},"end":{"line":24,"column":617}},"4":{"start":{"line":32,"column":8},"end":{"line":32,"column":72}},"5":{"start":{"line":33,"column":8},"end":{"line":33,"column":63}},"6":{"start":{"line":34,"column":8},"end":{"line":34,"column":51}},"7":{"start":{"line":36,"column":8},"end":{"line":36,"column":23}},"8":{"start":{"line":48,"column":8},"end":{"line":48,"column":35}},"9":{"start":{"line":49,"column":8},"end":{"line":49,"column":39}}},"branchMap":{"1":{"line":20,"type":"if","locations":[{"start":{"line":20,"column":8},"end":{"line":20,"column":8}},{"start":{"line":20,"column":8},"end":{"line":20,"column":8}}]}}},
"contracts/Registry.sol":{"l":{"24":264,"28":80,"29":80,"33":215,"34":215,"35":215,"36":215,"40":41,"41":41,"45":42,"46":42,"48":0,"53":509,"57":0,"62":0,"63":0,"65":0,"66":0,"67":0,"69":0,"73":0,"74":0,"78":0,"80":0,"81":0,"83":0,"85":0},"path":"/Users/kohshiba/Desktop/monorepo/InsureDAO-contract/contracts/Registry.sol","s":{"1":264,"2":80,"3":80,"4":215,"5":215,"6":215,"7":215,"8":41,"9":41,"10":42,"11":42,"12":0,"13":509,"14":0,"15":0,"16":0,"17":0,"18":0,"19":0,"20":0,"21":0,"22":0,"23":0,"24":0,"25":0,"26":0,"27":0},"b":{"1":[80,0],"2":[215,0],"3":[215,0],"4":[41,0],"5":[42,0],"6":[0,0],"7":[0,0],"8":[0,0],"9":[0,0],"10":[0,0]},"f":{"1":264,"2":80,"3":215,"4":41,"5":42,"6":509,"7":0,"8":0,"9":0},"fnMap":{"1":{"name":"constructor","line":23,"loc":{"start":{"line":23,"column":4},"end":{"line":25,"column":4}}},"2":{"name":"setFactory","line":27,"loc":{"start":{"line":27,"column":4},"end":{"line":30,"column":4}}},"3":{"name":"supportMarket","line":32,"loc":{"start":{"line":32,"column":4},"end":{"line":37,"column":4}}},"4":{"name":"setCDS","line":39,"loc":{"start":{"line":39,"column":4},"end":{"line":42,"column":4}}},"5":{"name":"getCDS","line":44,"loc":{"start":{"line":44,"column":4},"end":{"line":50,"column":4}}},"6":{"name":"isListed","line":52,"loc":{"start":{"line":52,"column":4},"end":{"line":54,"column":4}}},"7":{"name":"getAllMarkets","line":56,"loc":{"start":{"line":56,"column":4},"end":{"line":58,"column":4}}},"8":{"name":"commit_transfer_ownership","line":61,"loc":{"start":{"line":61,"column":4},"end":{"line":70,"column":4}}},"9":{"name":"apply_transfer_ownership","line":72,"loc":{"start":{"line":72,"column":4},"end":{"line":86,"column":4}}}},"statementMap":{"1":{"start":{"line":24,"column":8},"end":{"line":24,"column":25}},"2":{"start":{"line":28,"column":8},"end":{"line":28,"column":35}},"3":{"start":{"line":29,"column":8},"end":{"line":29,"column":25}},"4":{"start":{"line":33,"column":8},"end":{"line":33,"column":33}},"5":{"start":{"line":34,"column":8},"end":{"line":34,"column":60}},"6":{"start":{"line":35,"column":8},"end":{"line":35,"column":31}},"7":{"start":{"line":36,"column":8},"end":{"line":36,"column":30}},"8":{"start":{"line":40,"column":8},"end":{"line":40,"column":54}},"9":{"start":{"line":41,"column":8},"end":{"line":41,"column":30}},"10":{"start":{"line":45,"column":8},"end":{"line":45,"column":1259}},"11":{"start":{"line":46,"column":12},"end":{"line":46,"column":34}},"12":{"start":{"line":48,"column":12},"end":{"line":48,"column":32}},"13":{"start":{"line":53,"column":8},"end":{"line":53,"column":31}},"14":{"start":{"line":57,"column":8},"end":{"line":57,"column":25}},"15":{"start":{"line":62,"column":8},"end":{"line":62,"column":54}},"16":{"start":{"line":63,"column":8},"end":{"line":63,"column":72}},"17":{"start":{"line":65,"column":8},"end":{"line":65,"column":68}},"18":{"start":{"line":66,"column":8},"end":{"line":66,"column":46}},"19":{"start":{"line":67,"column":8},"end":{"line":67,"column":28}},"20":{"start":{"line":69,"column":8},"end":{"line":69,"column":46}},"21":{"start":{"line":73,"column":8},"end":{"line":73,"column":54}},"22":{"start":{"line":74,"column":8},"end":{"line":74,"column":2165}},"23":{"start":{"line":78,"column":8},"end":{"line":78,"column":75}},"24":{"start":{"line":80,"column":8},"end":{"line":80,"column":38}},"25":{"start":{"line":81,"column":8},"end":{"line":81,"column":37}},"26":{"start":{"line":83,"column":8},"end":{"line":83,"column":21}},"27":{"start":{"line":85,"column":8},"end":{"line":85,"column":28}}},"branchMap":{"1":{"line":28,"type":"if","locations":[{"start":{"line":28,"column":8},"end":{"line":28,"column":8}},{"start":{"line":28,"column":8},"end":{"line":28,"column":8}}]},"2":{"line":33,"type":"if","locations":[{"start":{"line":33,"column":8},"end":{"line":33,"column":8}},{"start":{"line":33,"column":8},"end":{"line":33,"column":8}}]},"3":{"line":34,"type":"if","locations":[{"start":{"line":34,"column":8},"end":{"line":34,"column":8}},{"start":{"line":34,"column":8},"end":{"line":34,"column":8}}]},"4":{"line":40,"type":"if","locations":[{"start":{"line":40,"column":8},"end":{"line":40,"column":8}},{"start":{"line":40,"column":8},"end":{"line":40,"column":8}}]},"5":{"line":45,"type":"if","locations":[{"start":{"line":45,"column":8},"end":{"line":45,"column":8}},{"start":{"line":45,"column":8},"end":{"line":45,"column":8}}]},"6":{"line":62,"type":"if","locations":[{"start":{"line":62,"column":8},"end":{"line":62,"column":8}},{"start":{"line":62,"column":8},"end":{"line":62,"column":8}}]},"7":{"line":63,"type":"if","locations":[{"start":{"line":63,"column":8},"end":{"line":63,"column":8}},{"start":{"line":63,"column":8},"end":{"line":63,"column":8}}]},"8":{"line":73,"type":"if","locations":[{"start":{"line":73,"column":8},"end":{"line":73,"column":8}},{"start":{"line":73,"column":8},"end":{"line":73,"column":8}}]},"9":{"line":74,"type":"if","locations":[{"start":{"line":74,"column":8},"end":{"line":74,"column":8}},{"start":{"line":74,"column":8},"end":{"line":74,"column":8}}]},"10":{"line":78,"type":"if","locations":[{"start":{"line":78,"column":8},"end":{"line":78,"column":8}},{"start":{"line":78,"column":8},"end":{"line":78,"column":8}}]}}},
"contracts/Vault.sol":{"l":{"43":264,"44":264,"45":264,"46":264,"62":285,"66":285,"67":285,"68":285,"69":71,"71":214,"73":285,"74":285,"87":32,"92":32,"93":32,"94":32,"95":32,"96":0,"97":0,"99":32,"107":5,"112":5,"114":5,"115":5,"118":5,"130":0,"134":0,"135":0,"136":0,"137":0,"138":0,"140":0,"150":2,"154":2,"158":2,"159":2,"160":2,"161":2,"163":2,"172":7,"176":7,"177":7,"184":2,"185":2,"186":2,"187":2,"196":1,"203":0,"214":945,"215":203,"217":742,"225":440,"226":307,"228":133,"236":843,"243":0,"244":0,"245":0,"252":2,"259":38,"266":0,"277":3,"278":2,"280":2,"281":2,"282":2,"284":2,"291":3,"292":2,"296":2,"298":1,"299":1,"301":1,"303":1},"path":"/Users/kohshiba/Desktop/monorepo/InsureDAO-contract/contracts/Vault.sol","s":{"1":264,"2":264,"3":264,"4":264,"5":285,"6":285,"7":285,"8":285,"9":71,"10":214,"11":285,"12":285,"13":32,"14":32,"15":32,"16":32,"17":32,"18":0,"19":0,"20":32,"21":5,"22":5,"23":5,"24":5,"25":5,"26":0,"27":0,"28":0,"29":0,"30":0,"31":0,"32":0,"33":2,"34":2,"35":2,"36":2,"37":2,"38":2,"39":2,"40":7,"41":7,"42":7,"43":2,"44":2,"45":2,"46":2,"47":1,"48":0,"49":945,"50":203,"51":742,"52":440,"53":307,"54":133,"55":843,"56":0,"57":0,"58":0,"59":2,"60":38,"61":0,"62":3,"63":2,"64":2,"65":2,"66":2,"67":2,"68":3,"69":2,"70":2,"71":1,"72":1,"73":1,"74":1},"b":{"1":[285,0],"2":[71,214],"3":[32,0],"4":[0,32],"5":[5,0],"6":[0,0],"7":[0,0],"8":[2,0],"9":[2,0],"10":[7,0],"11":[2,0],"12":[203,742],"13":[307,133],"14":[0,0],"15":[2,1],"16":[2,0],"17":[2,1],"18":[2,0],"19":[1,1]},"f":{"1":264,"2":285,"3":32,"4":5,"5":0,"6":2,"7":7,"8":2,"9":1,"10":0,"11":945,"12":440,"13":843,"14":0,"15":2,"16":38,"17":0,"18":3,"19":3},"fnMap":{"1":{"name":"constructor","line":38,"loc":{"start":{"line":38,"column":4},"end":{"line":47,"column":4}}},"2":{"name":"addValue","line":57,"loc":{"start":{"line":57,"column":4},"end":{"line":77,"column":4}}},"3":{"name":"withdrawValue","line":83,"loc":{"start":{"line":83,"column":4},"end":{"line":100,"column":4}}},"4":{"name":"transferValue","line":106,"loc":{"start":{"line":106,"column":4},"end":{"line":121,"column":4}}},"5":{"name":"withdrawAttribution","line":126,"loc":{"start":{"line":126,"column":4},"end":{"line":141,"column":4}}},"6":{"name":"withdrawAllAttribution","line":146,"loc":{"start":{"line":146,"column":4},"end":{"line":164,"column":4}}},"7":{"name":"transferAttribution","line":169,"loc":{"start":{"line":169,"column":4},"end":{"line":178,"column":4}}},"8":{"name":"utilize","line":183,"loc":{"start":{"line":183,"column":4},"end":{"line":189,"column":4}}},"9":{"name":"attributionOf","line":195,"loc":{"start":{"line":195,"column":4},"end":{"line":197,"column":4}}},"10":{"name":"attributionAll","line":202,"loc":{"start":{"line":202,"column":4},"end":{"line":204,"column":4}}},"11":{"name":"attributionValue","line":209,"loc":{"start":{"line":209,"column":4},"end":{"line":219,"column":4}}},"12":{"name":"underlyingValue","line":224,"loc":{"start":{"line":224,"column":4},"end":{"line":230,"column":4}}},"13":{"name":"valueAll","line":235,"loc":{"start":{"line":235,"column":4},"end":{"line":237,"column":4}}},"14":{"name":"setController","line":242,"loc":{"start":{"line":242,"column":4},"end":{"line":246,"column":4}}},"15":{"name":"_unutilize","line":251,"loc":{"start":{"line":251,"column":4},"end":{"line":253,"column":4}}},"16":{"name":"available","line":258,"loc":{"start":{"line":258,"column":4},"end":{"line":260,"column":4}}},"17":{"name":"getPricePerFullShare","line":265,"loc":{"start":{"line":265,"column":4},"end":{"line":267,"column":4}}},"18":{"name":"commit_transfer_ownership","line":276,"loc":{"start":{"line":276,"column":4},"end":{"line":285,"column":4}}},"19":{"name":"apply_transfer_ownership","line":290,"loc":{"start":{"line":290,"column":4},"end":{"line":304,"column":4}}}},"statementMap":{"1":{"start":{"line":43,"column":8},"end":{"line":43,"column":29}},"2":{"start":{"line":44,"column":8},"end":{"line":44,"column":38}},"3":{"start":{"line":45,"column":8},"end":{"line":45,"column":44}},"4":{"start":{"line":46,"column":8},"end":{"line":46,"column":25}},"5":{"start":{"line":62,"column":8},"end":{"line":62,"column":1566}},"6":{"start":{"line":66,"column":8},"end":{"line":66,"column":34}},"7":{"start":{"line":67,"column":8},"end":{"line":67,"column":60}},"8":{"start":{"line":68,"column":8},"end":{"line":68,"column":1791}},"9":{"start":{"line":69,"column":12},"end":{"line":69,"column":34}},"10":{"start":{"line":71,"column":12},"end":{"line":71,"column":68}},"11":{"start":{"line":73,"column":8},"end":{"line":73,"column":63}},"12":{"start":{"line":74,"column":8},"end":{"line":74,"column":2030}},"13":{"start":{"line":87,"column":8},"end":{"line":87,"column":2366}},"14":{"start":{"line":92,"column":8},"end":{"line":92,"column":69}},"15":{"start":{"line":93,"column":8},"end":{"line":93,"column":77}},"16":{"start":{"line":94,"column":8},"end":{"line":94,"column":63}},"17":{"start":{"line":95,"column":8},"end":{"line":95,"column":2761}},"18":{"start":{"line":96,"column":12},"end":{"line":96,"column":56}},"19":{"start":{"line":97,"column":12},"end":{"line":97,"column":32}},"20":{"start":{"line":99,"column":8},"end":{"line":99,"column":35}},"21":{"start":{"line":107,"column":8},"end":{"line":107,"column":3126}},"22":{"start":{"line":112,"column":8},"end":{"line":112,"column":3353}},"23":{"start":{"line":114,"column":8},"end":{"line":114,"column":64}},"24":{"start":{"line":115,"column":8},"end":{"line":115,"column":3467}},"25":{"start":{"line":118,"column":8},"end":{"line":118,"column":3574}},"26":{"start":{"line":130,"column":8},"end":{"line":130,"column":3935}},"27":{"start":{"line":134,"column":8},"end":{"line":134,"column":68}},"28":{"start":{"line":135,"column":8},"end":{"line":135,"column":76}},"29":{"start":{"line":136,"column":8},"end":{"line":136,"column":4221}},"30":{"start":{"line":137,"column":12},"end":{"line":137,"column":56}},"31":{"start":{"line":138,"column":12},"end":{"line":138,"column":32}},"32":{"start":{"line":140,"column":8},"end":{"line":140,"column":35}},"33":{"start":{"line":150,"column":8},"end":{"line":150,"column":4607}},"34":{"start":{"line":154,"column":8},"end":{"line":154,"column":4736}},"35":{"start":{"line":158,"column":8},"end":{"line":158,"column":35}},"36":{"start":{"line":159,"column":8},"end":{"line":159,"column":4880}},"37":{"start":{"line":160,"column":12},"end":{"line":160,"column":56}},"38":{"start":{"line":161,"column":12},"end":{"line":161,"column":32}},"39":{"start":{"line":163,"column":8},"end":{"line":163,"column":35}},"40":{"start":{"line":172,"column":8},"end":{"line":172,"column":5278}},"41":{"start":{"line":176,"column":8},"end":{"line":176,"column":71}},"42":{"start":{"line":177,"column":8},"end":{"line":177,"column":75}},"43":{"start":{"line":184,"column":8},"end":{"line":184,"column":28}},"44":{"start":{"line":185,"column":8},"end":{"line":185,"column":5777}},"45":{"start":{"line":186,"column":12},"end":{"line":186,"column":59}},"46":{"start":{"line":187,"column":12},"end":{"line":187,"column":51}},"47":{"start":{"line":196,"column":8},"end":{"line":196,"column":36}},"48":{"start":{"line":203,"column":8},"end":{"line":203,"column":32}},"49":{"start":{"line":214,"column":8},"end":{"line":214,"column":6523}},"50":{"start":{"line":215,"column":12},"end":{"line":215,"column":70}},"51":{"start":{"line":217,"column":12},"end":{"line":217,"column":20}},"52":{"start":{"line":225,"column":8},"end":{"line":225,"column":6866}},"53":{"start":{"line":226,"column":12},"end":{"line":226,"column":79}},"54":{"start":{"line":228,"column":12},"end":{"line":228,"column":20}},"55":{"start":{"line":236,"column":8},"end":{"line":236,"column":72}},"56":{"start":{"line":243,"column":8},"end":{"line":243,"column":54}},"57":{"start":{"line":244,"column":8},"end":{"line":244,"column":47}},"58":{"start":{"line":245,"column":8},"end":{"line":245,"column":44}},"59":{"start":{"line":252,"column":8},"end":{"line":252,"column":50}},"60":{"start":{"line":259,"column":8},"end":{"line":259,"column":45}},"61":{"start":{"line":266,"column":8},"end":{"line":266,"column":58}},"62":{"start":{"line":277,"column":8},"end":{"line":277,"column":54}},"63":{"start":{"line":278,"column":8},"end":{"line":278,"column":72}},"64":{"start":{"line":280,"column":8},"end":{"line":280,"column":68}},"65":{"start":{"line":281,"column":8},"end":{"line":281,"column":46}},"66":{"start":{"line":282,"column":8},"end":{"line":282,"column":28}},"67":{"start":{"line":284,"column":8},"end":{"line":284,"column":46}},"68":{"start":{"line":291,"column":8},"end":{"line":291,"column":54}},"69":{"start":{"line":292,"column":8},"end":{"line":292,"column":8863}},"70":{"start":{"line":296,"column":8},"end":{"line":296,"column":75}},"71":{"start":{"line":298,"column":8},"end":{"line":298,"column":38}},"72":{"start":{"line":299,"column":8},"end":{"line":299,"column":37}},"73":{"start":{"line":301,"column":8},"end":{"line":301,"column":21}},"74":{"start":{"line":303,"column":8},"end":{"line":303,"column":28}}},"branchMap":{"1":{"line":62,"type":"if","locations":[{"start":{"line":62,"column":8},"end":{"line":62,"column":8}},{"start":{"line":62,"column":8},"end":{"line":62,"column":8}}]},"2":{"line":68,"type":"if","locations":[{"start":{"line":68,"column":8},"end":{"line":68,"column":8}},{"start":{"line":68,"column":8},"end":{"line":68,"column":8}}]},"3":{"line":87,"type":"if","locations":[{"start":{"line":87,"column":8},"end":{"line":87,"column":8}},{"start":{"line":87,"column":8},"end":{"line":87,"column":8}}]},"4":{"line":95,"type":"if","locations":[{"start":{"line":95,"column":8},"end":{"line":95,"column":8}},{"start":{"line":95,"column":8},"end":{"line":95,"column":8}}]},"5":{"line":107,"type":"if","locations":[{"start":{"line":107,"column":8},"end":{"line":107,"column":8}},{"start":{"line":107,"column":8},"end":{"line":107,"column":8}}]},"6":{"line":130,"type":"if","locations":[{"start":{"line":130,"column":8},"end":{"line":130,"column":8}},{"start":{"line":130,"column":8},"end":{"line":130,"column":8}}]},"7":{"line":136,"type":"if","locations":[{"start":{"line":136,"column":8},"end":{"line":136,"column":8}},{"start":{"line":136,"column":8},"end":{"line":136,"column":8}}]},"8":{"line":150,"type":"if","locations":[{"start":{"line":150,"column":8},"end":{"line":150,"column":8}},{"start":{"line":150,"column":8},"end":{"line":150,"column":8}}]},"9":{"line":159,"type":"if","locations":[{"start":{"line":159,"column":8},"end":{"line":159,"column":8}},{"start":{"line":159,"column":8},"end":{"line":159,"column":8}}]},"10":{"line":172,"type":"if","locations":[{"start":{"line":172,"column":8},"end":{"line":172,"column":8}},{"start":{"line":172,"column":8},"end":{"line":172,"column":8}}]},"11":{"line":185,"type":"if","locations":[{"start":{"line":185,"column":8},"end":{"line":185,"column":8}},{"start":{"line":185,"column":8},"end":{"line":185,"column":8}}]},"12":{"line":214,"type":"if","locations":[{"start":{"line":214,"column":8},"end":{"line":214,"column":8}},{"start":{"line":214,"column":8},"end":{"line":214,"column":8}}]},"13":{"line":225,"type":"if","locations":[{"start":{"line":225,"column":8},"end":{"line":225,"column":8}},{"start":{"line":225,"column":8},"end":{"line":225,"column":8}}]},"14":{"line":243,"type":"if","locations":[{"start":{"line":243,"column":8},"end":{"line":243,"column":8}},{"start":{"line":243,"column":8},"end":{"line":243,"column":8}}]},"15":{"line":277,"type":"if","locations":[{"start":{"line":277,"column":8},"end":{"line":277,"column":8}},{"start":{"line":277,"column":8},"end":{"line":277,"column":8}}]},"16":{"line":278,"type":"if","locations":[{"start":{"line":278,"column":8},"end":{"line":278,"column":8}},{"start":{"line":278,"column":8},"end":{"line":278,"column":8}}]},"17":{"line":291,"type":"if","locations":[{"start":{"line":291,"column":8},"end":{"line":291,"column":8}},{"start":{"line":291,"column":8},"end":{"line":291,"column":8}}]},"18":{"line":292,"type":"if","locations":[{"start":{"line":292,"column":8},"end":{"line":292,"column":8}},{"start":{"line":292,"column":8},"end":{"line":292,"column":8}}]},"19":{"line":296,"type":"if","locations":[{"start":{"line":296,"column":8},"end":{"line":296,"column":8}},{"start":{"line":296,"column":8},"end":{"line":296,"column":8}}]}}}}
