TN:
SF:/Users/mbs/insureDAO/pool-contracts/contracts/CDS.sol
FN:73,onlyOwner
FN:93,initialize
FN:138,deposit
FN:174,requestWithdraw
FN:187,withdraw
FN:229,compensate
FN:251,totalSupply
FN:258,balanceOf
FN:265,transfer
FN:277,allowance
FN:289,approve
FN:301,transferFrom
FN:318,increaseAllowance
FN:333,decreaseAllowance
FN:348,_transfer
FN:368,_mint
FN:379,_burn
FN:390,_approve
FN:411,totalLiquidity
FN:418,valueOfUnderlying
FN:437,changeMetadata
FN:444,setPaused
FN:455,_beforeTokenTransfer
FNF:23
FNH:0
FNDA:0,onlyOwner
FNDA:0,initialize
FNDA:0,deposit
FNDA:0,requestWithdraw
FNDA:0,withdraw
FNDA:0,compensate
FNDA:0,totalSupply
FNDA:0,balanceOf
FNDA:0,transfer
FNDA:0,allowance
FNDA:0,approve
FNDA:0,transferFrom
FNDA:0,increaseAllowance
FNDA:0,decreaseAllowance
FNDA:0,_transfer
FNDA:0,_mint
FNDA:0,_burn
FNDA:0,_approve
FNDA:0,totalLiquidity
FNDA:0,valueOfUnderlying
FNDA:0,changeMetadata
FNDA:0,setPaused
FNDA:0,_beforeTokenTransfer
DA:74,0
DA:78,0
DA:102,0
DA:115,0
DA:117,0
DA:118,0
DA:119,0
DA:121,0
DA:122,0
DA:123,0
DA:124,0
DA:126,0
DA:128,0
DA:139,0
DA:140,0
DA:142,0
DA:143,0
DA:144,0
DA:145,0
DA:147,0
DA:148,0
DA:151,0
DA:152,0
DA:154,0
DA:156,0
DA:159,0
DA:168,0
DA:175,0
DA:176,0
DA:180,0
DA:181,0
DA:189,0
DA:193,0
DA:210,0
DA:215,0
DA:218,0
DA:219,0
DA:230,0
DA:231,0
DA:232,0
DA:234,0
DA:236,0
DA:238,0
DA:240,0
DA:252,0
DA:259,0
DA:270,0
DA:271,0
DA:283,0
DA:294,0
DA:295,0
DA:306,0
DA:307,0
DA:312,0
DA:322,0
DA:327,0
DA:337,0
DA:342,0
DA:353,0
DA:358,0
DA:360,0
DA:361,0
DA:362,0
DA:369,0
DA:371,0
DA:372,0
DA:373,0
DA:380,0
DA:382,0
DA:383,0
DA:384,0
DA:395,0
DA:400,0
DA:401,0
DA:412,0
DA:419,0
DA:420,0
DA:421,0
DA:423,0
DA:438,0
DA:445,0
DA:457,0
DA:458,0
DA:459,0
LF:84
LH:0
BRDA:74,1,0,0
BRDA:74,1,1,0
BRDA:102,2,0,0
BRDA:102,2,1,0
BRDA:139,3,0,0
BRDA:139,3,1,0
BRDA:140,4,0,0
BRDA:140,4,1,0
BRDA:151,5,0,0
BRDA:151,5,1,0
BRDA:153,6,0,0
BRDA:153,6,1,0
BRDA:176,7,0,0
BRDA:176,7,1,0
BRDA:193,8,0,0
BRDA:193,8,1,0
BRDA:230,9,0,0
BRDA:230,9,1,0
BRDA:232,10,0,0
BRDA:232,10,1,0
BRDA:353,11,0,0
BRDA:353,11,1,0
BRDA:369,12,0,0
BRDA:369,12,1,0
BRDA:380,13,0,0
BRDA:380,13,1,0
BRDA:395,14,0,0
BRDA:395,14,1,0
BRDA:420,15,0,0
BRDA:420,15,1,0
BRDA:458,16,0,0
BRDA:458,16,1,0
BRF:32
BRH:0
end_of_record
TN:
SF:/Users/mbs/insureDAO/pool-contracts/contracts/Factory.sol
FN:62,constructor
FN:71,approveTemplate
FN:87,approveReference
FN:103,setCondition
FN:118,createMarket
FN:181,_createClone
FN:205,commit_transfer_ownership
FN:216,apply_transfer_ownership
FNF:8
FNH:0
FNDA:0,constructor
FNDA:0,approveTemplate
FNDA:0,approveReference
FNDA:0,setCondition
FNDA:0,createMarket
FNDA:0,_createClone
FNDA:0,commit_transfer_ownership
FNDA:0,apply_transfer_ownership
DA:63,0
DA:64,0
DA:76,0
DA:77,0
DA:78,0
DA:79,0
DA:80,0
DA:93,0
DA:94,0
DA:95,0
DA:96,0
DA:108,0
DA:109,0
DA:110,0
DA:111,0
DA:127,0
DA:128,0
DA:129,0
DA:131,0
DA:132,0
DA:133,0
DA:141,0
DA:142,0
DA:143,0
DA:147,0
DA:149,0
DA:152,0
DA:162,0
DA:172,0
DA:173,0
DA:174,0
DA:183,0
DA:184,0
DA:206,0
DA:207,0
DA:209,0
DA:210,0
DA:211,0
DA:213,0
DA:217,0
DA:218,0
DA:222,0
DA:224,0
DA:225,0
DA:227,0
DA:229,0
LF:46
LH:0
BRDA:76,1,0,0
BRDA:76,1,1,0
BRDA:77,2,0,0
BRDA:77,2,1,0
BRDA:93,3,0,0
BRDA:93,3,1,0
BRDA:94,4,0,0
BRDA:94,4,1,0
BRDA:108,5,0,0
BRDA:108,5,1,0
BRDA:109,6,0,0
BRDA:109,6,1,0
BRDA:127,7,0,0
BRDA:127,7,1,0
BRDA:128,8,0,0
BRDA:128,8,1,0
BRDA:129,9,0,0
BRDA:129,9,1,0
BRDA:131,10,0,0
BRDA:131,10,1,0
BRDA:133,11,0,0
BRDA:133,11,1,0
BRDA:141,12,0,0
BRDA:141,12,1,0
BRDA:206,13,0,0
BRDA:206,13,1,0
BRDA:207,14,0,0
BRDA:207,14,1,0
BRDA:217,15,0,0
BRDA:217,15,1,0
BRDA:218,16,0,0
BRDA:218,16,1,0
BRDA:222,17,0,0
BRDA:222,17,1,0
BRF:34
BRH:0
end_of_record
TN:
SF:/Users/mbs/insureDAO/pool-contracts/contracts/FeeModel.sol
FN:13,getFee
FN:17,setFee
FNF:2
FNH:0
FNDA:0,getFee
FNDA:0,setFee
DA:14,0
DA:18,0
LF:2
LH:0
BRF:0
BRH:0
end_of_record
TN:
SF:/Users/mbs/insureDAO/pool-contracts/contracts/IndexTemplate.sol
FN:84,onlyOwner
FN:102,initialize
FN:145,deposit
FN:184,requestWithdraw
FN:197,withdraw
FN:295,withdrawable
FN:330,adjustAlloc
FN:402,compensate
FN:431,resume
FN:439,lock
FN:451,totalSupply
FN:458,balanceOf
FN:465,transfer
FN:477,allowance
FN:489,approve
FN:501,transferFrom
FN:518,increaseAllowance
FN:533,decreaseAllowance
FN:548,_transfer
FN:568,_mint
FN:579,_burn
FN:590,_approve
FN:611,leverage
FN:623,totalLiquidity
FN:630,valueOfUnderlying
FN:639,getAllPools
FN:650,setPaused
FN:657,changeMetadata
FN:664,setLeverage
FN:671,set
FN:695,_beforeTokenTransfer
FN:706,_accruedPremiums
FNF:32
FNH:0
FNDA:0,onlyOwner
FNDA:0,initialize
FNDA:0,deposit
FNDA:0,requestWithdraw
FNDA:0,withdraw
FNDA:0,withdrawable
FNDA:0,adjustAlloc
FNDA:0,compensate
FNDA:0,resume
FNDA:0,lock
FNDA:0,totalSupply
FNDA:0,balanceOf
FNDA:0,transfer
FNDA:0,allowance
FNDA:0,approve
FNDA:0,transferFrom
FNDA:0,increaseAllowance
FNDA:0,decreaseAllowance
FNDA:0,_transfer
FNDA:0,_mint
FNDA:0,_burn
FNDA:0,_approve
FNDA:0,leverage
FNDA:0,totalLiquidity
FNDA:0,valueOfUnderlying
FNDA:0,getAllPools
FNDA:0,setPaused
FNDA:0,changeMetadata
FNDA:0,setLeverage
FNDA:0,set
FNDA:0,_beforeTokenTransfer
FNDA:0,_accruedPremiums
DA:85,0
DA:89,0
DA:111,0
DA:123,0
DA:125,0
DA:126,0
DA:127,0
DA:129,0
DA:130,0
DA:131,0
DA:133,0
DA:135,0
DA:146,0
DA:147,0
DA:149,0
DA:150,0
DA:151,0
DA:152,0
DA:153,0
DA:154,0
DA:155,0
DA:160,0
DA:162,0
DA:163,0
DA:165,0
DA:167,0
DA:169,0
DA:177,0
DA:178,0
DA:185,0
DA:186,0
DA:190,0
DA:191,0
DA:199,0
DA:201,0
DA:219,0
DA:223,0
DA:226,0
DA:227,0
DA:228,0
DA:229,0
DA:230,0
DA:232,0
DA:233,0
DA:237,0
DA:239,0
DA:240,0
DA:245,0
DA:246,0
DA:247,0
DA:248,0
DA:249,0
DA:251,0
DA:255,0
DA:256,0
DA:258,0
DA:263,0
DA:265,0
DA:267,0
DA:269,0
DA:270,0
DA:271,0
DA:273,0
DA:275,0
DA:276,0
DA:277,0
DA:279,0
DA:280,0
DA:286,0
DA:288,0
DA:296,0
DA:297,0
DA:298,0
DA:299,0
DA:301,0
DA:302,0
DA:304,0
DA:305,0
DA:309,0
DA:310,0
DA:312,0
DA:314,0
DA:332,0
DA:333,0
DA:334,0
DA:335,0
DA:337,0
DA:338,0
DA:342,0
DA:344,0
DA:345,0
DA:350,0
DA:351,0
DA:352,0
DA:353,0
DA:354,0
DA:356,0
DA:360,0
DA:361,0
DA:363,0
DA:368,0
DA:371,0
DA:373,0
DA:375,0
DA:376,0
DA:377,0
DA:379,0
DA:381,0
DA:382,0
DA:383,0
DA:385,0
DA:386,0
DA:403,0
DA:404,0
DA:406,0
DA:410,0
DA:411,0
DA:413,0
DA:415,0
DA:416,0
DA:419,0
DA:421,0
DA:432,0
DA:433,0
DA:440,0
DA:441,0
DA:452,0
DA:459,0
DA:470,0
DA:471,0
DA:483,0
DA:494,0
DA:495,0
DA:506,0
DA:507,0
DA:512,0
DA:522,0
DA:527,0
DA:537,0
DA:542,0
DA:553,0
DA:558,0
DA:560,0
DA:561,0
DA:562,0
DA:569,0
DA:571,0
DA:572,0
DA:573,0
DA:580,0
DA:582,0
DA:583,0
DA:584,0
DA:595,0
DA:600,0
DA:601,0
DA:613,0
DA:614,0
DA:616,0
DA:624,0
DA:631,0
DA:632,0
DA:633,0
DA:635,0
DA:640,0
DA:651,0
DA:658,0
DA:665,0
DA:672,0
DA:673,0
DA:677,0
DA:680,0
DA:681,0
DA:682,0
DA:683,0
DA:685,0
DA:697,0
DA:698,0
DA:699,0
DA:707,0
DA:708,0
LF:181
LH:0
BRDA:85,1,0,0
BRDA:85,1,1,0
BRDA:111,2,0,0
BRDA:111,2,1,0
BRDA:146,3,0,0
BRDA:146,3,1,0
BRDA:147,4,0,0
BRDA:147,4,1,0
BRDA:162,5,0,0
BRDA:162,5,1,0
BRDA:164,6,0,0
BRDA:164,6,1,0
BRDA:186,7,0,0
BRDA:186,7,1,0
BRDA:201,8,0,0
BRDA:201,8,1,0
BRDA:240,9,0,0
BRDA:240,9,1,0
BRDA:256,10,0,0
BRDA:256,10,1,0
BRDA:267,11,0,0
BRDA:267,11,1,0
BRDA:273,12,0,0
BRDA:273,12,1,0
BRDA:279,13,0,0
BRDA:279,13,1,0
BRDA:298,14,0,0
BRDA:298,14,1,0
BRDA:301,15,0,0
BRDA:301,15,1,0
BRDA:304,16,0,0
BRDA:304,16,1,0
BRDA:309,17,0,0
BRDA:309,17,1,0
BRDA:311,18,0,0
BRDA:311,18,1,0
BRDA:345,19,0,0
BRDA:345,19,1,0
BRDA:361,20,0,0
BRDA:361,20,1,0
BRDA:373,21,0,0
BRDA:373,21,1,0
BRDA:379,22,0,0
BRDA:379,22,1,0
BRDA:385,23,0,0
BRDA:385,23,1,0
BRDA:403,24,0,0
BRDA:403,24,1,0
BRDA:404,25,0,0
BRDA:404,25,1,0
BRDA:413,26,0,0
BRDA:413,26,1,0
BRDA:432,27,0,0
BRDA:432,27,1,0
BRDA:440,28,0,0
BRDA:440,28,1,0
BRDA:553,29,0,0
BRDA:553,29,1,0
BRDA:569,30,0,0
BRDA:569,30,1,0
BRDA:580,31,0,0
BRDA:580,31,1,0
BRDA:595,32,0,0
BRDA:595,32,1,0
BRDA:613,33,0,0
BRDA:613,33,1,0
BRDA:632,34,0,0
BRDA:632,34,1,0
BRDA:672,35,0,0
BRDA:672,35,1,0
BRDA:681,36,0,0
BRDA:681,36,1,0
BRDA:698,37,0,0
BRDA:698,37,1,0
BRF:74
BRH:0
end_of_record
TN:
SF:/Users/mbs/insureDAO/pool-contracts/contracts/interfaces/ICDS.sol
FNF:0
FNH:0
LF:0
LH:0
BRF:0
BRH:0
end_of_record
TN:
SF:/Users/mbs/insureDAO/pool-contracts/contracts/interfaces/IController.sol
FNF:0
FNH:0
LF:0
LH:0
BRF:0
BRH:0
end_of_record
TN:
SF:/Users/mbs/insureDAO/pool-contracts/contracts/interfaces/IFeeModel.sol
FNF:0
FNH:0
LF:0
LH:0
BRF:0
BRH:0
end_of_record
TN:
SF:/Users/mbs/insureDAO/pool-contracts/contracts/interfaces/IIndexTemplate.sol
FNF:0
FNH:0
LF:0
LH:0
BRF:0
BRH:0
end_of_record
TN:
SF:/Users/mbs/insureDAO/pool-contracts/contracts/interfaces/IMinter.sol
FNF:0
FNH:0
LF:0
LH:0
BRF:0
BRH:0
end_of_record
TN:
SF:/Users/mbs/insureDAO/pool-contracts/contracts/interfaces/IParameters.sol
FNF:0
FNH:0
LF:0
LH:0
BRF:0
BRH:0
end_of_record
TN:
SF:/Users/mbs/insureDAO/pool-contracts/contracts/interfaces/IPoolTemplate.sol
FNF:0
FNH:0
LF:0
LH:0
BRF:0
BRH:0
end_of_record
TN:
SF:/Users/mbs/insureDAO/pool-contracts/contracts/interfaces/IPremiumModel.sol
FNF:0
FNH:0
LF:0
LH:0
BRF:0
BRH:0
end_of_record
TN:
SF:/Users/mbs/insureDAO/pool-contracts/contracts/interfaces/IRegistry.sol
FNF:0
FNH:0
LF:0
LH:0
BRF:0
BRH:0
end_of_record
TN:
SF:/Users/mbs/insureDAO/pool-contracts/contracts/interfaces/IUniversalMarket.sol
FNF:0
FNH:0
LF:0
LH:0
BRF:0
BRH:0
end_of_record
TN:
SF:/Users/mbs/insureDAO/pool-contracts/contracts/interfaces/IVault.sol
FNF:0
FNH:0
LF:0
LH:0
BRF:0
BRH:0
end_of_record
TN:
SF:/Users/mbs/insureDAO/pool-contracts/contracts/libraries/access/MinterRole.sol
FN:13,constructor
FN:17,onlyMinter
FN:25,isMinter
FN:29,addMinter
FN:33,renounceMinter
FN:37,_addMinter
FN:42,_removeMinter
FNF:7
FNH:0
FNDA:0,constructor
FNDA:0,onlyMinter
FNDA:0,isMinter
FNDA:0,addMinter
FNDA:0,renounceMinter
FNDA:0,_addMinter
FNDA:0,_removeMinter
DA:14,0
DA:18,0
DA:22,0
DA:26,0
DA:30,0
DA:34,0
DA:38,0
DA:39,0
DA:43,0
DA:44,0
LF:10
LH:0
BRDA:18,1,0,0
BRDA:18,1,1,0
BRF:2
BRH:0
end_of_record
TN:
SF:/Users/mbs/insureDAO/pool-contracts/contracts/libraries/access/Roles.sol
FN:15,add
FN:23,remove
FN:32,has
FNF:3
FNH:0
FNDA:0,add
FNDA:0,remove
FNDA:0,has
DA:16,0
DA:17,0
DA:24,0
DA:25,0
DA:37,0
DA:38,0
LF:6
LH:0
BRDA:16,1,0,0
BRDA:16,1,1,0
BRDA:24,2,0,0
BRDA:24,2,1,0
BRDA:37,3,0,0
BRDA:37,3,1,0
BRF:6
BRH:0
end_of_record
TN:
SF:/Users/mbs/insureDAO/pool-contracts/contracts/libraries/math/SafeMath.sol
FN:26,add
FN:42,sub
FN:58,mul
FN:83,div
FN:103,mod
FNF:5
FNH:4
FNDA:64,add
FNDA:32,sub
FNDA:70,mul
FNDA:38,div
FNDA:0,mod
DA:27,64
DA:28,64
DA:30,64
DA:43,32
DA:44,32
DA:46,32
DA:62,70
DA:63,0
DA:66,70
DA:67,70
DA:69,70
DA:85,38
DA:86,38
DA:89,38
DA:104,0
DA:105,0
LF:16
LH:13
BRDA:28,1,0,64
BRDA:28,1,1,0
BRDA:43,2,0,32
BRDA:43,2,1,0
BRDA:62,3,0,0
BRDA:62,3,1,70
BRDA:67,4,0,70
BRDA:67,4,1,0
BRDA:85,5,0,38
BRDA:85,5,1,0
BRDA:104,6,0,0
BRDA:104,6,1,0
BRF:12
BRH:5
end_of_record
TN:
SF:/Users/mbs/insureDAO/pool-contracts/contracts/libraries/tokens/ERC165.sol
FN:22,constructor
FN:33,supportsInterface
FN:53,_registerInterface
FNF:3
FNH:0
FNDA:0,constructor
FNDA:0,supportsInterface
FNDA:0,_registerInterface
DA:25,0
DA:39,0
DA:54,0
DA:55,0
LF:4
LH:0
BRDA:54,1,0,0
BRDA:54,1,1,0
BRF:2
BRH:0
end_of_record
TN:
SF:/Users/mbs/insureDAO/pool-contracts/contracts/libraries/tokens/ERC20.sol
FN:41,totalSupply
FN:48,balanceOf
FN:60,transfer
FN:72,allowance
FN:88,approve
FN:109,transferFrom
FN:135,increaseAllowance
FN:161,decreaseAllowance
FN:187,_transfer
FN:209,_mint
FN:228,_burn
FN:249,_approve
FN:267,_burnFrom
FNF:13
FNH:0
FNDA:0,totalSupply
FNDA:0,balanceOf
FNDA:0,transfer
FNDA:0,allowance
FNDA:0,approve
FNDA:0,transferFrom
FNDA:0,increaseAllowance
FNDA:0,decreaseAllowance
FNDA:0,_transfer
FNDA:0,_mint
FNDA:0,_burn
FNDA:0,_approve
FNDA:0,_burnFrom
DA:42,0
DA:49,0
DA:65,0
DA:66,0
DA:78,0
DA:93,0
DA:94,0
DA:114,0
DA:115,0
DA:120,0
DA:139,0
DA:144,0
DA:165,0
DA:170,0
DA:192,0
DA:193,0
DA:195,0
DA:196,0
DA:197,0
DA:210,0
DA:212,0
DA:213,0
DA:214,0
DA:229,0
DA:231,0
DA:232,0
DA:233,0
DA:254,0
DA:255,0
DA:257,0
DA:258,0
DA:268,0
DA:269,0
LF:33
LH:0
BRDA:192,1,0,0
BRDA:192,1,1,0
BRDA:193,2,0,0
BRDA:193,2,1,0
BRDA:210,3,0,0
BRDA:210,3,1,0
BRDA:229,4,0,0
BRDA:229,4,1,0
BRDA:254,5,0,0
BRDA:254,5,1,0
BRDA:255,6,0,0
BRDA:255,6,1,0
BRF:12
BRH:0
end_of_record
TN:
SF:/Users/mbs/insureDAO/pool-contracts/contracts/libraries/tokens/ERC20Mintable.sol
FN:22,mint
FNF:1
FNH:0
FNDA:0,mint
DA:25,0
DA:26,0
LF:2
LH:0
BRF:0
BRH:0
end_of_record
TN:
SF:/Users/mbs/insureDAO/pool-contracts/contracts/libraries/tokens/IERC165.sol
FNF:0
FNH:0
LF:0
LH:0
BRF:0
BRH:0
end_of_record
TN:
SF:/Users/mbs/insureDAO/pool-contracts/contracts/libraries/tokens/IERC20.sol
FNF:0
FNH:0
LF:0
LH:0
BRF:0
BRH:0
end_of_record
TN:
SF:/Users/mbs/insureDAO/pool-contracts/contracts/libraries/tokens/SafeERC20.sol
FN:13,safeTransfer
FN:21,safeTransferFrom
FN:30,safeApprove
FNF:3
FNH:0
FNDA:0,safeTransfer
FNDA:0,safeTransferFrom
FNDA:0,safeApprove
DA:18,0
DA:27,0
DA:35,0
LF:3
LH:0
BRDA:18,1,0,0
BRDA:18,1,1,0
BRDA:27,2,0,0
BRDA:27,2,1,0
BRDA:35,3,0,0
BRDA:35,3,1,0
BRF:6
BRH:0
end_of_record
TN:
SF:/Users/mbs/insureDAO/pool-contracts/contracts/libraries/utils/Address.sol
FN:17,isContract
FNF:1
FNH:0
FNDA:0,isContract
DA:22,0
DA:24,0
DA:27,0
LF:3
LH:0
BRF:0
BRH:0
end_of_record
TN:
SF:/Users/mbs/insureDAO/pool-contracts/contracts/libraries/utils/Ownable.sol
FN:23,constructor
FN:31,owner
FN:38,onlyOwner
FN:46,isOwner
FN:57,renounceOwnership
FN:66,transferOwnership
FN:73,_transferOwnership
FNF:7
FNH:3
FNDA:27,constructor
FNDA:0,owner
FNDA:5,onlyOwner
FNDA:5,isOwner
FNDA:0,renounceOwnership
FNDA:0,transferOwnership
FNDA:0,_transferOwnership
DA:24,27
DA:25,27
DA:32,0
DA:39,5
DA:40,3
DA:47,5
DA:58,0
DA:59,0
DA:67,0
DA:74,0
DA:78,0
DA:79,0
LF:12
LH:5
BRDA:39,1,0,3
BRDA:39,1,1,2
BRDA:74,2,0,0
BRDA:74,2,1,0
BRF:4
BRH:2
end_of_record
TN:
SF:/Users/mbs/insureDAO/pool-contracts/contracts/Migrations.sol
FN:8,restricted
FN:16,setCompleted
FNF:2
FNH:0
FNDA:0,restricted
FNDA:0,setCompleted
DA:9,0
DA:13,0
DA:17,0
LF:3
LH:0
BRDA:9,1,0,0
BRDA:9,1,1,0
BRF:2
BRH:0
end_of_record
TN:
SF:/Users/mbs/insureDAO/pool-contracts/contracts/mocks/ControllerMock.sol
FN:9,constructor
FN:13,withdraw
FN:17,valueAll
FN:21,earn
FN:25,setVault
FN:29,yield
FN:35,migrate
FNF:7
FNH:0
FNDA:0,constructor
FNDA:0,withdraw
FNDA:0,valueAll
FNDA:0,earn
FNDA:0,setVault
FNDA:0,yield
FNDA:0,migrate
DA:10,0
DA:14,0
DA:18,0
DA:26,0
DA:30,0
DA:31,0
DA:32,0
LF:7
LH:0
BRF:0
BRH:0
end_of_record
TN:
SF:/Users/mbs/insureDAO/pool-contracts/contracts/mocks/ERC20Mock.sol
FN:10,constructor
FN:16,mint
FNF:2
FNH:0
FNDA:0,constructor
FNDA:0,mint
DA:11,0
DA:17,0
DA:18,0
DA:19,0
LF:4
LH:0
BRDA:17,1,0,0
BRDA:17,1,1,0
BRF:2
BRH:0
end_of_record
TN:
SF:/Users/mbs/insureDAO/pool-contracts/contracts/mocks/MarketMock.sol
FN:6,constructor
FN:8,mint
FNF:2
FNH:0
FNDA:0,constructor
FNDA:0,mint
DA:9,0
LF:1
LH:0
BRF:0
BRH:0
end_of_record
TN:
SF:/Users/mbs/insureDAO/pool-contracts/contracts/mocks/TestERC20Mock.sol
FN:10,constructor
FN:12,mint
FNF:2
FNH:0
FNDA:0,constructor
FNDA:0,mint
DA:13,0
LF:1
LH:0
BRF:0
BRH:0
end_of_record
TN:
SF:/Users/mbs/insureDAO/pool-contracts/contracts/Parameters.sol
FN:39,constructor
FN:43,get_owner
FN:47,onlyOwner
FN:52,isOwner
FN:56,commit_transfer_ownership
FN:67,apply_transfer_ownership
FN:83,setVault
FN:88,setLockup
FN:92,setGrace
FN:96,setMindate
FN:100,setPremium2
FN:104,setFee2
FN:110,setWithdrawable
FN:117,setPremiumModel
FN:122,setFeeModel
FN:128,setCondition
FN:133,getVault
FN:141,getPremium
FN:167,getFee
FN:179,getFee2
FN:191,getPremium2
FN:203,getLockup
FN:211,getWithdrawable
FN:219,getGrace
FN:227,getMin
FN:235,getCondition
FNF:26
FNH:0
FNDA:0,constructor
FNDA:0,get_owner
FNDA:0,onlyOwner
FNDA:0,isOwner
FNDA:0,commit_transfer_ownership
FNDA:0,apply_transfer_ownership
FNDA:0,setVault
FNDA:0,setLockup
FNDA:0,setGrace
FNDA:0,setMindate
FNDA:0,setPremium2
FNDA:0,setFee2
FNDA:0,setWithdrawable
FNDA:0,setPremiumModel
FNDA:0,setFeeModel
FNDA:0,setCondition
FNDA:0,getVault
FNDA:0,getPremium
FNDA:0,getFee
FNDA:0,getFee2
FNDA:0,getPremium2
FNDA:0,getLockup
FNDA:0,getWithdrawable
FNDA:0,getGrace
FNDA:0,getMin
FNDA:0,getCondition
DA:40,0
DA:44,0
DA:48,0
DA:49,0
DA:53,0
DA:57,0
DA:58,0
DA:60,0
DA:61,0
DA:62,0
DA:64,0
DA:68,0
DA:69,0
DA:73,0
DA:75,0
DA:76,0
DA:78,0
DA:80,0
DA:84,0
DA:85,0
DA:89,0
DA:93,0
DA:97,0
DA:101,0
DA:105,0
DA:112,0
DA:119,0
DA:123,0
DA:130,0
DA:134,0
DA:135,0
DA:137,0
DA:148,0
DA:149,0
DA:157,0
DA:172,0
DA:173,0
DA:175,0
DA:184,0
DA:185,0
DA:187,0
DA:196,0
DA:197,0
DA:199,0
DA:204,0
DA:205,0
DA:207,0
DA:212,0
DA:213,0
DA:215,0
DA:220,0
DA:221,0
DA:223,0
DA:228,0
DA:229,0
DA:231,0
DA:236,0
LF:57
LH:0
BRDA:48,1,0,0
BRDA:48,1,1,0
BRDA:57,2,0,0
BRDA:57,2,1,0
BRDA:58,3,0,0
BRDA:58,3,1,0
BRDA:68,4,0,0
BRDA:68,4,1,0
BRDA:69,5,0,0
BRDA:69,5,1,0
BRDA:73,6,0,0
BRDA:73,6,1,0
BRDA:84,7,0,0
BRDA:84,7,1,0
BRDA:134,8,0,0
BRDA:134,8,1,0
BRDA:148,9,0,0
BRDA:148,9,1,0
BRDA:172,10,0,0
BRDA:172,10,1,0
BRDA:184,11,0,0
BRDA:184,11,1,0
BRDA:196,12,0,0
BRDA:196,12,1,0
BRDA:204,13,0,0
BRDA:204,13,1,0
BRDA:212,14,0,0
BRDA:212,14,1,0
BRDA:220,15,0,0
BRDA:220,15,1,0
BRDA:228,16,0,0
BRDA:228,16,1,0
BRF:32
BRH:0
end_of_record
TN:
SF:/Users/mbs/insureDAO/pool-contracts/contracts/PoolTemplate.sol
FN:134,onlyOwner
FN:153,initialize
FN:201,deposit
FN:230,requestWithdraw
FN:243,withdraw
FN:281,unlockBatch
FN:290,unlock
FN:313,allocateCredit
FN:349,withdrawCredit
FN:388,insure
FN:444,redeem
FN:507,transferInsurance
FN:524,getPremium
FN:552,applyCover
FN:572,resume
FN:591,totalSupply
FN:598,balanceOf
FN:605,transfer
FN:617,allowance
FN:629,approve
FN:641,transferFrom
FN:658,increaseAllowance
FN:673,decreaseAllowance
FN:688,_transfer
FN:708,_mint
FN:719,_burn
FN:730,_approve
FN:751,valueOfUnderlying
FN:766,pendingPremium
FN:781,worth
FN:797,allocatedCredit
FN:804,allInsuranceCount
FN:811,getInsuranceCount
FN:818,availableBalance
FN:829,utilizationRate
FN:840,totalLiquidity
FN:851,setPaused
FN:858,changeMetadata
FN:869,_beforeTokenTransfer
FN:880,_divCeil
FN:890,_divFloor
FNF:41
FNH:0
FNDA:0,onlyOwner
FNDA:0,initialize
FNDA:0,deposit
FNDA:0,requestWithdraw
FNDA:0,withdraw
FNDA:0,unlockBatch
FNDA:0,unlock
FNDA:0,allocateCredit
FNDA:0,withdrawCredit
FNDA:0,insure
FNDA:0,redeem
FNDA:0,transferInsurance
FNDA:0,getPremium
FNDA:0,applyCover
FNDA:0,resume
FNDA:0,totalSupply
FNDA:0,balanceOf
FNDA:0,transfer
FNDA:0,allowance
FNDA:0,approve
FNDA:0,transferFrom
FNDA:0,increaseAllowance
FNDA:0,decreaseAllowance
FNDA:0,_transfer
FNDA:0,_mint
FNDA:0,_burn
FNDA:0,_approve
FNDA:0,valueOfUnderlying
FNDA:0,pendingPremium
FNDA:0,worth
FNDA:0,allocatedCredit
FNDA:0,allInsuranceCount
FNDA:0,getInsuranceCount
FNDA:0,availableBalance
FNDA:0,utilizationRate
FNDA:0,totalLiquidity
FNDA:0,setPaused
FNDA:0,changeMetadata
FNDA:0,_beforeTokenTransfer
FNDA:0,_divCeil
FNDA:0,_divFloor
DA:135,0
DA:139,0
DA:162,0
DA:173,0
DA:175,0
DA:176,0
DA:177,0
DA:179,0
DA:180,0
DA:181,0
DA:183,0
DA:185,0
DA:187,0
DA:188,0
DA:191,0
DA:202,0
DA:209,0
DA:211,0
DA:213,0
DA:215,0
DA:224,0
DA:231,0
DA:232,0
DA:236,0
DA:237,0
DA:244,0
DA:245,0
DA:246,0
DA:247,0
DA:264,0
DA:269,0
DA:272,0
DA:273,0
DA:275,0
DA:282,0
DA:283,0
DA:291,0
DA:292,0
DA:298,0
DA:300,0
DA:302,0
DA:317,0
DA:321,0
DA:322,0
DA:323,0
DA:324,0
DA:326,0
DA:327,0
DA:330,0
DA:331,0
DA:334,0
DA:335,0
DA:336,0
DA:337,0
DA:340,0
DA:343,0
DA:353,0
DA:354,0
DA:363,0
DA:368,0
DA:369,0
DA:370,0
DA:373,0
DA:374,0
DA:375,0
DA:395,0
DA:396,0
DA:397,0
DA:398,0
DA:400,0
DA:411,0
DA:413,0
DA:417,0
DA:418,0
DA:419,0
DA:421,0
DA:422,0
DA:425,0
DA:427,0
DA:430,0
DA:431,0
DA:436,0
DA:438,0
DA:445,0
DA:447,0
DA:448,0
DA:449,0
DA:450,0
DA:451,0
DA:453,0
DA:454,0
DA:457,0
DA:466,0
DA:467,0
DA:469,0
DA:471,0
DA:474,0
DA:475,0
DA:476,0
DA:480,0
DA:482,0
DA:486,0
DA:488,0
DA:492,0
DA:495,0
DA:508,0
DA:510,0
DA:518,0
DA:529,0
DA:553,0
DA:557,0
DA:558,0
DA:559,0
DA:560,0
DA:561,0
DA:562,0
DA:563,0
DA:564,0
DA:566,0
DA:573,0
DA:577,0
DA:578,0
DA:579,0
DA:581,0
DA:592,0
DA:599,0
DA:610,0
DA:611,0
DA:623,0
DA:634,0
DA:635,0
DA:646,0
DA:647,0
DA:652,0
DA:662,0
DA:667,0
DA:677,0
DA:682,0
DA:693,0
DA:698,0
DA:700,0
DA:701,0
DA:702,0
DA:709,0
DA:711,0
DA:712,0
DA:713,0
DA:720,0
DA:722,0
DA:723,0
DA:724,0
DA:735,0
DA:740,0
DA:741,0
DA:752,0
DA:753,0
DA:754,0
DA:756,0
DA:767,0
DA:768,0
DA:769,0
DA:771,0
DA:782,0
DA:783,0
DA:784,0
DA:788,0
DA:790,0
DA:798,0
DA:805,0
DA:812,0
DA:819,0
DA:820,0
DA:822,0
DA:830,0
DA:831,0
DA:833,0
DA:841,0
DA:852,0
DA:859,0
DA:871,0
DA:872,0
DA:873,0
DA:881,0
DA:882,0
DA:883,0
DA:884,0
DA:891,0
DA:892,0
DA:893,0
DA:894,0
LF:190
LH:0
BRDA:135,1,0,0
BRDA:135,1,1,0
BRDA:162,2,0,0
BRDA:162,2,1,0
BRDA:187,3,0,0
BRDA:187,3,1,0
BRDA:202,4,0,0
BRDA:202,4,1,0
BRDA:232,5,0,0
BRDA:232,5,1,0
BRDA:247,6,0,0
BRDA:247,6,1,0
BRDA:292,7,0,0
BRDA:292,7,1,0
BRDA:317,8,0,0
BRDA:317,8,1,0
BRDA:322,9,0,0
BRDA:322,9,1,0
BRDA:326,10,0,0
BRDA:326,10,1,0
BRDA:330,11,0,0
BRDA:330,11,1,0
BRDA:334,12,0,0
BRDA:334,12,1,0
BRDA:354,13,0,0
BRDA:354,13,1,0
BRDA:373,14,0,0
BRDA:373,14,1,0
BRDA:400,15,0,0
BRDA:400,15,1,0
BRDA:430,16,0,0
BRDA:430,16,1,0
BRDA:454,17,0,0
BRDA:454,17,1,0
BRDA:457,18,0,0
BRDA:457,18,1,0
BRDA:475,19,0,0
BRDA:475,19,1,0
BRDA:510,20,0,0
BRDA:510,20,1,0
BRDA:553,21,0,0
BRDA:553,21,1,0
BRDA:573,22,0,0
BRDA:573,22,1,0
BRDA:693,23,0,0
BRDA:693,23,1,0
BRDA:709,24,0,0
BRDA:709,24,1,0
BRDA:720,25,0,0
BRDA:720,25,1,0
BRDA:735,26,0,0
BRDA:735,26,1,0
BRDA:753,27,0,0
BRDA:753,27,1,0
BRDA:768,28,0,0
BRDA:768,28,1,0
BRDA:783,29,0,0
BRDA:783,29,1,0
BRDA:787,30,0,0
BRDA:787,30,1,0
BRDA:819,31,0,0
BRDA:819,31,1,0
BRDA:830,32,0,0
BRDA:830,32,1,0
BRDA:872,33,0,0
BRDA:872,33,1,0
BRDA:881,34,0,0
BRDA:881,34,1,0
BRDA:883,35,0,0
BRDA:883,35,1,0
BRDA:891,36,0,0
BRDA:891,36,1,0
BRDA:893,37,0,0
BRDA:893,37,1,0
BRF:74
BRH:0
end_of_record
TN:
SF:/Users/mbs/insureDAO/pool-contracts/contracts/PremiumModels/BondingPremium.sol
FN:58,constructor
FN:70,getPremium
FN:119,setPremium
FN:135,setOptions
FN:147,sqrt
FNF:5
FNH:5
FNDA:27,constructor
FNDA:3,getPremium
FNDA:1,setPremium
FNDA:2,setOptions
FNDA:28,sqrt
DA:60,27
DA:61,27
DA:62,27
DA:65,27
DA:66,27
DA:67,27
DA:76,3
DA:77,1
DA:80,2
DA:90,2
DA:92,2
DA:93,2
DA:94,1
DA:96,1
DA:101,2
DA:105,2
DA:109,2
DA:121,1
DA:122,1
DA:123,1
DA:137,2
DA:140,1
DA:141,1
DA:142,1
DA:148,28
DA:149,28
DA:150,28
DA:151,645
DA:152,645
LF:29
LH:29
BRDA:76,1,0,1
BRDA:76,1,1,2
BRDA:93,2,0,1
BRDA:93,2,1,1
BRDA:137,3,0,1
BRDA:137,3,1,1
BRF:6
BRH:6
end_of_record
TN:
SF:/Users/mbs/insureDAO/pool-contracts/contracts/PremiumModels/PremiumModel.sol
FN:14,getPremium
FN:47,setPremium
FNF:2
FNH:0
FNDA:0,getPremium
FNDA:0,setPremium
DA:20,0
DA:21,0
DA:24,0
DA:31,0
DA:33,0
DA:35,0
DA:37,0
DA:49,0
DA:50,0
LF:9
LH:0
BRDA:20,1,0,0
BRDA:20,1,1,0
BRF:2
BRH:0
end_of_record
TN:
SF:/Users/mbs/insureDAO/pool-contracts/contracts/Registry.sol
FN:23,constructor
FN:27,setFactory
FN:32,supportMarket
FN:39,setCDS
FN:44,getCDS
FN:52,isListed
FN:56,getAllMarkets
FN:61,commit_transfer_ownership
FN:72,apply_transfer_ownership
FNF:9
FNH:0
FNDA:0,constructor
FNDA:0,setFactory
FNDA:0,supportMarket
FNDA:0,setCDS
FNDA:0,getCDS
FNDA:0,isListed
FNDA:0,getAllMarkets
FNDA:0,commit_transfer_ownership
FNDA:0,apply_transfer_ownership
DA:24,0
DA:28,0
DA:29,0
DA:33,0
DA:34,0
DA:35,0
DA:36,0
DA:40,0
DA:41,0
DA:45,0
DA:46,0
DA:48,0
DA:53,0
DA:57,0
DA:62,0
DA:63,0
DA:65,0
DA:66,0
DA:67,0
DA:69,0
DA:73,0
DA:74,0
DA:78,0
DA:80,0
DA:81,0
DA:83,0
DA:85,0
LF:27
LH:0
BRDA:28,1,0,0
BRDA:28,1,1,0
BRDA:33,2,0,0
BRDA:33,2,1,0
BRDA:34,3,0,0
BRDA:34,3,1,0
BRDA:40,4,0,0
BRDA:40,4,1,0
BRDA:45,5,0,0
BRDA:45,5,1,0
BRDA:62,6,0,0
BRDA:62,6,1,0
BRDA:63,7,0,0
BRDA:63,7,1,0
BRDA:73,8,0,0
BRDA:73,8,1,0
BRDA:74,9,0,0
BRDA:74,9,1,0
BRDA:78,10,0,0
BRDA:78,10,1,0
BRF:20
BRH:0
end_of_record
TN:
SF:/Users/mbs/insureDAO/pool-contracts/contracts/Vault.sol
FN:37,constructor
FN:56,addValue
FN:82,withdrawValue
FN:105,transferValue
FN:124,withdrawAttribution
FN:144,withdrawAllAttribution
FN:167,transferAttribution
FN:181,utilize
FN:193,attributionOf
FN:200,attributionAll
FN:207,attributionValue
FN:222,underlyingValue
FN:233,valueAll
FN:240,setController
FN:249,_unutilize
FN:256,available
FN:263,getPricePerFullShare
FN:274,commit_transfer_ownership
FN:288,apply_transfer_ownership
FNF:19
FNH:0
FNDA:0,constructor
FNDA:0,addValue
FNDA:0,withdrawValue
FNDA:0,transferValue
FNDA:0,withdrawAttribution
FNDA:0,withdrawAllAttribution
FNDA:0,transferAttribution
FNDA:0,utilize
FNDA:0,attributionOf
FNDA:0,attributionAll
FNDA:0,attributionValue
FNDA:0,underlyingValue
FNDA:0,valueAll
FNDA:0,setController
FNDA:0,_unutilize
FNDA:0,available
FNDA:0,getPricePerFullShare
FNDA:0,commit_transfer_ownership
FNDA:0,apply_transfer_ownership
DA:42,0
DA:43,0
DA:44,0
DA:45,0
DA:61,0
DA:65,0
DA:66,0
DA:67,0
DA:68,0
DA:70,0
DA:72,0
DA:73,0
DA:86,0
DA:91,0
DA:92,0
DA:93,0
DA:94,0
DA:95,0
DA:96,0
DA:98,0
DA:106,0
DA:111,0
DA:113,0
DA:116,0
DA:128,0
DA:132,0
DA:133,0
DA:134,0
DA:135,0
DA:136,0
DA:138,0
DA:148,0
DA:152,0
DA:156,0
DA:157,0
DA:158,0
DA:159,0
DA:161,0
DA:170,0
DA:174,0
DA:175,0
DA:182,0
DA:183,0
DA:184,0
DA:185,0
DA:194,0
DA:201,0
DA:212,0
DA:213,0
DA:215,0
DA:223,0
DA:224,0
DA:226,0
DA:234,0
DA:241,0
DA:242,0
DA:243,0
DA:250,0
DA:257,0
DA:264,0
DA:275,0
DA:276,0
DA:278,0
DA:279,0
DA:280,0
DA:282,0
DA:289,0
DA:290,0
DA:294,0
DA:296,0
DA:297,0
DA:299,0
DA:301,0
LF:73
LH:0
BRDA:61,1,0,0
BRDA:61,1,1,0
BRDA:67,2,0,0
BRDA:67,2,1,0
BRDA:86,3,0,0
BRDA:86,3,1,0
BRDA:94,4,0,0
BRDA:94,4,1,0
BRDA:106,5,0,0
BRDA:106,5,1,0
BRDA:128,6,0,0
BRDA:128,6,1,0
BRDA:134,7,0,0
BRDA:134,7,1,0
BRDA:148,8,0,0
BRDA:148,8,1,0
BRDA:157,9,0,0
BRDA:157,9,1,0
BRDA:170,10,0,0
BRDA:170,10,1,0
BRDA:183,11,0,0
BRDA:183,11,1,0
BRDA:212,12,0,0
BRDA:212,12,1,0
BRDA:223,13,0,0
BRDA:223,13,1,0
BRDA:241,14,0,0
BRDA:241,14,1,0
BRDA:275,15,0,0
BRDA:275,15,1,0
BRDA:276,16,0,0
BRDA:276,16,1,0
BRDA:289,17,0,0
BRDA:289,17,1,0
BRDA:290,18,0,0
BRDA:290,18,1,0
BRDA:294,19,0,0
BRDA:294,19,1,0
BRF:38
BRH:0
end_of_record
