TN:
SF:/Users/kohshiba/Desktop/monorepo/InsureDAO-contract/contracts/CDS.sol
FN:70,onlyOwner
FN:78,constructor
FN:97,initialize
FN:134,deposit
FN:165,requestWithdraw
FN:179,withdraw
FN:224,compensate
FN:251,totalSupply
FN:258,balanceOf
FN:265,transfer
FN:277,allowance
FN:289,approve
FN:301,transferFrom
FN:318,increaseAllowance
FN:333,decreaseAllowance
FN:352,_transfer
FN:375,_mint
FN:386,_burn
FN:397,_approve
FN:419,totalLiquidity
FN:427,rate
FN:440,valueOfUnderlying
FN:460,changeMetadata
FN:469,setPaused
FN:485,_beforeTokenTransfer
FNF:25
FNH:23
FNDA:2,onlyOwner
FNDA:126,constructor
FNDA:42,initialize
FNDA:32,deposit
FNDA:7,requestWithdraw
FNDA:6,withdraw
FNDA:1,compensate
FNDA:47,totalSupply
FNDA:12,balanceOf
FNDA:3,transfer
FNDA:4,allowance
FNDA:1,approve
FNDA:0,transferFrom
FNDA:1,increaseAllowance
FNDA:1,decreaseAllowance
FNDA:3,_transfer
FNDA:31,_mint
FNDA:3,_burn
FNDA:3,_approve
FNDA:46,totalLiquidity
FNDA:3,rate
FNDA:0,valueOfUnderlying
FNDA:1,changeMetadata
FNDA:1,setPaused
FNDA:1,_beforeTokenTransfer
DA:71,2
DA:75,2
DA:79,126
DA:102,42
DA:112,42
DA:114,42
DA:115,42
DA:116,42
DA:118,42
DA:119,42
DA:120,42
DA:121,42
DA:123,42
DA:135,32
DA:136,31
DA:138,31
DA:139,31
DA:140,31
DA:141,31
DA:143,31
DA:144,31
DA:147,31
DA:148,16
DA:150,0
DA:152,15
DA:155,31
DA:158,31
DA:166,7
DA:167,7
DA:168,7
DA:169,7
DA:170,7
DA:171,7
DA:181,6
DA:184,6
DA:185,6
DA:191,5
DA:198,5
DA:202,4
DA:204,3
DA:209,3
DA:212,3
DA:213,3
DA:225,1
DA:226,1
DA:227,1
DA:229,1
DA:231,0
DA:233,0
DA:235,0
DA:237,0
DA:239,0
DA:241,1
DA:252,47
DA:259,12
DA:270,3
DA:271,1
DA:283,4
DA:294,1
DA:295,1
DA:306,0
DA:307,0
DA:312,0
DA:322,1
DA:327,1
DA:337,1
DA:341,1
DA:346,1
DA:357,3
DA:361,2
DA:365,1
DA:367,1
DA:368,1
DA:369,1
DA:376,31
DA:378,31
DA:379,31
DA:380,31
DA:387,3
DA:389,3
DA:390,3
DA:391,3
DA:402,3
DA:407,3
DA:408,3
DA:420,46
DA:428,3
DA:429,3
DA:431,0
DA:441,0
DA:442,0
DA:443,0
DA:445,0
DA:461,1
DA:462,1
DA:470,1
DA:471,1
DA:472,1
DA:487,1
DA:488,1
DA:489,0
LF:101
LH:86
BRDA:71,1,0,2
BRDA:71,1,1,0
BRDA:102,2,0,42
BRDA:102,2,1,0
BRDA:135,3,0,31
BRDA:135,3,1,1
BRDA:136,4,0,31
BRDA:136,4,1,0
BRDA:147,5,0,16
BRDA:147,5,1,15
BRDA:149,6,0,0
BRDA:149,6,1,15
BRDA:167,7,0,7
BRDA:167,7,1,0
BRDA:168,8,0,7
BRDA:168,8,1,0
BRDA:184,9,0,6
BRDA:184,9,1,0
BRDA:185,10,0,5
BRDA:185,10,1,1
BRDA:191,11,0,5
BRDA:191,11,1,0
BRDA:198,12,0,4
BRDA:198,12,1,1
BRDA:202,13,0,3
BRDA:202,13,1,1
BRDA:225,14,0,1
BRDA:225,14,1,0
BRDA:227,15,0,1
BRDA:227,15,1,0
BRDA:337,16,0,1
BRDA:337,16,1,0
BRDA:357,17,0,2
BRDA:357,17,1,1
BRDA:361,18,0,1
BRDA:361,18,1,1
BRDA:376,19,0,31
BRDA:376,19,1,0
BRDA:387,20,0,3
BRDA:387,20,1,0
BRDA:402,21,0,3
BRDA:402,21,1,0
BRDA:428,22,0,3
BRDA:428,22,1,0
BRDA:442,23,0,0
BRDA:442,23,1,0
BRDA:470,24,0,1
BRDA:470,24,1,0
BRDA:488,25,0,0
BRDA:488,25,1,1
BRF:50
BRH:31
end_of_record
TN:
SF:/Users/kohshiba/Desktop/monorepo/InsureDAO-contract/contracts/Factory.sol
FN:85,onlyOwner
FN:93,constructor
FN:111,approveTemplate
FN:132,approveReference
FN:150,setCondition
FN:165,createMarket
FN:232,_createClone
FN:261,commitTransferOwnership
FN:275,applyTransferOwnership
FNF:9
FNH:6
FNDA:820,onlyOwner
FNDA:264,constructor
FNDA:174,approveTemplate
FNDA:646,approveReference
FNDA:0,setCondition
FNDA:221,createMarket
FNDA:221,_createClone
FNDA:0,commitTransferOwnership
FNDA:0,applyTransferOwnership
DA:86,820
DA:90,820
DA:94,264
DA:95,264
DA:112,174
DA:113,174
DA:114,174
DA:115,174
DA:116,174
DA:133,646
DA:134,646
DA:135,646
DA:136,646
DA:151,0
DA:152,0
DA:153,0
DA:171,221
DA:175,221
DA:176,0
DA:178,221
DA:179,221
DA:180,842
DA:188,221
DA:189,221
DA:190,358
DA:191,0
DA:196,221
DA:200,221
DA:202,221
DA:209,221
DA:210,221
DA:212,221
DA:218,130
DA:220,91
DA:221,1
DA:225,220
DA:234,221
DA:235,221
DA:262,0
DA:263,0
DA:265,0
DA:266,0
DA:267,0
DA:269,0
DA:276,0
DA:280,0
DA:282,0
DA:283,0
DA:285,0
DA:287,0
LF:50
LH:33
BRDA:86,1,0,820
BRDA:86,1,1,0
BRDA:112,2,0,174
BRDA:112,2,1,0
BRDA:133,3,0,646
BRDA:133,3,1,0
BRDA:134,4,0,646
BRDA:134,4,1,0
BRDA:151,5,0,0
BRDA:151,5,1,0
BRDA:171,6,0,221
BRDA:171,6,1,0
BRDA:175,7,0,0
BRDA:175,7,1,221
BRDA:176,8,0,0
BRDA:176,8,1,0
BRDA:178,9,0,221
BRDA:178,9,1,0
BRDA:180,10,0,842
BRDA:180,10,1,0
BRDA:188,11,0,221
BRDA:188,11,1,0
BRDA:190,12,0,0
BRDA:190,12,1,358
BRDA:212,13,0,130
BRDA:212,13,1,91
BRDA:220,14,0,1
BRDA:220,14,1,90
BRDA:262,15,0,0
BRDA:262,15,1,0
BRDA:263,16,0,0
BRDA:263,16,1,0
BRDA:276,17,0,0
BRDA:276,17,1,0
BRDA:280,18,0,0
BRDA:280,18,1,0
BRF:36
BRH:14
end_of_record
TN:
SF:/Users/kohshiba/Desktop/monorepo/InsureDAO-contract/contracts/FeeModel.sol
FN:25,onlyOwner
FN:30,constructor
FN:39,getFee
FN:47,setFee
FN:56,getOwner
FN:64,isOwner
FN:73,commitTransferOwnership
FN:87,applyTransferOwnership
FNF:8
FNH:7
FNDA:94,onlyOwner
FNDA:282,constructor
FNDA:30,getFee
FNDA:88,setFee
FNDA:0,getOwner
FNDA:94,isOwner
FNDA:2,commitTransferOwnership
FNDA:2,applyTransferOwnership
DA:26,94
DA:27,92
DA:31,282
DA:40,30
DA:48,88
DA:49,88
DA:57,0
DA:65,94
DA:74,2
DA:75,2
DA:77,2
DA:78,2
DA:79,2
DA:81,2
DA:88,2
DA:92,2
DA:94,1
DA:95,1
DA:97,1
DA:99,1
LF:20
LH:19
BRDA:26,1,0,92
BRDA:26,1,1,2
BRDA:48,2,0,88
BRDA:48,2,1,0
BRDA:74,3,0,2
BRDA:74,3,1,0
BRDA:75,4,0,2
BRDA:75,4,1,0
BRDA:88,5,0,2
BRDA:88,5,1,0
BRDA:92,6,0,1
BRDA:92,6,1,1
BRF:12
BRH:8
end_of_record
TN:
SF:/Users/kohshiba/Desktop/monorepo/InsureDAO-contract/contracts/IndexTemplate.sol
FN:104,onlyOwner
FN:112,constructor
FN:130,initialize
FN:166,deposit
FN:200,requestWithdraw
FN:214,withdraw
FN:264,withdrawable
FN:299,adjustAlloc
FN:319,_adjustAlloc
FN:403,compensate
FN:436,resume
FN:446,lock
FN:463,totalSupply
FN:470,balanceOf
FN:477,transfer
FN:489,allowance
FN:501,approve
FN:513,transferFrom
FN:530,increaseAllowance
FN:545,decreaseAllowance
FN:564,_transfer
FN:587,_mint
FN:598,_burn
FN:609,_approve
FN:631,leverage
FN:647,totalLiquidity
FN:655,rate
FN:668,valueOfUnderlying
FN:681,getAllPools
FN:693,setPaused
FN:704,changeMetadata
FN:713,setLeverage
FN:729,set
FN:768,_beforeTokenTransfer
FN:780,_accruedPremiums
FNF:35
FNH:33
FNDA:122,onlyOwner
FNDA:126,constructor
FNDA:42,initialize
FNDA:44,deposit
FNDA:12,requestWithdraw
FNDA:15,withdraw
FNDA:26,withdrawable
FNDA:168,adjustAlloc
FNDA:175,_adjustAlloc
FNDA:3,compensate
FNDA:3,resume
FNDA:4,lock
FNDA:92,totalSupply
FNDA:19,balanceOf
FNDA:4,transfer
FNDA:4,allowance
FNDA:1,approve
FNDA:0,transferFrom
FNDA:1,increaseAllowance
FNDA:1,decreaseAllowance
FNDA:4,_transfer
FNDA:42,_mint
FNDA:7,_burn
FNDA:3,_approve
FNDA:41,leverage
FNDA:408,totalLiquidity
FNDA:3,rate
FNDA:1,valueOfUnderlying
FNDA:0,getAllPools
FNDA:1,setPaused
FNDA:1,changeMetadata
FNDA:45,setLeverage
FNDA:75,set
FNDA:2,_beforeTokenTransfer
FNDA:413,_accruedPremiums
DA:105,122
DA:109,122
DA:113,126
DA:135,42
DA:144,42
DA:146,42
DA:147,42
DA:148,42
DA:150,42
DA:151,42
DA:152,42
DA:154,42
DA:167,44
DA:168,42
DA:170,42
DA:171,42
DA:172,42
DA:173,42
DA:174,42
DA:175,42
DA:176,42
DA:181,42
DA:183,42
DA:184,16
DA:186,0
DA:188,26
DA:190,42
DA:192,42
DA:193,42
DA:201,12
DA:202,12
DA:203,12
DA:204,12
DA:205,12
DA:206,12
DA:216,15
DA:218,15
DA:219,14
DA:225,11
DA:232,11
DA:236,9
DA:237,8
DA:243,7
DA:247,7
DA:250,7
DA:251,7
DA:253,7
DA:255,7
DA:265,26
DA:266,26
DA:267,26
DA:268,62
DA:269,60
DA:271,60
DA:272,26
DA:274,60
DA:275,0
DA:279,26
DA:280,0
DA:282,21
DA:284,5
DA:292,0
DA:300,168
DA:321,175
DA:324,175
DA:325,175
DA:326,175
DA:328,175
DA:329,306
DA:331,306
DA:335,306
DA:339,306
DA:343,306
DA:348,4
DA:349,4
DA:350,4
DA:351,4
DA:352,4
DA:354,302
DA:359,175
DA:360,306
DA:362,302
DA:366,302
DA:370,302
DA:373,302
DA:375,26
DA:376,26
DA:377,26
DA:379,302
DA:381,97
DA:382,97
DA:383,97
DA:385,302
DA:386,179
DA:404,3
DA:408,3
DA:410,2
DA:414,1
DA:415,1
DA:417,1
DA:419,1
DA:420,1
DA:423,1
DA:425,3
DA:426,3
DA:437,3
DA:438,3
DA:439,3
DA:447,4
DA:448,4
DA:449,4
DA:450,4
DA:452,4
DA:453,4
DA:464,92
DA:471,19
DA:482,4
DA:483,2
DA:495,4
DA:506,1
DA:507,1
DA:518,0
DA:519,0
DA:524,0
DA:534,1
DA:539,1
DA:549,1
DA:553,1
DA:558,1
DA:569,4
DA:573,3
DA:577,2
DA:579,2
DA:580,2
DA:581,2
DA:588,42
DA:590,42
DA:591,42
DA:592,42
DA:599,7
DA:601,7
DA:602,7
DA:603,7
DA:614,3
DA:619,3
DA:620,3
DA:633,41
DA:634,41
DA:639,0
DA:648,408
DA:656,3
DA:657,3
DA:659,0
DA:669,1
DA:670,1
DA:671,0
DA:673,1
DA:682,0
DA:694,1
DA:695,1
DA:696,1
DA:705,1
DA:706,1
DA:714,45
DA:715,45
DA:716,45
DA:730,75
DA:731,75
DA:736,75
DA:737,72
DA:738,72
DA:740,3
DA:741,0
DA:743,0
DA:745,3
DA:747,75
DA:748,33
DA:752,42
DA:754,75
DA:755,75
DA:756,75
DA:770,2
DA:771,2
DA:772,1
DA:781,413
DA:782,860
DA:783,843
LF:187
LH:174
BRDA:105,1,0,122
BRDA:105,1,1,0
BRDA:135,2,0,42
BRDA:135,2,1,0
BRDA:167,3,0,42
BRDA:167,3,1,2
BRDA:168,4,0,42
BRDA:168,4,1,0
BRDA:183,5,0,16
BRDA:183,5,1,26
BRDA:185,6,0,0
BRDA:185,6,1,26
BRDA:202,7,0,12
BRDA:202,7,1,0
BRDA:203,8,0,12
BRDA:203,8,1,0
BRDA:218,9,0,14
BRDA:218,9,1,1
BRDA:219,10,0,11
BRDA:219,10,1,3
BRDA:225,11,0,11
BRDA:225,11,1,0
BRDA:232,12,0,9
BRDA:232,12,1,2
BRDA:236,13,0,8
BRDA:236,13,1,1
BRDA:237,14,0,7
BRDA:237,14,1,1
BRDA:265,15,0,26
BRDA:265,15,1,0
BRDA:268,16,0,60
BRDA:268,16,1,2
BRDA:271,17,0,26
BRDA:271,17,1,34
BRDA:274,18,0,0
BRDA:274,18,1,60
BRDA:279,19,0,0
BRDA:279,19,1,26
BRDA:281,20,0,21
BRDA:281,20,1,5
BRDA:329,21,0,306
BRDA:329,21,1,0
BRDA:343,22,0,4
BRDA:343,22,1,302
BRDA:360,23,0,302
BRDA:360,23,1,4
BRDA:373,24,0,26
BRDA:373,24,1,276
BRDA:379,25,0,97
BRDA:379,25,1,205
BRDA:385,26,0,179
BRDA:385,26,1,123
BRDA:404,27,0,3
BRDA:404,27,1,0
BRDA:408,28,0,2
BRDA:408,28,1,1
BRDA:417,29,0,1
BRDA:417,29,1,0
BRDA:437,30,0,3
BRDA:437,30,1,0
BRDA:447,31,0,4
BRDA:447,31,1,0
BRDA:449,32,0,4
BRDA:449,32,1,0
BRDA:549,33,0,1
BRDA:549,33,1,0
BRDA:569,34,0,3
BRDA:569,34,1,1
BRDA:573,35,0,2
BRDA:573,35,1,1
BRDA:588,36,0,42
BRDA:588,36,1,0
BRDA:599,37,0,7
BRDA:599,37,1,0
BRDA:614,38,0,3
BRDA:614,38,1,0
BRDA:633,39,0,41
BRDA:633,39,1,0
BRDA:656,40,0,3
BRDA:656,40,1,0
BRDA:670,41,0,0
BRDA:670,41,1,1
BRDA:694,42,0,1
BRDA:694,42,1,0
BRDA:730,43,0,75
BRDA:730,43,1,0
BRDA:731,44,0,75
BRDA:731,44,1,0
BRDA:736,45,0,72
BRDA:736,45,1,3
BRDA:737,46,0,72
BRDA:737,46,1,0
BRDA:740,47,0,0
BRDA:740,47,1,3
BRDA:747,48,0,33
BRDA:747,48,1,42
BRDA:771,49,0,1
BRDA:771,49,1,1
BRDA:782,50,0,843
BRDA:782,50,1,17
BRF:100
BRH:72
end_of_record
TN:
SF:/Users/kohshiba/Desktop/monorepo/InsureDAO-contract/contracts/interfaces/ICDS.sol
FNF:0
FNH:0
LF:0
LH:0
BRF:0
BRH:0
end_of_record
TN:
SF:/Users/kohshiba/Desktop/monorepo/InsureDAO-contract/contracts/interfaces/IController.sol
FNF:0
FNH:0
LF:0
LH:0
BRF:0
BRH:0
end_of_record
TN:
SF:/Users/kohshiba/Desktop/monorepo/InsureDAO-contract/contracts/interfaces/IFeeModel.sol
FNF:0
FNH:0
LF:0
LH:0
BRF:0
BRH:0
end_of_record
TN:
SF:/Users/kohshiba/Desktop/monorepo/InsureDAO-contract/contracts/interfaces/IIndexTemplate.sol
FNF:0
FNH:0
LF:0
LH:0
BRF:0
BRH:0
end_of_record
TN:
SF:/Users/kohshiba/Desktop/monorepo/InsureDAO-contract/contracts/interfaces/IMinter.sol
FNF:0
FNH:0
LF:0
LH:0
BRF:0
BRH:0
end_of_record
TN:
SF:/Users/kohshiba/Desktop/monorepo/InsureDAO-contract/contracts/interfaces/IParameters.sol
FNF:0
FNH:0
LF:0
LH:0
BRF:0
BRH:0
end_of_record
TN:
SF:/Users/kohshiba/Desktop/monorepo/InsureDAO-contract/contracts/interfaces/IPoolTemplate.sol
FNF:0
FNH:0
LF:0
LH:0
BRF:0
BRH:0
end_of_record
TN:
SF:/Users/kohshiba/Desktop/monorepo/InsureDAO-contract/contracts/interfaces/IPremiumModel.sol
FNF:0
FNH:0
LF:0
LH:0
BRF:0
BRH:0
end_of_record
TN:
SF:/Users/kohshiba/Desktop/monorepo/InsureDAO-contract/contracts/interfaces/IRegistry.sol
FNF:0
FNH:0
LF:0
LH:0
BRF:0
BRH:0
end_of_record
TN:
SF:/Users/kohshiba/Desktop/monorepo/InsureDAO-contract/contracts/interfaces/IUniversalMarket.sol
FNF:0
FNH:0
LF:0
LH:0
BRF:0
BRH:0
end_of_record
TN:
SF:/Users/kohshiba/Desktop/monorepo/InsureDAO-contract/contracts/interfaces/IVault.sol
FNF:0
FNH:0
LF:0
LH:0
BRF:0
BRH:0
end_of_record
TN:
SF:/Users/kohshiba/Desktop/monorepo/InsureDAO-contract/contracts/libraries/ERC20.sol
FN:41,totalSupply
FN:48,balanceOf
FN:60,transfer
FN:72,allowance
FN:88,approve
FN:109,transferFrom
FN:135,increaseAllowance
FN:161,decreaseAllowance
FN:187,_transfer
FN:209,_mint
FN:228,_burn
FN:249,_approve
FN:267,_burnFrom
FNF:13
FNH:7
FNDA:0,totalSupply
FNDA:851,balanceOf
FNDA:44,transfer
FNDA:0,allowance
FNDA:149,approve
FNDA:292,transferFrom
FNDA:0,increaseAllowance
FNDA:0,decreaseAllowance
FNDA:336,_transfer
FNDA:291,_mint
FNDA:0,_burn
FNDA:441,_approve
FNDA:0,_burnFrom
DA:42,0
DA:49,851
DA:65,44
DA:66,44
DA:78,0
DA:93,149
DA:94,149
DA:114,292
DA:115,292
DA:120,292
DA:139,0
DA:144,0
DA:165,0
DA:170,0
DA:192,336
DA:193,336
DA:195,336
DA:196,336
DA:197,336
DA:210,291
DA:212,291
DA:213,291
DA:214,291
DA:229,0
DA:231,0
DA:232,0
DA:233,0
DA:254,441
DA:255,441
DA:257,441
DA:258,441
DA:268,0
DA:269,0
LF:33
LH:21
BRDA:192,1,0,336
BRDA:192,1,1,0
BRDA:193,2,0,336
BRDA:193,2,1,0
BRDA:210,3,0,291
BRDA:210,3,1,0
BRDA:229,4,0,0
BRDA:229,4,1,0
BRDA:254,5,0,441
BRDA:254,5,1,0
BRDA:255,6,0,441
BRDA:255,6,1,0
BRF:12
BRH:5
end_of_record
TN:
SF:/Users/kohshiba/Desktop/monorepo/InsureDAO-contract/contracts/libraries/IERC20Metadata.sol
FNF:0
FNH:0
LF:0
LH:0
BRF:0
BRH:0
end_of_record
TN:
SF:/Users/kohshiba/Desktop/monorepo/InsureDAO-contract/contracts/Migrations.sol
FN:8,restricted
FN:16,setCompleted
FNF:2
FNH:0
FNDA:0,restricted
FNDA:0,setCompleted
DA:9,0
DA:13,0
DA:17,0
LF:3
LH:0
BRDA:9,1,0,0
BRDA:9,1,1,0
BRF:2
BRH:0
end_of_record
TN:
SF:/Users/kohshiba/Desktop/monorepo/InsureDAO-contract/contracts/mocks/ControllerMock.sol
FN:10,constructor
FN:15,withdraw
FN:20,valueAll
FN:24,earn
FN:28,setVault
FN:33,yield
FN:40,migrate
FNF:7
FNH:6
FNDA:300,constructor
FNDA:2,withdraw
FNDA:806,valueAll
FNDA:3,earn
FNDA:12,setVault
FNDA:4,yield
FNDA:0,migrate
DA:11,300
DA:12,300
DA:16,2
DA:17,2
DA:21,806
DA:29,12
DA:30,12
DA:34,4
DA:35,4
DA:36,3
DA:37,3
LF:11
LH:11
BRDA:16,1,0,2
BRDA:16,1,1,0
BRDA:29,2,0,12
BRDA:29,2,1,0
BRDA:34,3,0,4
BRDA:34,3,1,0
BRF:6
BRH:3
end_of_record
TN:
SF:/Users/kohshiba/Desktop/monorepo/InsureDAO-contract/contracts/mocks/ERC20Mock.sol
FN:10,constructor
FN:16,mint
FNF:2
FNH:0
FNDA:0,constructor
FNDA:0,mint
DA:11,0
DA:17,0
DA:18,0
DA:19,0
LF:4
LH:0
BRDA:17,1,0,0
BRDA:17,1,1,0
BRF:2
BRH:0
end_of_record
TN:
SF:/Users/kohshiba/Desktop/monorepo/InsureDAO-contract/contracts/mocks/MarketMock.sol
FN:6,constructor
FN:8,mint
FNF:2
FNH:0
FNDA:0,constructor
FNDA:0,mint
DA:9,0
LF:1
LH:0
BRF:0
BRH:0
end_of_record
TN:
SF:/Users/kohshiba/Desktop/monorepo/InsureDAO-contract/contracts/mocks/TestERC20Mock.sol
FN:10,constructor
FN:12,mint
FNF:2
FNH:2
FNDA:336,constructor
FNDA:291,mint
DA:13,291
LF:1
LH:1
BRF:0
BRH:0
end_of_record
TN:
SF:/Users/kohshiba/Desktop/monorepo/InsureDAO-contract/contracts/Parameters.sol
FN:52,constructor
FN:60,getOwner
FN:67,onlyOwner
FN:76,isOwner
FN:85,commitTransferOwnership
FN:99,applyTransferOwnership
FN:119,setVault
FN:131,setLockup
FN:141,setGrace
FN:151,setMindate
FN:163,setCDSPremium
FN:176,setDepositFee
FN:189,setWithdrawable
FN:202,setPremiumModel
FN:214,setFeeModel
FN:225,setMaxList
FN:237,setCondition
FN:248,getVault
FN:261,getPremium
FN:293,getFee
FN:311,getDepositFee
FN:329,getCDSPremium
FN:346,getLockup
FN:359,getWithdrawable
FN:372,getGrace
FN:385,getMin
FN:398,getMaxList
FN:411,getCondition
FNF:28
FNH:26
FNDA:285,constructor
FNDA:240,getOwner
FNDA:804,onlyOwner
FNDA:804,isOwner
FNDA:2,commitTransferOwnership
FNDA:2,applyTransferOwnership
FNDA:90,setVault
FNDA:90,setLockup
FNDA:90,setGrace
FNDA:90,setMindate
FNDA:65,setCDSPremium
FNDA:65,setDepositFee
FNDA:90,setWithdrawable
FNDA:88,setPremiumModel
FNDA:88,setFeeModel
FNDA:42,setMaxList
FNDA:0,setCondition
FNDA:223,getVault
FNDA:32,getPremium
FNDA:30,getFee
FNDA:75,getDepositFee
FNDA:44,getCDSPremium
FNDA:81,getLockup
FNDA:39,getWithdrawable
FNDA:10,getGrace
FNDA:29,getMin
FNDA:75,getMaxList
FNDA:0,getCondition
DA:53,285
DA:61,240
DA:68,804
DA:69,802
DA:77,804
DA:86,2
DA:87,2
DA:89,2
DA:90,2
DA:91,2
DA:93,2
DA:100,2
DA:104,2
DA:106,1
DA:107,1
DA:109,1
DA:111,1
DA:120,90
DA:121,90
DA:122,90
DA:123,90
DA:132,90
DA:133,90
DA:142,90
DA:143,90
DA:152,90
DA:153,90
DA:165,65
DA:166,65
DA:178,65
DA:179,65
DA:191,90
DA:192,90
DA:204,88
DA:205,88
DA:206,88
DA:215,88
DA:216,88
DA:217,88
DA:226,42
DA:227,42
DA:239,0
DA:240,0
DA:249,223
DA:268,32
DA:269,30
DA:277,2
DA:298,30
DA:299,29
DA:301,1
DA:316,75
DA:317,75
DA:319,0
DA:334,44
DA:335,44
DA:337,0
DA:347,81
DA:348,79
DA:350,2
DA:360,39
DA:361,38
DA:363,1
DA:373,10
DA:374,8
DA:376,2
DA:386,29
DA:387,28
DA:389,1
DA:399,75
DA:400,75
DA:402,0
DA:412,0
LF:72
LH:66
BRDA:68,1,0,802
BRDA:68,1,1,2
BRDA:86,2,0,2
BRDA:86,2,1,0
BRDA:87,3,0,2
BRDA:87,3,1,0
BRDA:100,4,0,2
BRDA:100,4,1,0
BRDA:104,5,0,1
BRDA:104,5,1,1
BRDA:120,6,0,90
BRDA:120,6,1,0
BRDA:121,7,0,90
BRDA:121,7,1,0
BRDA:204,8,0,88
BRDA:204,8,1,0
BRDA:215,9,0,88
BRDA:215,9,1,0
BRDA:268,10,0,30
BRDA:268,10,1,2
BRDA:298,11,0,29
BRDA:298,11,1,1
BRDA:316,12,0,75
BRDA:316,12,1,0
BRDA:334,13,0,44
BRDA:334,13,1,0
BRDA:347,14,0,79
BRDA:347,14,1,2
BRDA:360,15,0,38
BRDA:360,15,1,1
BRDA:373,16,0,8
BRDA:373,16,1,2
BRDA:386,17,0,28
BRDA:386,17,1,1
BRDA:399,18,0,75
BRDA:399,18,1,0
BRF:36
BRH:26
end_of_record
TN:
SF:/Users/kohshiba/Desktop/monorepo/InsureDAO-contract/contracts/PoolTemplate.sol
FN:163,onlyOwner
FN:171,constructor
FN:192,initialize
FN:243,deposit
FN:269,requestWithdraw
FN:283,withdraw
FN:334,unlockBatch
FN:344,unlock
FN:370,allocateCredit
FN:409,withdrawCredit
FN:457,insure
FN:542,redeem
FN:618,transferInsurance
FN:638,getPremium
FN:676,applyCover
FN:707,resume
FN:724,totalSupply
FN:731,balanceOf
FN:738,transfer
FN:750,allowance
FN:762,approve
FN:774,transferFrom
FN:791,increaseAllowance
FN:806,decreaseAllowance
FN:825,_transfer
FN:849,_mint
FN:860,_burn
FN:871,_approve
FN:893,rate
FN:909,valueOfUnderlying
FN:926,pendingPremium
FN:944,worth
FN:962,allocatedCredit
FN:970,allInsuranceCount
FN:979,getInsuranceCount
FN:987,availableBalance
FN:999,utilizationRate
FN:1014,totalLiquidity
FN:1026,setPaused
FN:1037,changeMetadata
FN:1051,_beforeTokenTransfer
FN:1062,_divCeil
FN:1072,_divMinus
FN:1082,_sub
FNF:44
FNH:43
FNDA:18,onlyOwner
FNDA:264,constructor
FNDA:137,initialize
FNDA:52,deposit
FNDA:24,requestWithdraw
FNDA:22,withdraw
FNDA:1,unlockBatch
FNDA:11,unlock
FNDA:277,allocateCredit
FNDA:30,withdrawCredit
FNDA:29,insure
FNDA:10,redeem
FNDA:3,transferInsurance
FNDA:30,getPremium
FNDA:13,applyCover
FNDA:12,resume
FNDA:98,totalSupply
FNDA:37,balanceOf
FNDA:4,transfer
FNDA:4,allowance
FNDA:1,approve
FNDA:0,transferFrom
FNDA:1,increaseAllowance
FNDA:1,decreaseAllowance
FNDA:4,_transfer
FNDA:50,_mint
FNDA:15,_burn
FNDA:3,_approve
FNDA:3,rate
FNDA:6,valueOfUnderlying
FNDA:844,pendingPremium
FNDA:50,worth
FNDA:639,allocatedCredit
FNDA:1,allInsuranceCount
FNDA:2,getInsuranceCount
FNDA:711,availableBalance
FNDA:64,utilizationRate
FNDA:1067,totalLiquidity
FNDA:4,setPaused
FNDA:1,changeMetadata
FNDA:2,_beforeTokenTransfer
FNDA:3,_divCeil
FNDA:22,_divMinus
FNDA:601,_sub
DA:164,18
DA:168,18
DA:172,264
DA:197,137
DA:206,137
DA:208,137
DA:215,137
DA:218,137
DA:220,137
DA:221,137
DA:222,137
DA:224,137
DA:226,137
DA:228,137
DA:229,137
DA:230,0
DA:244,52
DA:248,50
DA:250,50
DA:252,50
DA:257,50
DA:259,50
DA:262,50
DA:270,24
DA:271,24
DA:272,23
DA:273,23
DA:274,23
DA:275,23
DA:284,22
DA:286,22
DA:287,22
DA:289,22
DA:293,21
DA:299,21
DA:306,19
DA:310,17
DA:311,16
DA:316,15
DA:321,15
DA:324,15
DA:325,15
DA:327,15
DA:335,1
DA:336,2
DA:345,11
DA:346,11
DA:353,6
DA:355,6
DA:357,6
DA:374,277
DA:378,277
DA:379,277
DA:380,72
DA:381,72
DA:383,277
DA:384,47
DA:388,47
DA:389,1
DA:392,277
DA:393,97
DA:394,97
DA:397,97
DA:399,277
DA:413,30
DA:414,30
DA:422,30
DA:428,30
DA:429,29
DA:430,29
DA:433,29
DA:437,30
DA:438,5
DA:439,5
DA:464,29
DA:465,29
DA:466,29
DA:467,29
DA:469,29
DA:473,28
DA:474,28
DA:475,27
DA:480,26
DA:484,26
DA:487,25
DA:489,25
DA:496,25
DA:497,25
DA:498,25
DA:507,25
DA:508,25
DA:511,25
DA:514,25
DA:517,25
DA:518,7
DA:523,25
DA:533,25
DA:543,10
DA:544,10
DA:546,10
DA:547,10
DA:548,10
DA:549,10
DA:550,10
DA:552,10
DA:556,8
DA:557,8
DA:568,8
DA:569,8
DA:571,8
DA:574,8
DA:579,8
DA:580,3
DA:581,3
DA:585,3
DA:589,3
DA:593,8
DA:597,8
DA:601,8
DA:604,8
DA:619,3
DA:621,3
DA:629,1
DA:630,1
DA:643,30
DA:677,13
DA:681,13
DA:682,13
DA:683,13
DA:684,13
DA:685,13
DA:686,13
DA:687,13
DA:688,4
DA:689,4
DA:692,13
DA:701,13
DA:708,12
DA:713,12
DA:714,12
DA:725,98
DA:732,37
DA:743,4
DA:744,2
DA:756,4
DA:767,1
DA:768,1
DA:779,0
DA:780,0
DA:785,0
DA:795,1
DA:800,1
DA:810,1
DA:814,1
DA:819,1
DA:830,4
DA:834,3
DA:839,2
DA:841,2
DA:842,2
DA:843,2
DA:850,50
DA:852,50
DA:853,50
DA:854,50
DA:861,15
DA:863,15
DA:864,15
DA:865,15
DA:876,3
DA:881,3
DA:882,3
DA:894,3
DA:895,3
DA:900,0
DA:910,6
DA:911,6
DA:912,0
DA:914,6
DA:927,844
DA:928,844
DA:929,320
DA:931,524
DA:945,50
DA:946,50
DA:947,17
DA:951,0
DA:953,33
DA:963,639
DA:971,1
DA:980,2
DA:988,711
DA:989,250
DA:991,461
DA:1000,64
DA:1001,7
DA:1006,57
DA:1015,1067
DA:1027,4
DA:1028,4
DA:1029,4
DA:1038,1
DA:1039,1
DA:1053,2
DA:1054,2
DA:1055,1
DA:1063,3
DA:1064,3
DA:1065,3
DA:1066,3
DA:1073,22
DA:1074,22
DA:1075,22
DA:1076,22
DA:1083,601
DA:1084,0
DA:1086,601
LF:217
LH:209
BRDA:164,1,0,18
BRDA:164,1,1,0
BRDA:197,2,0,137
BRDA:197,2,1,0
BRDA:229,3,0,0
BRDA:229,3,1,137
BRDA:244,4,0,50
BRDA:244,4,1,2
BRDA:248,5,0,50
BRDA:248,5,1,0
BRDA:271,6,0,23
BRDA:271,6,1,1
BRDA:272,7,0,23
BRDA:272,7,1,0
BRDA:289,8,0,21
BRDA:289,8,1,1
BRDA:293,9,0,21
BRDA:293,9,1,0
BRDA:299,10,0,19
BRDA:299,10,1,2
BRDA:306,11,0,17
BRDA:306,11,1,2
BRDA:310,12,0,16
BRDA:310,12,1,1
BRDA:311,13,0,15
BRDA:311,13,1,1
BRDA:346,14,0,6
BRDA:346,14,1,5
BRDA:374,15,0,277
BRDA:374,15,1,0
BRDA:379,16,0,72
BRDA:379,16,1,205
BRDA:383,17,0,47
BRDA:383,17,1,230
BRDA:388,18,0,1
BRDA:388,18,1,46
BRDA:392,19,0,97
BRDA:392,19,1,180
BRDA:414,20,0,30
BRDA:414,20,1,0
BRDA:428,21,0,29
BRDA:428,21,1,1
BRDA:437,22,0,5
BRDA:437,22,1,25
BRDA:469,23,0,28
BRDA:469,23,1,1
BRDA:473,24,0,28
BRDA:473,24,1,0
BRDA:474,25,0,27
BRDA:474,25,1,1
BRDA:475,26,0,26
BRDA:475,26,1,1
BRDA:480,27,0,26
BRDA:480,27,1,0
BRDA:484,28,0,25
BRDA:484,28,1,1
BRDA:517,29,0,7
BRDA:517,29,1,18
BRDA:544,30,0,10
BRDA:544,30,1,0
BRDA:552,31,0,8
BRDA:552,31,1,2
BRDA:556,32,0,8
BRDA:556,32,1,0
BRDA:557,33,0,8
BRDA:557,33,1,0
BRDA:580,34,0,3
BRDA:580,34,1,0
BRDA:621,35,0,1
BRDA:621,35,1,2
BRDA:677,36,0,13
BRDA:677,36,1,0
BRDA:688,37,0,4
BRDA:688,37,1,0
BRDA:708,38,0,12
BRDA:708,38,1,0
BRDA:810,39,0,1
BRDA:810,39,1,0
BRDA:830,40,0,3
BRDA:830,40,1,1
BRDA:834,41,0,2
BRDA:834,41,1,1
BRDA:850,42,0,50
BRDA:850,42,1,0
BRDA:861,43,0,15
BRDA:861,43,1,0
BRDA:876,44,0,3
BRDA:876,44,1,0
BRDA:894,45,0,3
BRDA:894,45,1,0
BRDA:911,46,0,0
BRDA:911,46,1,6
BRDA:928,47,0,320
BRDA:928,47,1,524
BRDA:946,48,0,17
BRDA:946,48,1,33
BRDA:950,49,0,0
BRDA:950,49,1,33
BRDA:988,50,0,250
BRDA:988,50,1,461
BRDA:1000,51,0,7
BRDA:1000,51,1,57
BRDA:1027,52,0,4
BRDA:1027,52,1,0
BRDA:1054,53,0,1
BRDA:1054,53,1,1
BRDA:1063,54,0,3
BRDA:1063,54,1,0
BRDA:1065,55,0,0
BRDA:1065,55,1,3
BRDA:1073,56,0,22
BRDA:1073,56,1,0
BRDA:1075,57,0,1
BRDA:1075,57,1,21
BRDA:1083,58,0,0
BRDA:1083,58,1,601
BRF:116
BRH:87
end_of_record
TN:
SF:/Users/kohshiba/Desktop/monorepo/InsureDAO-contract/contracts/PremiumModels/BondingPremium.sol
FN:24,onlyOwner
FN:70,constructor
FN:86,getPremiumRate
FN:119,getPremium
FN:170,setPremium
FN:190,setOptions
FN:198,sqrt
FN:207,getOwner
FN:211,isOwner
FN:215,commitTransferOwnership
FN:226,applyTransferOwnership
FNF:11
FNH:0
FNDA:0,onlyOwner
FNDA:0,constructor
FNDA:0,getPremiumRate
FNDA:0,getPremium
FNDA:0,setPremium
FNDA:0,setOptions
FNDA:0,sqrt
FNDA:0,getOwner
FNDA:0,isOwner
FNDA:0,commitTransferOwnership
FNDA:0,applyTransferOwnership
DA:25,0
DA:26,0
DA:72,0
DA:73,0
DA:74,0
DA:79,0
DA:80,0
DA:81,0
DA:83,0
DA:92,0
DA:95,0
DA:97,0
DA:98,0
DA:100,0
DA:107,0
DA:116,0
DA:125,0
DA:126,0
DA:129,0
DA:137,0
DA:139,0
DA:140,0
DA:142,0
DA:148,0
DA:154,0
DA:157,0
DA:160,0
DA:172,0
DA:173,0
DA:174,0
DA:191,0
DA:193,0
DA:194,0
DA:195,0
DA:199,0
DA:200,0
DA:201,0
DA:202,0
DA:203,0
DA:208,0
DA:212,0
DA:216,0
DA:217,0
DA:219,0
DA:220,0
DA:221,0
DA:223,0
DA:227,0
DA:231,0
DA:233,0
DA:234,0
DA:236,0
DA:238,0
LF:53
LH:0
BRDA:25,1,0,0
BRDA:25,1,1,0
BRDA:98,2,0,0
BRDA:98,2,1,0
BRDA:125,3,0,0
BRDA:125,3,1,0
BRDA:140,4,0,0
BRDA:140,4,1,0
BRDA:191,5,0,0
BRDA:191,5,1,0
BRDA:216,6,0,0
BRDA:216,6,1,0
BRDA:217,7,0,0
BRDA:217,7,1,0
BRDA:227,8,0,0
BRDA:227,8,1,0
BRDA:231,9,0,0
BRDA:231,9,1,0
BRF:18
BRH:0
end_of_record
TN:
SF:/Users/kohshiba/Desktop/monorepo/InsureDAO-contract/contracts/PremiumModels/BondingPremiumV1.sol
FN:24,onlyOwner
FN:70,constructor
FN:86,getPremiumRate
FN:119,getPremium
FN:151,setPremium
FN:171,setOptions
FN:179,sqrt
FN:188,getOwner
FN:192,isOwner
FN:196,commitTransferOwnership
FN:207,applyTransferOwnership
FNF:11
FNH:10
FNDA:11,onlyOwner
FNDA:45,constructor
FNDA:5,getPremiumRate
FNDA:3,getPremium
FNDA:1,setPremium
FNDA:2,setOptions
FNDA:46,sqrt
FNDA:0,getOwner
FNDA:11,isOwner
FNDA:2,commitTransferOwnership
FNDA:2,applyTransferOwnership
DA:25,11
DA:26,7
DA:72,45
DA:73,45
DA:74,45
DA:79,45
DA:80,45
DA:81,45
DA:83,45
DA:92,5
DA:95,5
DA:97,5
DA:98,5
DA:100,2
DA:107,3
DA:116,5
DA:125,3
DA:126,1
DA:129,2
DA:130,2
DA:135,2
DA:136,2
DA:137,2
DA:139,2
DA:141,2
DA:153,1
DA:154,1
DA:155,1
DA:172,2
DA:174,1
DA:175,1
DA:176,1
DA:180,46
DA:181,46
DA:182,46
DA:183,1059
DA:184,1059
DA:189,0
DA:193,11
DA:197,2
DA:198,2
DA:200,2
DA:201,2
DA:202,2
DA:204,2
DA:208,2
DA:212,2
DA:214,1
DA:215,1
DA:217,1
DA:219,1
LF:51
LH:50
BRDA:25,1,0,7
BRDA:25,1,1,4
BRDA:98,2,0,2
BRDA:98,2,1,3
BRDA:125,3,0,1
BRDA:125,3,1,2
BRDA:172,4,0,1
BRDA:172,4,1,1
BRDA:197,5,0,2
BRDA:197,5,1,0
BRDA:198,6,0,2
BRDA:198,6,1,0
BRDA:208,7,0,2
BRDA:208,7,1,0
BRDA:212,8,0,1
BRDA:212,8,1,1
BRF:16
BRH:13
end_of_record
TN:
SF:/Users/kohshiba/Desktop/monorepo/InsureDAO-contract/contracts/PremiumModels/PremiumModel.sol
FN:21,onlyOwner
FN:26,constructor
FN:30,getPremium
FN:55,getPremiumRate
FN:80,setPremium
FN:86,getOwner
FN:90,isOwner
FN:94,commitTransferOwnership
FN:105,applyTransferOwnership
FNF:9
FNH:5
FNDA:88,onlyOwner
FNDA:264,constructor
FNDA:32,getPremium
FNDA:0,getPremiumRate
FNDA:88,setPremium
FNDA:0,getOwner
FNDA:88,isOwner
FNDA:0,commitTransferOwnership
FNDA:0,applyTransferOwnership
DA:22,88
DA:23,88
DA:27,264
DA:36,32
DA:37,0
DA:40,32
DA:46,32
DA:48,32
DA:50,32
DA:52,32
DA:61,0
DA:64,0
DA:66,0
DA:68,0
DA:70,0
DA:82,88
DA:83,88
DA:87,0
DA:91,88
DA:95,0
DA:96,0
DA:98,0
DA:99,0
DA:100,0
DA:102,0
DA:106,0
DA:110,0
DA:112,0
DA:113,0
DA:115,0
DA:117,0
LF:31
LH:12
BRDA:22,1,0,88
BRDA:22,1,1,0
BRDA:36,2,0,0
BRDA:36,2,1,32
BRDA:95,3,0,0
BRDA:95,3,1,0
BRDA:96,4,0,0
BRDA:96,4,1,0
BRDA:106,5,0,0
BRDA:106,5,1,0
BRDA:110,6,0,0
BRDA:110,6,1,0
BRF:12
BRH:2
end_of_record
TN:
SF:/Users/kohshiba/Desktop/monorepo/InsureDAO-contract/contracts/Registry.sol
FN:36,onlyOwner
FN:44,constructor
FN:52,setFactory
FN:63,supportMarket
FN:77,setExistence
FN:89,setCDS
FN:100,getCDS
FN:114,confirmExistence
FN:127,isListed
FN:135,getAllMarkets
FN:146,commitTransferOwnership
FN:160,applyTransferOwnership
FNF:12
FNH:11
FNDA:56,onlyOwner
FNDA:327,constructor
FNDA:89,setFactory
FNDA:236,supportMarket
FNDA:130,setExistence
FNDA:44,setCDS
FNDA:45,getCDS
FNDA:221,confirmExistence
FNDA:678,isListed
FNDA:0,getAllMarkets
FNDA:4,commitTransferOwnership
FNDA:4,applyTransferOwnership
DA:37,56
DA:41,52
DA:45,327
DA:53,89
DA:54,89
DA:55,89
DA:56,89
DA:64,236
DA:65,236
DA:66,236
DA:67,236
DA:68,236
DA:69,236
DA:78,130
DA:79,130
DA:80,130
DA:81,130
DA:90,44
DA:91,44
DA:92,44
DA:101,45
DA:102,43
DA:104,2
DA:119,221
DA:128,678
DA:136,0
DA:147,4
DA:148,4
DA:150,4
DA:151,4
DA:152,4
DA:154,4
DA:161,4
DA:165,4
DA:167,2
DA:168,2
DA:170,2
DA:172,2
LF:38
LH:37
BRDA:37,1,0,52
BRDA:37,1,1,4
BRDA:53,2,0,89
BRDA:53,2,1,0
BRDA:54,3,0,89
BRDA:54,3,1,0
BRDA:64,4,0,236
BRDA:64,4,1,0
BRDA:65,5,0,236
BRDA:65,5,1,0
BRDA:66,6,0,236
BRDA:66,6,1,0
BRDA:78,7,0,130
BRDA:78,7,1,0
BRDA:90,8,0,44
BRDA:90,8,1,0
BRDA:101,9,0,43
BRDA:101,9,1,2
BRDA:147,10,0,4
BRDA:147,10,1,0
BRDA:148,11,0,4
BRDA:148,11,1,0
BRDA:161,12,0,4
BRDA:161,12,1,0
BRDA:165,13,0,2
BRDA:165,13,1,2
BRF:26
BRH:16
end_of_record
TN:
SF:/Users/kohshiba/Desktop/monorepo/InsureDAO-contract/contracts/Vault.sol
FN:44,onlyOwner
FN:52,constructor
FN:75,addValue
FN:105,withdrawValue
FN:131,transferValue
FN:154,withdrawAttribution
FN:166,withdrawAllAttribution
FN:179,_withdrawAttribution
FN:202,transferAttribution
FN:217,utilize
FN:233,setKeeper
FN:245,attributionOf
FN:253,attributionAll
FN:262,attributionValue
FN:279,underlyingValue
FN:291,valueAll
FN:299,setController
FN:309,_unutilize
FN:318,available
FN:326,getPricePerFullShare
FN:335,withdrawRedundant
FN:359,commitTransferOwnership
FN:373,applyTransferOwnership
FNF:23
FNH:20
FNDA:8,onlyOwner
FNDA:300,constructor
FNDA:292,addValue
FNDA:33,withdrawValue
FNDA:5,transferValue
FNDA:0,withdrawAttribution
FNDA:2,withdrawAllAttribution
FNDA:2,_withdrawAttribution
FNDA:7,transferAttribution
FNDA:5,utilize
FNDA:2,setKeeper
FNDA:1,attributionOf
FNDA:0,attributionAll
FNDA:1115,attributionValue
FNDA:525,underlyingValue
FNDA:806,valueAll
FNDA:0,setController
FNDA:2,_unutilize
FNDA:40,available
FNDA:2,getPricePerFullShare
FNDA:2,withdrawRedundant
FNDA:2,commitTransferOwnership
FNDA:2,applyTransferOwnership
DA:45,8
DA:49,6
DA:57,300
DA:58,300
DA:59,300
DA:60,300
DA:80,292
DA:84,292
DA:85,74
DA:87,218
DA:88,218
DA:90,292
DA:91,292
DA:92,292
DA:93,292
DA:109,33
DA:114,33
DA:115,33
DA:116,33
DA:117,33
DA:118,0
DA:119,0
DA:121,33
DA:122,33
DA:132,5
DA:137,5
DA:140,5
DA:143,5
DA:158,0
DA:170,2
DA:183,2
DA:187,2
DA:188,2
DA:189,2
DA:190,2
DA:191,2
DA:193,2
DA:194,2
DA:205,7
DA:209,7
DA:210,7
DA:218,5
DA:219,3
DA:221,3
DA:222,3
DA:223,3
DA:224,3
DA:225,3
DA:234,2
DA:235,2
DA:246,1
DA:254,0
DA:267,1115
DA:268,192
DA:270,923
DA:280,525
DA:281,344
DA:283,181
DA:292,806
DA:300,0
DA:301,0
DA:302,0
DA:310,2
DA:311,2
DA:319,40
DA:327,2
DA:336,2
DA:337,2
DA:340,1
DA:341,1
DA:343,1
DA:360,2
DA:361,2
DA:363,2
DA:364,2
DA:365,2
DA:367,2
DA:374,2
DA:378,2
DA:380,1
DA:381,1
DA:383,1
DA:385,1
LF:83
LH:76
BRDA:45,1,0,6
BRDA:45,1,1,2
BRDA:80,2,0,292
BRDA:80,2,1,0
BRDA:84,3,0,74
BRDA:84,3,1,218
BRDA:109,4,0,33
BRDA:109,4,1,0
BRDA:117,5,0,0
BRDA:117,5,1,33
BRDA:132,6,0,5
BRDA:132,6,1,0
BRDA:183,7,0,2
BRDA:183,7,1,0
BRDA:189,8,0,2
BRDA:189,8,1,0
BRDA:205,9,0,7
BRDA:205,9,1,0
BRDA:218,10,0,3
BRDA:218,10,1,2
BRDA:219,11,0,1
BRDA:219,11,1,2
BRDA:222,12,0,3
BRDA:222,12,1,0
BRDA:234,13,0,2
BRDA:234,13,1,0
BRDA:267,14,0,192
BRDA:267,14,1,923
BRDA:280,15,0,344
BRDA:280,15,1,181
BRDA:336,16,0,2
BRDA:336,16,1,0
BRDA:337,17,0,1
BRDA:337,17,1,1
BRDA:342,18,0,1
BRDA:342,18,1,0
BRDA:360,19,0,2
BRDA:360,19,1,0
BRDA:361,20,0,2
BRDA:361,20,1,0
BRDA:374,21,0,2
BRDA:374,21,1,0
BRDA:378,22,0,1
BRDA:378,22,1,1
BRF:44
BRH:30
end_of_record
